                      :-) GROMACS - gmx mdrun, 2020.4 (-:

                            GROMACS is written by:
     Emile Apol      Rossen Apostolov      Paul Bauer     Herman J.C. Berendsen
    Par Bjelkmar      Christian Blau   Viacheslav Bolnykh     Kevin Boyd    
 Aldert van Buuren   Rudi van Drunen     Anton Feenstra       Alan Gray     
  Gerrit Groenhof     Anca Hamuraru    Vincent Hindriksen  M. Eric Irrgang  
  Aleksei Iupinov   Christoph Junghans     Joe Jordan     Dimitrios Karkoulis
    Peter Kasson        Jiri Kraus      Carsten Kutzner      Per Larsson    
  Justin A. Lemkul    Viveca Lindahl    Magnus Lundborg     Erik Marklund   
    Pascal Merz     Pieter Meulenhoff    Teemu Murtola       Szilard Pall   
    Sander Pronk      Roland Schulz      Michael Shirts    Alexey Shvetsov  
   Alfons Sijbers     Peter Tieleman      Jon Vincent      Teemu Virolainen 
 Christian Wennberg    Maarten Wolf      Artem Zhmurov   
                           and the project leaders:
        Mark Abraham, Berk Hess, Erik Lindahl, and David van der Spoel

Copyright (c) 1991-2000, University of Groningen, The Netherlands.
Copyright (c) 2001-2019, The GROMACS development team at
Uppsala University, Stockholm University and
the Royal Institute of Technology, Sweden.
check out http://www.gromacs.org for more information.

GROMACS is free software; you can redistribute it and/or modify it
under the terms of the GNU Lesser General Public License
as published by the Free Software Foundation; either version 2.1
of the License, or (at your option) any later version.

GROMACS:      gmx mdrun, version 2020.4
Executable:   /share/apps/gromacs/2020.4/openmpi/intel/bin/gmx_mpi
Data prefix:  /share/apps/gromacs/2020.4/openmpi/intel
Working dir:  /scratch/work/courses/CHEM-GA-2671-2022fa/kjt9860/comp-lab-class/Week3/50ns
Process ID:   2257522
Command line:
  gmx_mpi mdrun -deffnm npt

GROMACS version:    2020.4
Verified release checksum is 79c2857291b034542c26e90512b92fd4b184a1c9d6fa59c55f2e24ccf14e7281
Precision:          single
Memory model:       64 bit
MPI library:        MPI
OpenMP support:     disabled
GPU support:        disabled
SIMD instructions:  AVX_512
FFT library:        Intel MKL
RDTSCP usage:       enabled
TNG support:        enabled
Hwloc support:      disabled
Tracing support:    disabled
C compiler:         /share/apps/openmpi/4.0.5/intel/bin/mpicc Intel 19.1.2.20200623
C compiler flags:   -xCORE-AVX512 -qopt-zmm-usage=high -mkl=sequential -wd3180 -std=gnu99 -ip -funroll-all-loops -alias-const -ansi-alias -no-prec-div -fimf-domain-exclusion=14 -qoverride-limits -O3 -DNDEBUG
C++ compiler:       /share/apps/openmpi/4.0.5/intel/bin/mpicxx Intel 19.1.2.20200623
C++ compiler flags: -xCORE-AVX512 -qopt-zmm-usage=high -mkl=sequential -wd3180 -ip -funroll-all-loops -alias-const -ansi-alias -no-prec-div -fimf-domain-exclusion=14 -qoverride-limits -O3 -DNDEBUG


Running on 1 node with total 48 cores, 48 logical cores
Hardware detected on host cs360.hpc.nyu.edu (the node of MPI rank 0):
  CPU info:
    Vendor: Intel
    Brand:  Intel(R) Xeon(R) Platinum 8268 CPU @ 2.90GHz
    Family: 6   Model: 85   Stepping: 7
    Features: aes apic avx avx2 avx512f avx512cd avx512bw avx512vl clfsh cmov cx8 cx16 f16c fma htt intel lahf mmx msr nonstop_tsc pcid pclmuldq pdcm pdpe1gb popcnt pse rdrnd rdtscp sse2 sse3 sse4.1 sse4.2 ssse3 tdt x2apic
    Number of AVX-512 FMA units: 2
  Hardware topology: Only logical processor count


++++ PLEASE READ AND CITE THE FOLLOWING REFERENCE ++++
M. J. Abraham, T. Murtola, R. Schulz, S. Páll, J. C. Smith, B. Hess, E.
Lindahl
GROMACS: High performance molecular simulations through multi-level
parallelism from laptops to supercomputers
SoftwareX 1 (2015) pp. 19-25
-------- -------- --- Thank You --- -------- --------


++++ PLEASE READ AND CITE THE FOLLOWING REFERENCE ++++
S. Páll, M. J. Abraham, C. Kutzner, B. Hess, E. Lindahl
Tackling Exascale Software Challenges in Molecular Dynamics Simulations with
GROMACS
In S. Markidis & E. Laure (Eds.), Solving Software Challenges for Exascale 8759 (2015) pp. 3-27
-------- -------- --- Thank You --- -------- --------


++++ PLEASE READ AND CITE THE FOLLOWING REFERENCE ++++
S. Pronk, S. Páll, R. Schulz, P. Larsson, P. Bjelkmar, R. Apostolov, M. R.
Shirts, J. C. Smith, P. M. Kasson, D. van der Spoel, B. Hess, and E. Lindahl
GROMACS 4.5: a high-throughput and highly parallel open source molecular
simulation toolkit
Bioinformatics 29 (2013) pp. 845-54
-------- -------- --- Thank You --- -------- --------


++++ PLEASE READ AND CITE THE FOLLOWING REFERENCE ++++
B. Hess and C. Kutzner and D. van der Spoel and E. Lindahl
GROMACS 4: Algorithms for highly efficient, load-balanced, and scalable
molecular simulation
J. Chem. Theory Comput. 4 (2008) pp. 435-447
-------- -------- --- Thank You --- -------- --------


++++ PLEASE READ AND CITE THE FOLLOWING REFERENCE ++++
D. van der Spoel, E. Lindahl, B. Hess, G. Groenhof, A. E. Mark and H. J. C.
Berendsen
GROMACS: Fast, Flexible and Free
J. Comp. Chem. 26 (2005) pp. 1701-1719
-------- -------- --- Thank You --- -------- --------


++++ PLEASE READ AND CITE THE FOLLOWING REFERENCE ++++
E. Lindahl and B. Hess and D. van der Spoel
GROMACS 3.0: A package for molecular simulation and trajectory analysis
J. Mol. Mod. 7 (2001) pp. 306-317
-------- -------- --- Thank You --- -------- --------


++++ PLEASE READ AND CITE THE FOLLOWING REFERENCE ++++
H. J. C. Berendsen, D. van der Spoel and R. van Drunen
GROMACS: A message-passing parallel molecular dynamics implementation
Comp. Phys. Comm. 91 (1995) pp. 43-56
-------- -------- --- Thank You --- -------- --------


++++ PLEASE CITE THE DOI FOR THIS VERSION OF GROMACS ++++
https://doi.org/10.5281/zenodo.4054979
-------- -------- --- Thank You --- -------- --------

Input Parameters:
   integrator                     = md
   tinit                          = 0
   dt                             = 0.002
   nsteps                         = 50000
   init-step                      = 0
   simulation-part                = 1
   comm-mode                      = Linear
   nstcomm                        = 100
   bd-fric                        = 0
   ld-seed                        = 1879367506
   emtol                          = 10
   emstep                         = 0.01
   niter                          = 20
   fcstep                         = 0
   nstcgsteep                     = 1000
   nbfgscorr                      = 10
   rtpi                           = 0.05
   nstxout                        = 500
   nstvout                        = 500
   nstfout                        = 0
   nstlog                         = 500
   nstcalcenergy                  = 100
   nstenergy                      = 500
   nstxout-compressed             = 0
   compressed-x-precision         = 1000
   cutoff-scheme                  = Verlet
   nstlist                        = 10
   pbc                            = xyz
   periodic-molecules             = false
   verlet-buffer-tolerance        = 0.005
   rlist                          = 1
   coulombtype                    = PME
   coulomb-modifier               = Potential-shift
   rcoulomb-switch                = 0
   rcoulomb                       = 1
   epsilon-r                      = 1
   epsilon-rf                     = inf
   vdw-type                       = Cut-off
   vdw-modifier                   = Potential-shift
   rvdw-switch                    = 0
   rvdw                           = 1
   DispCorr                       = EnerPres
   table-extension                = 1
   fourierspacing                 = 0.16
   fourier-nx                     = 44
   fourier-ny                     = 44
   fourier-nz                     = 44
   pme-order                      = 4
   ewald-rtol                     = 1e-05
   ewald-rtol-lj                  = 0.001
   lj-pme-comb-rule               = Geometric
   ewald-geometry                 = 0
   epsilon-surface                = 0
   tcoupl                         = V-rescale
   nsttcouple                     = 10
   nh-chain-length                = 0
   print-nose-hoover-chain-variables = false
   pcoupl                         = Parrinello-Rahman
   pcoupltype                     = Isotropic
   nstpcouple                     = 10
   tau-p                          = 2
   compressibility (3x3):
      compressibility[    0]={ 4.50000e-05,  0.00000e+00,  0.00000e+00}
      compressibility[    1]={ 0.00000e+00,  4.50000e-05,  0.00000e+00}
      compressibility[    2]={ 0.00000e+00,  0.00000e+00,  4.50000e-05}
   ref-p (3x3):
      ref-p[    0]={ 1.00000e+00,  0.00000e+00,  0.00000e+00}
      ref-p[    1]={ 0.00000e+00,  1.00000e+00,  0.00000e+00}
      ref-p[    2]={ 0.00000e+00,  0.00000e+00,  1.00000e+00}
   refcoord-scaling               = COM
   posres-com (3):
      posres-com[0]= 4.97051e-01
      posres-com[1]= 5.01970e-01
      posres-com[2]= 4.99637e-01
   posres-comB (3):
      posres-comB[0]= 4.97051e-01
      posres-comB[1]= 5.01970e-01
      posres-comB[2]= 4.99637e-01
   QMMM                           = false
   QMconstraints                  = 0
   QMMMscheme                     = 0
   MMChargeScaleFactor            = 1
qm-opts:
   ngQM                           = 0
   constraint-algorithm           = Lincs
   continuation                   = true
   Shake-SOR                      = false
   shake-tol                      = 0.0001
   lincs-order                    = 4
   lincs-iter                     = 1
   lincs-warnangle                = 30
   nwall                          = 0
   wall-type                      = 9-3
   wall-r-linpot                  = -1
   wall-atomtype[0]               = -1
   wall-atomtype[1]               = -1
   wall-density[0]                = 0
   wall-density[1]                = 0
   wall-ewald-zfac                = 3
   pull                           = false
   awh                            = false
   rotation                       = false
   interactiveMD                  = false
   disre                          = No
   disre-weighting                = Conservative
   disre-mixed                    = false
   dr-fc                          = 1000
   dr-tau                         = 0
   nstdisreout                    = 100
   orire-fc                       = 0
   orire-tau                      = 0
   nstorireout                    = 100
   free-energy                    = no
   cos-acceleration               = 0
   deform (3x3):
      deform[    0]={ 0.00000e+00,  0.00000e+00,  0.00000e+00}
      deform[    1]={ 0.00000e+00,  0.00000e+00,  0.00000e+00}
      deform[    2]={ 0.00000e+00,  0.00000e+00,  0.00000e+00}
   simulated-tempering            = false
   swapcoords                     = no
   userint1                       = 0
   userint2                       = 0
   userint3                       = 0
   userint4                       = 0
   userreal1                      = 0
   userreal2                      = 0
   userreal3                      = 0
   userreal4                      = 0
   applied-forces:
     electric-field:
       x:
         E0                       = 0
         omega                    = 0
         t0                       = 0
         sigma                    = 0
       y:
         E0                       = 0
         omega                    = 0
         t0                       = 0
         sigma                    = 0
       z:
         E0                       = 0
         omega                    = 0
         t0                       = 0
         sigma                    = 0
     density-guided-simulation:
       active                     = false
       group                      = protein
       similarity-measure         = inner-product
       atom-spreading-weight      = unity
       force-constant             = 1e+09
       gaussian-transform-spreading-width = 0.2
       gaussian-transform-spreading-range-in-multiples-of-width = 4
       reference-density-filename = reference.mrc
       nst                        = 1
       normalize-densities        = true
       adaptive-force-scaling     = false
       adaptive-force-scaling-time-constant = 4
grpopts:
   nrdf:     4920.79     63837.2
   ref-t:         300         300
   tau-t:         0.1         0.1
annealing:          No          No
annealing-npoints:           0           0
   acc:	           0           0           0
   nfreeze:           N           N           N
   energygrp-flags[  0]: 0

Changing nstlist from 10 to 50, rlist from 1 to 1.115


Initializing Domain Decomposition on 48 ranks
Dynamic load balancing: auto
Using update groups, nr 11645, average size 2.9 atoms, max. radius 0.103 nm
Minimum cell size due to atom displacement: 0.398 nm
Initial maximum distances in bonded interactions:
    two-body bonded interactions: 0.463 nm, LJ-14, atoms 1156 1405
  multi-body bonded interactions: 0.463 nm, Ryckaert-Bell., atoms 1156 1405
Minimum cell size due to bonded interactions: 0.510 nm
Scaling the initial minimum size with 1/0.8 (option -dds) = 1.25
Guess for relative PME load: 0.23
Will use 36 particle-particle and 12 PME only ranks
This is a guess, check the performance at the end of the log file
Using 12 separate PME ranks, as guessed by mdrun
Optimizing the DD grid for 36 cells with a minimum initial size of 0.637 nm
The maximum allowed number of cells is: X 11 Y 11 Z 11
Domain decomposition grid 4 x 3 x 3, separate PME ranks 12
PME domain decomposition: 4 x 3 x 1
Interleaving PP and PME ranks
This rank does only particle-particle work.
Domain decomposition rank 0, coordinates 0 0 0

The initial number of communication pulses is: X 1 Y 1 Z 1
The initial domain decomposition cell size is: X 1.75 nm Y 2.34 nm Z 2.34 nm

The maximum allowed distance for atom groups involved in interactions is:
                 non-bonded interactions           1.322 nm
(the following are initial values, they could change due to box deformation)
            two-body bonded interactions  (-rdd)   1.322 nm
          multi-body bonded interactions  (-rdd)   1.322 nm

When dynamic load balancing gets turned on, these settings will change to:
The maximum number of communication pulses is: X 1 Y 1 Z 1
The minimum size for domain decomposition cells is 1.322 nm
The requested allowed shrink of DD cells (option -dds) is: 0.80
The allowed shrink of domain decomposition cells is: X 0.75 Y 0.57 Z 0.57
The maximum allowed distance for atom groups involved in interactions is:
                 non-bonded interactions           1.322 nm
            two-body bonded interactions  (-rdd)   1.322 nm
          multi-body bonded interactions  (-rdd)   1.322 nm

Using 48 MPI processes

Non-default thread affinity set, disabling internal thread affinity
System total charge: -0.000
Will do PME sum in reciprocal space for electrostatic interactions.

++++ PLEASE READ AND CITE THE FOLLOWING REFERENCE ++++
U. Essmann, L. Perera, M. L. Berkowitz, T. Darden, H. Lee and L. G. Pedersen 
A smooth particle mesh Ewald method
J. Chem. Phys. 103 (1995) pp. 8577-8592
-------- -------- --- Thank You --- -------- --------

Using a Gaussian width (1/beta) of 0.320163 nm for Ewald
Potential shift: LJ r^-12: -1.000e+00 r^-6: -1.000e+00, Ewald -1.000e-05
Initialized non-bonded Ewald tables, spacing: 9.33e-04 size: 1073

Generated table with 1057 data points for 1-4 COUL.
Tabscale = 500 points/nm
Generated table with 1057 data points for 1-4 LJ6.
Tabscale = 500 points/nm
Generated table with 1057 data points for 1-4 LJ12.
Tabscale = 500 points/nm

Using SIMD 4x8 nonbonded short-range kernels

Using a dual 4x8 pair-list setup updated with dynamic pruning:
  outer list: updated every 50 steps, buffer 0.115 nm, rlist 1.115 nm
  inner list: updated every 12 steps, buffer 0.002 nm, rlist 1.002 nm
At tolerance 0.005 kJ/mol/ps per atom, equivalent classical 1x1 list would be:
  outer list: updated every 50 steps, buffer 0.243 nm, rlist 1.243 nm
  inner list: updated every 12 steps, buffer 0.047 nm, rlist 1.047 nm

Using geometric Lennard-Jones combination rule

Long Range LJ corr.: <C6> 3.1923e-04


Initializing LINear Constraint Solver

++++ PLEASE READ AND CITE THE FOLLOWING REFERENCE ++++
B. Hess and H. Bekker and H. J. C. Berendsen and J. G. E. M. Fraaije
LINCS: A Linear Constraint Solver for molecular simulations
J. Comp. Chem. 18 (1997) pp. 1463-1472
-------- -------- --- Thank You --- -------- --------

The number of constraints is 959

++++ PLEASE READ AND CITE THE FOLLOWING REFERENCE ++++
S. Miyamoto and P. A. Kollman
SETTLE: An Analytical Version of the SHAKE and RATTLE Algorithms for Rigid
Water Models
J. Comp. Chem. 13 (1992) pp. 952-962
-------- -------- --- Thank You --- -------- --------


Linking all bonded interactions to atoms

Intra-simulation communication will occur every 10 steps.

++++ PLEASE READ AND CITE THE FOLLOWING REFERENCE ++++
G. Bussi, D. Donadio and M. Parrinello
Canonical sampling through velocity rescaling
J. Chem. Phys. 126 (2007) pp. 014101
-------- -------- --- Thank You --- -------- --------

There are: 33876 Atoms
Atom distribution over 36 domains: av 941 stddev 27 min 897 max 1023
Center of mass motion removal mode is Linear
We have the following groups for center of mass motion removal:
  0:  rest

Started mdrun on rank 0 Wed Oct 12 16:05:59 2022

           Step           Time
              0        0.00000

   Energies (kJ/mol)
           Bond          Angle    Proper Dih. Ryckaert-Bell.          LJ-14
    1.45965e+03    3.75321e+03    2.42642e+02    1.87539e+03    2.70107e+03
     Coulomb-14        LJ (SR)  Disper. corr.   Coulomb (SR)   Coul. recip.
    7.64869e+03    9.10524e+04   -4.44920e+03   -6.29663e+05    2.99613e+03
 Position Rest.      Potential    Kinetic En.   Total Energy  Conserved En.
    1.23956e-01   -5.22383e+05    8.58462e+04   -4.36536e+05   -4.36516e+05
    Temperature Pres. DC (bar) Pressure (bar)   Constr. rmsd
    3.00327e+02   -2.14729e+02   -5.13962e+02    2.67649e-06


DD  step 49 load imb.: force 12.2%  pme mesh/force 1.009

step 150 Turning on dynamic load balancing, because the performance loss due to load imbalance is 2.3 %.

DD  step 499  vol min/aver 0.707  load imb.: force 20.6%  pme mesh/force 0.976
           Step           Time
            500        1.00000

   Energies (kJ/mol)
           Bond          Angle    Proper Dih. Ryckaert-Bell.          LJ-14
    1.40965e+03    3.84842e+03    2.13894e+02    1.81644e+03    2.64620e+03
     Coulomb-14        LJ (SR)  Disper. corr.   Coulomb (SR)   Coul. recip.
    7.77378e+03    9.28667e+04   -4.53451e+03   -6.33886e+05    2.87924e+03
 Position Rest.      Potential    Kinetic En.   Total Energy  Conserved En.
    4.09070e+02   -5.24557e+05    8.53419e+04   -4.39215e+05   -4.36502e+05
    Temperature Pres. DC (bar) Pressure (bar)   Constr. rmsd
    2.98562e+02   -2.23031e+02   -2.10071e+02    3.07393e-06


DD  step 999  vol min/aver 0.650  load imb.: force  4.6%  pme mesh/force 0.970
           Step           Time
           1000        2.00000

   Energies (kJ/mol)
           Bond          Angle    Proper Dih. Ryckaert-Bell.          LJ-14
    1.42185e+03    3.85698e+03    2.46212e+02    1.87411e+03    2.70721e+03
     Coulomb-14        LJ (SR)  Disper. corr.   Coulomb (SR)   Coul. recip.
    7.80848e+03    9.42470e+04   -4.55731e+03   -6.34080e+05    2.92783e+03
 Position Rest.      Potential    Kinetic En.   Total Energy  Conserved En.
    4.65100e+02   -5.23082e+05    8.49903e+04   -4.38092e+05   -4.36470e+05
    Temperature Pres. DC (bar) Pressure (bar)   Constr. rmsd
    2.97332e+02   -2.25277e+02    2.04018e+02    2.88287e-06


DD  step 1499  vol min/aver 0.630  load imb.: force  3.6%  pme mesh/force 0.942
           Step           Time
           1500        3.00000

   Energies (kJ/mol)
           Bond          Angle    Proper Dih. Ryckaert-Bell.          LJ-14
    1.47657e+03    3.75384e+03    2.03171e+02    1.92194e+03    2.66917e+03
     Coulomb-14        LJ (SR)  Disper. corr.   Coulomb (SR)   Coul. recip.
    7.79293e+03    9.31161e+04   -4.56195e+03   -6.34250e+05    2.93105e+03
 Position Rest.      Potential    Kinetic En.   Total Energy  Conserved En.
    4.15365e+02   -5.24532e+05    8.54183e+04   -4.39114e+05   -4.36487e+05
    Temperature Pres. DC (bar) Pressure (bar)   Constr. rmsd
    2.98829e+02   -2.25736e+02    5.23141e+00    2.80542e-06


DD  step 1999  vol min/aver 0.622  load imb.: force  3.6%  pme mesh/force 0.937
           Step           Time
           2000        4.00000

   Energies (kJ/mol)
           Bond          Angle    Proper Dih. Ryckaert-Bell.          LJ-14
    1.41996e+03    3.70282e+03    2.78817e+02    1.86145e+03    2.71302e+03
     Coulomb-14        LJ (SR)  Disper. corr.   Coulomb (SR)   Coul. recip.
    7.78287e+03    9.32491e+04   -4.56611e+03   -6.33756e+05    2.89323e+03
 Position Rest.      Potential    Kinetic En.   Total Energy  Conserved En.
    4.13658e+02   -5.24007e+05    8.71168e+04   -4.36891e+05   -4.36524e+05
    Temperature Pres. DC (bar) Pressure (bar)   Constr. rmsd
    3.04772e+02   -2.26147e+02    4.67787e+01    2.85945e-06


DD  step 2499  vol min/aver 0.660  load imb.: force  4.1%  pme mesh/force 0.950
           Step           Time
           2500        5.00000

   Energies (kJ/mol)
           Bond          Angle    Proper Dih. Ryckaert-Bell.          LJ-14
    1.44106e+03    3.74200e+03    2.46921e+02    1.86052e+03    2.60892e+03
     Coulomb-14        LJ (SR)  Disper. corr.   Coulomb (SR)   Coul. recip.
    7.73088e+03    9.37260e+04   -4.55897e+03   -6.34941e+05    2.92871e+03
 Position Rest.      Potential    Kinetic En.   Total Energy  Conserved En.
    4.20180e+02   -5.24795e+05    8.54060e+04   -4.39389e+05   -4.36474e+05
    Temperature Pres. DC (bar) Pressure (bar)   Constr. rmsd
    2.98786e+02   -2.25441e+02   -7.72877e+01    2.92095e-06


DD  step 2999  vol min/aver 0.663  load imb.: force  4.7%  pme mesh/force 0.956
           Step           Time
           3000        6.00000

   Energies (kJ/mol)
           Bond          Angle    Proper Dih. Ryckaert-Bell.          LJ-14
    1.44212e+03    3.77658e+03    2.62730e+02    1.82354e+03    2.67969e+03
     Coulomb-14        LJ (SR)  Disper. corr.   Coulomb (SR)   Coul. recip.
    7.73245e+03    9.41904e+04   -4.57673e+03   -6.34363e+05    2.89779e+03
 Position Rest.      Potential    Kinetic En.   Total Energy  Conserved En.
    5.34843e+02   -5.23600e+05    8.59709e+04   -4.37629e+05   -4.36476e+05
    Temperature Pres. DC (bar) Pressure (bar)   Constr. rmsd
    3.00763e+02   -2.27199e+02    1.72669e+02    2.93425e-06


DD  step 3499  vol min/aver 0.633  load imb.: force  2.4%  pme mesh/force 0.960
           Step           Time
           3500        7.00000

   Energies (kJ/mol)
           Bond          Angle    Proper Dih. Ryckaert-Bell.          LJ-14
    1.57520e+03    3.74482e+03    2.16394e+02    1.79940e+03    2.62836e+03
     Coulomb-14        LJ (SR)  Disper. corr.   Coulomb (SR)   Coul. recip.
    7.80009e+03    9.40352e+04   -4.56262e+03   -6.35529e+05    3.00607e+03
 Position Rest.      Potential    Kinetic En.   Total Energy  Conserved En.
    4.76066e+02   -5.24810e+05    8.58098e+04   -4.39000e+05   -4.36477e+05
    Temperature Pres. DC (bar) Pressure (bar)   Constr. rmsd
    3.00199e+02   -2.25802e+02    8.00790e+00    2.93460e-06


DD  step 3999  vol min/aver 0.621  load imb.: force  2.6%  pme mesh/force 0.940
           Step           Time
           4000        8.00000

   Energies (kJ/mol)
           Bond          Angle    Proper Dih. Ryckaert-Bell.          LJ-14
    1.52526e+03    3.66759e+03    2.17756e+02    1.75106e+03    2.68345e+03
     Coulomb-14        LJ (SR)  Disper. corr.   Coulomb (SR)   Coul. recip.
    7.76704e+03    9.35284e+04   -4.55344e+03   -6.35035e+05    2.99242e+03
 Position Rest.      Potential    Kinetic En.   Total Energy  Conserved En.
    4.52087e+02   -5.25004e+05    8.53503e+04   -4.39653e+05   -4.36480e+05
    Temperature Pres. DC (bar) Pressure (bar)   Constr. rmsd
    2.98592e+02   -2.24895e+02   -6.67419e+01    2.70937e-06


DD  step 4499  vol min/aver 0.628  load imb.: force  3.2%  pme mesh/force 0.941
           Step           Time
           4500        9.00000

   Energies (kJ/mol)
           Bond          Angle    Proper Dih. Ryckaert-Bell.          LJ-14
    1.38709e+03    3.70688e+03    2.27926e+02    1.82668e+03    2.73420e+03
     Coulomb-14        LJ (SR)  Disper. corr.   Coulomb (SR)   Coul. recip.
    7.89076e+03    9.38999e+04   -4.55821e+03   -6.35423e+05    2.90649e+03
 Position Rest.      Potential    Kinetic En.   Total Energy  Conserved En.
    4.69898e+02   -5.24931e+05    8.48957e+04   -4.40035e+05   -4.36476e+05
    Temperature Pres. DC (bar) Pressure (bar)   Constr. rmsd
    2.97001e+02   -2.25366e+02    5.64479e+01    2.66696e-06


DD  step 4999  vol min/aver 0.637  load imb.: force  4.4%  pme mesh/force 0.946
           Step           Time
           5000       10.00000

   Energies (kJ/mol)
           Bond          Angle    Proper Dih. Ryckaert-Bell.          LJ-14
    1.38238e+03    3.74961e+03    2.53684e+02    1.81919e+03    2.67464e+03
     Coulomb-14        LJ (SR)  Disper. corr.   Coulomb (SR)   Coul. recip.
    7.85330e+03    9.45387e+04   -4.56418e+03   -6.36659e+05    2.90625e+03
 Position Rest.      Potential    Kinetic En.   Total Energy  Conserved En.
    4.67172e+02   -5.25578e+05    8.53863e+04   -4.40192e+05   -4.36481e+05
    Temperature Pres. DC (bar) Pressure (bar)   Constr. rmsd
    2.98717e+02   -2.25956e+02    1.65132e+02    2.83565e-06


DD  step 5499  vol min/aver 0.651  load imb.: force  5.3%  pme mesh/force 0.964
           Step           Time
           5500       11.00000

   Energies (kJ/mol)
           Bond          Angle    Proper Dih. Ryckaert-Bell.          LJ-14
    1.42848e+03    3.91220e+03    2.42989e+02    1.79093e+03    2.64204e+03
     Coulomb-14        LJ (SR)  Disper. corr.   Coulomb (SR)   Coul. recip.
    7.67523e+03    9.30201e+04   -4.53906e+03   -6.33511e+05    2.89802e+03
 Position Rest.      Potential    Kinetic En.   Total Energy  Conserved En.
    4.50007e+02   -5.23990e+05    8.58496e+04   -4.38140e+05   -4.36491e+05
    Temperature Pres. DC (bar) Pressure (bar)   Constr. rmsd
    3.00338e+02   -2.23479e+02   -1.47354e+02    2.86494e-06


DD  step 5999  vol min/aver 0.638  load imb.: force  3.3%  pme mesh/force 0.946
           Step           Time
           6000       12.00000

   Energies (kJ/mol)
           Bond          Angle    Proper Dih. Ryckaert-Bell.          LJ-14
    1.40353e+03    3.56791e+03    2.30028e+02    1.86143e+03    2.61402e+03
     Coulomb-14        LJ (SR)  Disper. corr.   Coulomb (SR)   Coul. recip.
    7.78113e+03    9.41359e+04   -4.54838e+03   -6.35776e+05    2.82131e+03
 Position Rest.      Potential    Kinetic En.   Total Energy  Conserved En.
    4.24124e+02   -5.25485e+05    8.49074e+04   -4.40578e+05   -4.36466e+05
    Temperature Pres. DC (bar) Pressure (bar)   Constr. rmsd
    2.97042e+02   -2.24396e+02    3.38386e+01    2.82972e-06


DD  step 6499  vol min/aver 0.649  load imb.: force  3.6%  pme mesh/force 0.962
           Step           Time
           6500       13.00000

   Energies (kJ/mol)
           Bond          Angle    Proper Dih. Ryckaert-Bell.          LJ-14
    1.46038e+03    3.74374e+03    2.65118e+02    1.87712e+03    2.69766e+03
     Coulomb-14        LJ (SR)  Disper. corr.   Coulomb (SR)   Coul. recip.
    7.76563e+03    9.38851e+04   -4.56857e+03   -6.36259e+05    2.99546e+03
 Position Rest.      Potential    Kinetic En.   Total Energy  Conserved En.
    4.92524e+02   -5.25645e+05    8.53320e+04   -4.40313e+05   -4.36473e+05
    Temperature Pres. DC (bar) Pressure (bar)   Constr. rmsd
    2.98528e+02   -2.26391e+02    6.22356e+01    3.00119e-06


DD  step 6999  vol min/aver 0.652  load imb.: force  4.0%  pme mesh/force 0.930
           Step           Time
           7000       14.00000

   Energies (kJ/mol)
           Bond          Angle    Proper Dih. Ryckaert-Bell.          LJ-14
    1.40612e+03    3.70668e+03    2.50715e+02    1.83270e+03    2.70575e+03
     Coulomb-14        LJ (SR)  Disper. corr.   Coulomb (SR)   Coul. recip.
    7.80110e+03    9.36659e+04   -4.54687e+03   -6.35056e+05    2.94641e+03
 Position Rest.      Potential    Kinetic En.   Total Energy  Conserved En.
    4.83826e+02   -5.24804e+05    8.60638e+04   -4.38740e+05   -4.36477e+05
    Temperature Pres. DC (bar) Pressure (bar)   Constr. rmsd
    3.01088e+02   -2.24247e+02    4.02293e+00    2.94301e-06


DD  step 7499  vol min/aver 0.652  load imb.: force  4.3%  pme mesh/force 0.947
           Step           Time
           7500       15.00000

   Energies (kJ/mol)
           Bond          Angle    Proper Dih. Ryckaert-Bell.          LJ-14
    1.47491e+03    3.52518e+03    2.23463e+02    1.85156e+03    2.70730e+03
     Coulomb-14        LJ (SR)  Disper. corr.   Coulomb (SR)   Coul. recip.
    7.82249e+03    9.36934e+04   -4.54591e+03   -6.35102e+05    2.97554e+03
 Position Rest.      Potential    Kinetic En.   Total Energy  Conserved En.
    4.36850e+02   -5.24937e+05    8.60652e+04   -4.38872e+05   -4.36488e+05
    Temperature Pres. DC (bar) Pressure (bar)   Constr. rmsd
    3.01093e+02   -2.24153e+02   -7.08656e+01    2.67991e-06


DD  step 7999  vol min/aver 0.617  load imb.: force  3.6%  pme mesh/force 0.969
           Step           Time
           8000       16.00000

   Energies (kJ/mol)
           Bond          Angle    Proper Dih. Ryckaert-Bell.          LJ-14
    1.32420e+03    3.79004e+03    2.91806e+02    1.97936e+03    2.71186e+03
     Coulomb-14        LJ (SR)  Disper. corr.   Coulomb (SR)   Coul. recip.
    7.80637e+03    9.38608e+04   -4.55366e+03   -6.36441e+05    2.91733e+03
 Position Rest.      Potential    Kinetic En.   Total Energy  Conserved En.
    4.45927e+02   -5.25867e+05    8.68582e+04   -4.39008e+05   -4.36485e+05
    Temperature Pres. DC (bar) Pressure (bar)   Constr. rmsd
    3.03867e+02   -2.24917e+02    7.66043e+00    2.83934e-06


DD  step 8499  vol min/aver 0.643  load imb.: force  3.1%  pme mesh/force 0.925
           Step           Time
           8500       17.00000

   Energies (kJ/mol)
           Bond          Angle    Proper Dih. Ryckaert-Bell.          LJ-14
    1.43070e+03    3.77840e+03    2.57440e+02    1.85825e+03    2.69630e+03
     Coulomb-14        LJ (SR)  Disper. corr.   Coulomb (SR)   Coul. recip.
    7.74000e+03    9.32136e+04   -4.56671e+03   -6.34856e+05    3.02808e+03
 Position Rest.      Potential    Kinetic En.   Total Energy  Conserved En.
    4.57385e+02   -5.24963e+05    8.58906e+04   -4.39072e+05   -4.36457e+05
    Temperature Pres. DC (bar) Pressure (bar)   Constr. rmsd
    3.00482e+02   -2.26207e+02   -5.19828e+01    2.88367e-06


DD  step 8999  vol min/aver 0.639  load imb.: force  4.0%  pme mesh/force 0.935
           Step           Time
           9000       18.00000

   Energies (kJ/mol)
           Bond          Angle    Proper Dih. Ryckaert-Bell.          LJ-14
    1.39269e+03    3.67952e+03    2.49103e+02    1.92427e+03    2.69934e+03
     Coulomb-14        LJ (SR)  Disper. corr.   Coulomb (SR)   Coul. recip.
    7.76155e+03    9.40973e+04   -4.55549e+03   -6.34849e+05    2.91830e+03
 Position Rest.      Potential    Kinetic En.   Total Energy  Conserved En.
    4.12762e+02   -5.24270e+05    8.47371e+04   -4.39532e+05   -4.36455e+05
    Temperature Pres. DC (bar) Pressure (bar)   Constr. rmsd
    2.96446e+02   -2.25098e+02   -1.76737e+01    2.74705e-06


DD  step 9499  vol min/aver 0.643  load imb.: force  3.0%  pme mesh/force 0.936
           Step           Time
           9500       19.00000

   Energies (kJ/mol)
           Bond          Angle    Proper Dih. Ryckaert-Bell.          LJ-14
    1.44526e+03    3.90784e+03    2.54815e+02    1.72495e+03    2.75648e+03
     Coulomb-14        LJ (SR)  Disper. corr.   Coulomb (SR)   Coul. recip.
    7.83810e+03    9.33237e+04   -4.56095e+03   -6.33486e+05    2.98947e+03
 Position Rest.      Potential    Kinetic En.   Total Energy  Conserved En.
    4.92706e+02   -5.23313e+05    8.59426e+04   -4.37371e+05   -4.36446e+05
    Temperature Pres. DC (bar) Pressure (bar)   Constr. rmsd
    3.00664e+02   -2.25637e+02    4.07054e+01    2.72412e-06


DD  step 9999  vol min/aver 0.654  load imb.: force  3.2%  pme mesh/force 0.949
           Step           Time
          10000       20.00000

   Energies (kJ/mol)
           Bond          Angle    Proper Dih. Ryckaert-Bell.          LJ-14
    1.26898e+03    3.60154e+03    2.48206e+02    1.87919e+03    2.65423e+03
     Coulomb-14        LJ (SR)  Disper. corr.   Coulomb (SR)   Coul. recip.
    7.74353e+03    9.37256e+04   -4.55746e+03   -6.35391e+05    2.91924e+03
 Position Rest.      Potential    Kinetic En.   Total Energy  Conserved En.
    4.56240e+02   -5.25451e+05    8.67094e+04   -4.38742e+05   -4.36485e+05
    Temperature Pres. DC (bar) Pressure (bar)   Constr. rmsd
    3.03346e+02   -2.25293e+02   -3.92205e+01    3.36285e-06


DD  step 10499  vol min/aver 0.645  load imb.: force  2.7%  pme mesh/force 0.946
           Step           Time
          10500       21.00000

   Energies (kJ/mol)
           Bond          Angle    Proper Dih. Ryckaert-Bell.          LJ-14
    1.45940e+03    3.77029e+03    2.67866e+02    1.88741e+03    2.61363e+03
     Coulomb-14        LJ (SR)  Disper. corr.   Coulomb (SR)   Coul. recip.
    7.74061e+03    9.40482e+04   -4.57577e+03   -6.36006e+05    2.86832e+03
 Position Rest.      Potential    Kinetic En.   Total Energy  Conserved En.
    4.62103e+02   -5.25464e+05    8.57888e+04   -4.39675e+05   -4.36446e+05
    Temperature Pres. DC (bar) Pressure (bar)   Constr. rmsd
    3.00126e+02   -2.27104e+02    4.04734e+01    2.47587e-06


DD  step 10999  vol min/aver 0.647  load imb.: force  4.8%  pme mesh/force 0.948
           Step           Time
          11000       22.00000

   Energies (kJ/mol)
           Bond          Angle    Proper Dih. Ryckaert-Bell.          LJ-14
    1.40625e+03    3.70876e+03    2.47989e+02    1.80835e+03    2.63379e+03
     Coulomb-14        LJ (SR)  Disper. corr.   Coulomb (SR)   Coul. recip.
    7.81954e+03    9.33779e+04   -4.54602e+03   -6.34135e+05    2.94371e+03
 Position Rest.      Potential    Kinetic En.   Total Energy  Conserved En.
    4.55099e+02   -5.24279e+05    8.65364e+04   -4.37743e+05   -4.36465e+05
    Temperature Pres. DC (bar) Pressure (bar)   Constr. rmsd
    3.02741e+02   -2.24163e+02   -6.68324e+01    2.70099e-06


DD  step 11499  vol min/aver 0.644  load imb.: force  2.8%  pme mesh/force 0.934
           Step           Time
          11500       23.00000

   Energies (kJ/mol)
           Bond          Angle    Proper Dih. Ryckaert-Bell.          LJ-14
    1.49994e+03    3.79301e+03    2.69253e+02    1.89535e+03    2.65339e+03
     Coulomb-14        LJ (SR)  Disper. corr.   Coulomb (SR)   Coul. recip.
    7.72987e+03    9.31060e+04   -4.55542e+03   -6.34104e+05    3.01555e+03
 Position Rest.      Potential    Kinetic En.   Total Energy  Conserved En.
    4.95032e+02   -5.24202e+05    8.60512e+04   -4.38151e+05   -4.36438e+05
    Temperature Pres. DC (bar) Pressure (bar)   Constr. rmsd
    3.01044e+02   -2.25091e+02   -1.31919e+02    3.28498e-06


DD  step 11999  vol min/aver 0.660  load imb.: force  2.8%  pme mesh/force 0.943
           Step           Time
          12000       24.00000

   Energies (kJ/mol)
           Bond          Angle    Proper Dih. Ryckaert-Bell.          LJ-14
    1.32280e+03    3.78692e+03    2.59411e+02    1.89531e+03    2.70964e+03
     Coulomb-14        LJ (SR)  Disper. corr.   Coulomb (SR)   Coul. recip.
    7.83031e+03    9.31954e+04   -4.56984e+03   -6.34144e+05    3.01355e+03
 Position Rest.      Potential    Kinetic En.   Total Energy  Conserved En.
    4.71762e+02   -5.24229e+05    8.59469e+04   -4.38282e+05   -4.36454e+05
    Temperature Pres. DC (bar) Pressure (bar)   Constr. rmsd
    3.00679e+02   -2.26516e+02   -1.06290e+01    3.32777e-06


DD  step 12499  vol min/aver 0.639  load imb.: force  5.2%  pme mesh/force 0.963
           Step           Time
          12500       25.00000

   Energies (kJ/mol)
           Bond          Angle    Proper Dih. Ryckaert-Bell.          LJ-14
    1.44138e+03    3.80282e+03    2.68256e+02    1.82222e+03    2.65078e+03
     Coulomb-14        LJ (SR)  Disper. corr.   Coulomb (SR)   Coul. recip.
    7.71896e+03    9.41934e+04   -4.54784e+03   -6.34631e+05    2.98916e+03
 Position Rest.      Potential    Kinetic En.   Total Energy  Conserved En.
    4.51373e+02   -5.23840e+05    8.62177e+04   -4.37623e+05   -4.36449e+05
    Temperature Pres. DC (bar) Pressure (bar)   Constr. rmsd
    3.01626e+02   -2.24343e+02    2.29557e+01    2.88705e-06


DD  step 12999  vol min/aver 0.638  load imb.: force  4.0%  pme mesh/force 0.954
           Step           Time
          13000       26.00000

   Energies (kJ/mol)
           Bond          Angle    Proper Dih. Ryckaert-Bell.          LJ-14
    1.45619e+03    3.79542e+03    2.55806e+02    1.84143e+03    2.62081e+03
     Coulomb-14        LJ (SR)  Disper. corr.   Coulomb (SR)   Coul. recip.
    7.66077e+03    9.29656e+04   -4.55524e+03   -6.33200e+05    2.89427e+03
 Position Rest.      Potential    Kinetic En.   Total Energy  Conserved En.
    4.48682e+02   -5.23816e+05    8.55458e+04   -4.38270e+05   -4.36443e+05
    Temperature Pres. DC (bar) Pressure (bar)   Constr. rmsd
    2.99276e+02   -2.25073e+02   -1.64170e+02    3.00990e-06


DD  step 13499  vol min/aver 0.638  load imb.: force  3.8%  pme mesh/force 0.944
           Step           Time
          13500       27.00000

   Energies (kJ/mol)
           Bond          Angle    Proper Dih. Ryckaert-Bell.          LJ-14
    1.48840e+03    3.77846e+03    2.49786e+02    1.89704e+03    2.66382e+03
     Coulomb-14        LJ (SR)  Disper. corr.   Coulomb (SR)   Coul. recip.
    7.74516e+03    9.28630e+04   -4.58042e+03   -6.32735e+05    2.89084e+03
 Position Rest.      Potential    Kinetic En.   Total Energy  Conserved En.
    4.60948e+02   -5.23278e+05    8.53469e+04   -4.37931e+05   -4.36425e+05
    Temperature Pres. DC (bar) Pressure (bar)   Constr. rmsd
    2.98580e+02   -2.27566e+02   -4.46339e+01    2.71908e-06


DD  step 13999  vol min/aver 0.596  load imb.: force  7.4%  pme mesh/force 0.961
           Step           Time
          14000       28.00000

   Energies (kJ/mol)
           Bond          Angle    Proper Dih. Ryckaert-Bell.          LJ-14
    1.55414e+03    3.60122e+03    2.49680e+02    1.79678e+03    2.68170e+03
     Coulomb-14        LJ (SR)  Disper. corr.   Coulomb (SR)   Coul. recip.
    7.78948e+03    9.23523e+04   -4.56225e+03   -6.31295e+05    2.89992e+03
 Position Rest.      Potential    Kinetic En.   Total Energy  Conserved En.
    4.06714e+02   -5.22525e+05    8.49075e+04   -4.37618e+05   -4.36432e+05
    Temperature Pres. DC (bar) Pressure (bar)   Constr. rmsd
    2.97043e+02   -2.25765e+02   -2.80453e+01    2.63506e-06


DD  step 14499  vol min/aver 0.643  load imb.: force  3.1%  pme mesh/force 0.943
           Step           Time
          14500       29.00000

   Energies (kJ/mol)
           Bond          Angle    Proper Dih. Ryckaert-Bell.          LJ-14
    1.53482e+03    3.56861e+03    2.56598e+02    1.83098e+03    2.70530e+03
     Coulomb-14        LJ (SR)  Disper. corr.   Coulomb (SR)   Coul. recip.
    7.64693e+03    9.29490e+04   -4.56390e+03   -6.33384e+05    2.85932e+03
 Position Rest.      Potential    Kinetic En.   Total Energy  Conserved En.
    4.70251e+02   -5.24126e+05    8.60230e+04   -4.38103e+05   -4.36434e+05
    Temperature Pres. DC (bar) Pressure (bar)   Constr. rmsd
    3.00945e+02   -2.25929e+02    1.53017e+01    3.21076e-06


DD  step 14999  vol min/aver 0.627  load imb.: force  6.7%  pme mesh/force 0.956
           Step           Time
          15000       30.00000

   Energies (kJ/mol)
           Bond          Angle    Proper Dih. Ryckaert-Bell.          LJ-14
    1.38521e+03    3.83266e+03    2.34360e+02    1.79753e+03    2.69661e+03
     Coulomb-14        LJ (SR)  Disper. corr.   Coulomb (SR)   Coul. recip.
    7.80269e+03    9.37046e+04   -4.53736e+03   -6.34157e+05    3.00503e+03
 Position Rest.      Potential    Kinetic En.   Total Energy  Conserved En.
    4.45296e+02   -5.23790e+05    8.65906e+04   -4.37200e+05   -4.36440e+05
    Temperature Pres. DC (bar) Pressure (bar)   Constr. rmsd
    3.02931e+02   -2.23311e+02    1.07189e+02    2.53967e-06


DD  step 15499  vol min/aver 0.630  load imb.: force  3.0%  pme mesh/force 0.952
           Step           Time
          15500       31.00000

   Energies (kJ/mol)
           Bond          Angle    Proper Dih. Ryckaert-Bell.          LJ-14
    1.47078e+03    3.70804e+03    2.40464e+02    1.80719e+03    2.66871e+03
     Coulomb-14        LJ (SR)  Disper. corr.   Coulomb (SR)   Coul. recip.
    7.78316e+03    9.45413e+04   -4.55017e+03   -6.36017e+05    2.95408e+03
 Position Rest.      Potential    Kinetic En.   Total Energy  Conserved En.
    4.67423e+02   -5.24926e+05    8.62154e+04   -4.38710e+05   -4.36412e+05
    Temperature Pres. DC (bar) Pressure (bar)   Constr. rmsd
    3.01618e+02   -2.24573e+02    3.59985e+01    3.07744e-06


DD  step 15999  vol min/aver 0.666  load imb.: force  2.7%  pme mesh/force 0.969
           Step           Time
          16000       32.00000

   Energies (kJ/mol)
           Bond          Angle    Proper Dih. Ryckaert-Bell.          LJ-14
    1.44610e+03    3.74788e+03    2.63310e+02    1.82254e+03    2.70843e+03
     Coulomb-14        LJ (SR)  Disper. corr.   Coulomb (SR)   Coul. recip.
    7.73341e+03    9.34262e+04   -4.54861e+03   -6.34982e+05    2.92809e+03
 Position Rest.      Potential    Kinetic En.   Total Energy  Conserved En.
    3.84651e+02   -5.25070e+05    8.48614e+04   -4.40208e+05   -4.36409e+05
    Temperature Pres. DC (bar) Pressure (bar)   Constr. rmsd
    2.96881e+02   -2.24419e+02    1.60161e+02    2.96345e-06


DD  step 16499  vol min/aver 0.653  load imb.: force  5.4%  pme mesh/force 0.935
           Step           Time
          16500       33.00000

   Energies (kJ/mol)
           Bond          Angle    Proper Dih. Ryckaert-Bell.          LJ-14
    1.44824e+03    3.64834e+03    2.34069e+02    1.84099e+03    2.66853e+03
     Coulomb-14        LJ (SR)  Disper. corr.   Coulomb (SR)   Coul. recip.
    7.75431e+03    9.22201e+04   -4.54324e+03   -6.33212e+05    2.92654e+03
 Position Rest.      Potential    Kinetic En.   Total Energy  Conserved En.
    4.45538e+02   -5.24568e+05    8.55857e+04   -4.38982e+05   -4.36434e+05
    Temperature Pres. DC (bar) Pressure (bar)   Constr. rmsd
    2.99415e+02   -2.23890e+02   -1.85989e+02    2.85084e-06


DD  step 16999  vol min/aver 0.635  load imb.: force  4.4%  pme mesh/force 0.936
           Step           Time
          17000       34.00000

   Energies (kJ/mol)
           Bond          Angle    Proper Dih. Ryckaert-Bell.          LJ-14
    1.39505e+03    3.86975e+03    2.49800e+02    1.86072e+03    2.65435e+03
     Coulomb-14        LJ (SR)  Disper. corr.   Coulomb (SR)   Coul. recip.
    7.73569e+03    9.35974e+04   -4.55633e+03   -6.34890e+05    2.93169e+03
 Position Rest.      Potential    Kinetic En.   Total Energy  Conserved En.
    4.57930e+02   -5.24694e+05    8.59645e+04   -4.38730e+05   -4.36424e+05
    Temperature Pres. DC (bar) Pressure (bar)   Constr. rmsd
    3.00740e+02   -2.25181e+02    1.02425e+02    2.98704e-06


DD  step 17499  vol min/aver 0.670  load imb.: force  4.1%  pme mesh/force 0.948
           Step           Time
          17500       35.00000

   Energies (kJ/mol)
           Bond          Angle    Proper Dih. Ryckaert-Bell.          LJ-14
    1.55452e+03    3.75381e+03    2.36706e+02    1.88778e+03    2.70915e+03
     Coulomb-14        LJ (SR)  Disper. corr.   Coulomb (SR)   Coul. recip.
    7.81570e+03    9.35087e+04   -4.55089e+03   -6.34157e+05    2.90755e+03
 Position Rest.      Potential    Kinetic En.   Total Energy  Conserved En.
    4.57603e+02   -5.23876e+05    8.52550e+04   -4.38621e+05   -4.36404e+05
    Temperature Pres. DC (bar) Pressure (bar)   Constr. rmsd
    2.98258e+02   -2.24644e+02    4.92391e+01    3.10596e-06


DD  step 17999  vol min/aver 0.635  load imb.: force  1.8%  pme mesh/force 0.942
           Step           Time
          18000       36.00000

   Energies (kJ/mol)
           Bond          Angle    Proper Dih. Ryckaert-Bell.          LJ-14
    1.40968e+03    3.77486e+03    2.59992e+02    1.79456e+03    2.69658e+03
     Coulomb-14        LJ (SR)  Disper. corr.   Coulomb (SR)   Coul. recip.
    7.71091e+03    9.40725e+04   -4.57327e+03   -6.34783e+05    2.84825e+03
 Position Rest.      Potential    Kinetic En.   Total Energy  Conserved En.
    4.61237e+02   -5.24328e+05    8.63513e+04   -4.37977e+05   -4.36420e+05
    Temperature Pres. DC (bar) Pressure (bar)   Constr. rmsd
    3.02094e+02   -2.26856e+02    1.90455e+02    3.24487e-06


DD  step 18499  vol min/aver 0.618  load imb.: force  2.3%  pme mesh/force 0.947
           Step           Time
          18500       37.00000

   Energies (kJ/mol)
           Bond          Angle    Proper Dih. Ryckaert-Bell.          LJ-14
    1.44184e+03    3.74144e+03    2.61659e+02    1.85210e+03    2.66210e+03
     Coulomb-14        LJ (SR)  Disper. corr.   Coulomb (SR)   Coul. recip.
    7.75945e+03    9.28254e+04   -4.56360e+03   -6.32664e+05    2.93841e+03
 Position Rest.      Potential    Kinetic En.   Total Energy  Conserved En.
    4.51936e+02   -5.23294e+05    8.54377e+04   -4.37856e+05   -4.36408e+05
    Temperature Pres. DC (bar) Pressure (bar)   Constr. rmsd
    2.98897e+02   -2.25899e+02   -5.46393e+01    2.93026e-06


DD  step 18999  vol min/aver 0.656  load imb.: force  3.3%  pme mesh/force 0.949
           Step           Time
          19000       38.00000

   Energies (kJ/mol)
           Bond          Angle    Proper Dih. Ryckaert-Bell.          LJ-14
    1.44703e+03    3.83704e+03    2.36107e+02    1.85865e+03    2.63506e+03
     Coulomb-14        LJ (SR)  Disper. corr.   Coulomb (SR)   Coul. recip.
    7.74229e+03    9.25534e+04   -4.55177e+03   -6.31484e+05    3.01689e+03
 Position Rest.      Potential    Kinetic En.   Total Energy  Conserved En.
    4.90585e+02   -5.22219e+05    8.61537e+04   -4.36065e+05   -4.36412e+05
    Temperature Pres. DC (bar) Pressure (bar)   Constr. rmsd
    3.01402e+02   -2.24731e+02    9.18603e+01    2.89497e-06


DD  step 19499  vol min/aver 0.668  load imb.: force  2.5%  pme mesh/force 0.953
           Step           Time
          19500       39.00000

   Energies (kJ/mol)
           Bond          Angle    Proper Dih. Ryckaert-Bell.          LJ-14
    1.52263e+03    3.80799e+03    2.56862e+02    1.85616e+03    2.62476e+03
     Coulomb-14        LJ (SR)  Disper. corr.   Coulomb (SR)   Coul. recip.
    7.70598e+03    9.25545e+04   -4.54615e+03   -6.32373e+05    3.00909e+03
 Position Rest.      Potential    Kinetic En.   Total Energy  Conserved En.
    4.64573e+02   -5.23117e+05    8.62455e+04   -4.36871e+05   -4.36406e+05
    Temperature Pres. DC (bar) Pressure (bar)   Constr. rmsd
    3.01724e+02   -2.24177e+02   -2.19163e+02    2.81628e-06


DD  step 19999  vol min/aver 0.641  load imb.: force  3.1%  pme mesh/force 0.962
           Step           Time
          20000       40.00000

   Energies (kJ/mol)
           Bond          Angle    Proper Dih. Ryckaert-Bell.          LJ-14
    1.41742e+03    3.76185e+03    2.44348e+02    1.87953e+03    2.61912e+03
     Coulomb-14        LJ (SR)  Disper. corr.   Coulomb (SR)   Coul. recip.
    7.66771e+03    9.33001e+04   -4.56973e+03   -6.34901e+05    2.89116e+03
 Position Rest.      Potential    Kinetic En.   Total Energy  Conserved En.
    4.89843e+02   -5.25199e+05    8.67740e+04   -4.38425e+05   -4.36412e+05
    Temperature Pres. DC (bar) Pressure (bar)   Constr. rmsd
    3.03572e+02   -2.26505e+02   -2.29202e+01    2.97497e-06


DD  step 20499  vol min/aver 0.604  load imb.: force  6.1%  pme mesh/force 0.948
           Step           Time
          20500       41.00000

   Energies (kJ/mol)
           Bond          Angle    Proper Dih. Ryckaert-Bell.          LJ-14
    1.55353e+03    3.85106e+03    2.46864e+02    1.83684e+03    2.59969e+03
     Coulomb-14        LJ (SR)  Disper. corr.   Coulomb (SR)   Coul. recip.
    7.69414e+03    9.27955e+04   -4.55973e+03   -6.32652e+05    3.01211e+03
 Position Rest.      Potential    Kinetic En.   Total Energy  Conserved En.
    4.88680e+02   -5.23133e+05    8.52064e+04   -4.37927e+05   -4.36389e+05
    Temperature Pres. DC (bar) Pressure (bar)   Constr. rmsd
    2.98088e+02   -2.25516e+02   -1.66288e+02    2.89187e-06


DD  step 20999  vol min/aver 0.638  load imb.: force  3.0%  pme mesh/force 0.947
           Step           Time
          21000       42.00000

   Energies (kJ/mol)
           Bond          Angle    Proper Dih. Ryckaert-Bell.          LJ-14
    1.55342e+03    3.67817e+03    2.22034e+02    1.80171e+03    2.68426e+03
     Coulomb-14        LJ (SR)  Disper. corr.   Coulomb (SR)   Coul. recip.
    7.83455e+03    9.39150e+04   -4.56546e+03   -6.35082e+05    2.90899e+03
 Position Rest.      Potential    Kinetic En.   Total Energy  Conserved En.
    4.71881e+02   -5.24577e+05    8.51735e+04   -4.39403e+05   -4.36376e+05
    Temperature Pres. DC (bar) Pressure (bar)   Constr. rmsd
    2.97973e+02   -2.26083e+02   -2.21594e+01    3.09560e-06


DD  step 21499  vol min/aver 0.612  load imb.: force  3.8%  pme mesh/force 0.949
           Step           Time
          21500       43.00000

   Energies (kJ/mol)
           Bond          Angle    Proper Dih. Ryckaert-Bell.          LJ-14
    1.52649e+03    3.97582e+03    2.77892e+02    1.77339e+03    2.61061e+03
     Coulomb-14        LJ (SR)  Disper. corr.   Coulomb (SR)   Coul. recip.
    7.68972e+03    9.29422e+04   -4.55220e+03   -6.33793e+05    2.96263e+03
 Position Rest.      Potential    Kinetic En.   Total Energy  Conserved En.
    4.75340e+02   -5.24111e+05    8.63466e+04   -4.37764e+05   -4.36380e+05
    Temperature Pres. DC (bar) Pressure (bar)   Constr. rmsd
    3.02077e+02   -2.24773e+02   -2.34851e+02    2.76301e-06


DD  step 21999  vol min/aver 0.631  load imb.: force  3.9%  pme mesh/force 0.932
           Step           Time
          22000       44.00000

   Energies (kJ/mol)
           Bond          Angle    Proper Dih. Ryckaert-Bell.          LJ-14
    1.48201e+03    3.65014e+03    2.59125e+02    1.88578e+03    2.59198e+03
     Coulomb-14        LJ (SR)  Disper. corr.   Coulomb (SR)   Coul. recip.
    7.72520e+03    9.27412e+04   -4.56445e+03   -6.33815e+05    2.84590e+03
 Position Rest.      Potential    Kinetic En.   Total Energy  Conserved En.
    4.61379e+02   -5.24736e+05    8.49974e+04   -4.39739e+05   -4.36370e+05
    Temperature Pres. DC (bar) Pressure (bar)   Constr. rmsd
    2.97357e+02   -2.25983e+02   -1.77364e+02    2.75452e-06


DD  step 22499  vol min/aver 0.624  load imb.: force  3.5%  pme mesh/force 0.941
           Step           Time
          22500       45.00000

   Energies (kJ/mol)
           Bond          Angle    Proper Dih. Ryckaert-Bell.          LJ-14
    1.56839e+03    3.55962e+03    2.63629e+02    1.93096e+03    2.56870e+03
     Coulomb-14        LJ (SR)  Disper. corr.   Coulomb (SR)   Coul. recip.
    7.62796e+03    9.34559e+04   -4.57468e+03   -6.34235e+05    2.90753e+03
 Position Rest.      Potential    Kinetic En.   Total Energy  Conserved En.
    5.02073e+02   -5.24425e+05    8.50716e+04   -4.39353e+05   -4.36378e+05
    Temperature Pres. DC (bar) Pressure (bar)   Constr. rmsd
    2.97617e+02   -2.26996e+02    1.70826e+01    2.92907e-06


DD  step 22999  vol min/aver 0.658  load imb.: force  6.2%  pme mesh/force 0.966
           Step           Time
          23000       46.00000

   Energies (kJ/mol)
           Bond          Angle    Proper Dih. Ryckaert-Bell.          LJ-14
    1.53652e+03    3.71360e+03    2.56138e+02    1.88679e+03    2.58212e+03
     Coulomb-14        LJ (SR)  Disper. corr.   Coulomb (SR)   Coul. recip.
    7.70559e+03    9.35408e+04   -4.57047e+03   -6.34301e+05    2.92448e+03
 Position Rest.      Potential    Kinetic En.   Total Energy  Conserved En.
    4.83529e+02   -5.24242e+05    8.50571e+04   -4.39184e+05   -4.36364e+05
    Temperature Pres. DC (bar) Pressure (bar)   Constr. rmsd
    2.97566e+02   -2.26579e+02    8.62606e+01    2.92339e-06


DD  step 23499  vol min/aver 0.657  load imb.: force  4.5%  pme mesh/force 0.954
           Step           Time
          23500       47.00000

   Energies (kJ/mol)
           Bond          Angle    Proper Dih. Ryckaert-Bell.          LJ-14
    1.39252e+03    3.89048e+03    2.50858e+02    1.80124e+03    2.65103e+03
     Coulomb-14        LJ (SR)  Disper. corr.   Coulomb (SR)   Coul. recip.
    7.75486e+03    9.33350e+04   -4.56271e+03   -6.32709e+05    2.99222e+03
 Position Rest.      Potential    Kinetic En.   Total Energy  Conserved En.
    4.62846e+02   -5.22741e+05    8.56317e+04   -4.37109e+05   -4.36366e+05
    Temperature Pres. DC (bar) Pressure (bar)   Constr. rmsd
    2.99576e+02   -2.25811e+02    1.54946e+02    3.03319e-06


DD  step 23999  vol min/aver 0.624  load imb.: force  2.8%  pme mesh/force 0.942
           Step           Time
          24000       48.00000

   Energies (kJ/mol)
           Bond          Angle    Proper Dih. Ryckaert-Bell.          LJ-14
    1.56076e+03    3.72651e+03    2.74791e+02    1.91428e+03    2.71025e+03
     Coulomb-14        LJ (SR)  Disper. corr.   Coulomb (SR)   Coul. recip.
    7.73629e+03    9.45263e+04   -4.56944e+03   -6.36492e+05    2.92602e+03
 Position Rest.      Potential    Kinetic En.   Total Energy  Conserved En.
    4.52139e+02   -5.25234e+05    8.59309e+04   -4.39303e+05   -4.36358e+05
    Temperature Pres. DC (bar) Pressure (bar)   Constr. rmsd
    3.00623e+02   -2.26476e+02    1.66936e+02    3.03256e-06


DD  step 24499  vol min/aver 0.640  load imb.: force  3.5%  pme mesh/force 0.942
           Step           Time
          24500       49.00000

   Energies (kJ/mol)
           Bond          Angle    Proper Dih. Ryckaert-Bell.          LJ-14
    1.40103e+03    3.85523e+03    2.56600e+02    1.82627e+03    2.68764e+03
     Coulomb-14        LJ (SR)  Disper. corr.   Coulomb (SR)   Coul. recip.
    7.67545e+03    9.26014e+04   -4.52391e+03   -6.34318e+05    2.96454e+03
 Position Rest.      Potential    Kinetic En.   Total Energy  Conserved En.
    4.85257e+02   -5.25089e+05    8.59283e+04   -4.39160e+05   -4.36382e+05
    Temperature Pres. DC (bar) Pressure (bar)   Constr. rmsd
    3.00614e+02   -2.21991e+02   -1.13765e+02    2.59578e-06


DD  step 24999  vol min/aver 0.640  load imb.: force  3.5%  pme mesh/force 0.952
           Step           Time
          25000       50.00000

   Energies (kJ/mol)
           Bond          Angle    Proper Dih. Ryckaert-Bell.          LJ-14
    1.35247e+03    3.70418e+03    2.65881e+02    1.85290e+03    2.70746e+03
     Coulomb-14        LJ (SR)  Disper. corr.   Coulomb (SR)   Coul. recip.
    7.85704e+03    9.43914e+04   -4.55917e+03   -6.36624e+05    2.94411e+03
 Position Rest.      Potential    Kinetic En.   Total Energy  Conserved En.
    4.54162e+02   -5.25654e+05    8.46430e+04   -4.41011e+05   -4.36358e+05
    Temperature Pres. DC (bar) Pressure (bar)   Constr. rmsd
    2.96117e+02   -2.25461e+02    2.62038e+02    3.10413e-06


DD  step 25499  vol min/aver 0.607  load imb.: force  3.0%  pme mesh/force 0.943
           Step           Time
          25500       51.00000

   Energies (kJ/mol)
           Bond          Angle    Proper Dih. Ryckaert-Bell.          LJ-14
    1.39146e+03    3.74105e+03    2.53905e+02    1.80472e+03    2.68001e+03
     Coulomb-14        LJ (SR)  Disper. corr.   Coulomb (SR)   Coul. recip.
    7.79849e+03    9.39027e+04   -4.54254e+03   -6.35071e+05    2.91444e+03
 Position Rest.      Potential    Kinetic En.   Total Energy  Conserved En.
    3.93486e+02   -5.24733e+05    8.67293e+04   -4.38004e+05   -4.36375e+05
    Temperature Pres. DC (bar) Pressure (bar)   Constr. rmsd
    3.03416e+02   -2.23821e+02    3.16738e+01    3.09163e-06


DD  step 25999  vol min/aver 0.638  load imb.: force  3.0%  pme mesh/force 0.960
           Step           Time
          26000       52.00000

   Energies (kJ/mol)
           Bond          Angle    Proper Dih. Ryckaert-Bell.          LJ-14
    1.41207e+03    3.64598e+03    2.34416e+02    1.86670e+03    2.66979e+03
     Coulomb-14        LJ (SR)  Disper. corr.   Coulomb (SR)   Coul. recip.
    7.84863e+03    9.44268e+04   -4.56007e+03   -6.36369e+05    2.88879e+03
 Position Rest.      Potential    Kinetic En.   Total Energy  Conserved En.
    4.36087e+02   -5.25499e+05    8.52861e+04   -4.40213e+05   -4.36373e+05
    Temperature Pres. DC (bar) Pressure (bar)   Constr. rmsd
    2.98367e+02   -2.25550e+02    5.04872e+01    2.91396e-06


DD  step 26499  vol min/aver 0.540  load imb.: force  6.8%  pme mesh/force 0.940
           Step           Time
          26500       53.00000

   Energies (kJ/mol)
           Bond          Angle    Proper Dih. Ryckaert-Bell.          LJ-14
    1.33487e+03    3.60621e+03    2.37991e+02    1.83274e+03    2.69511e+03
     Coulomb-14        LJ (SR)  Disper. corr.   Coulomb (SR)   Coul. recip.
    7.79237e+03    9.41601e+04   -4.55766e+03   -6.36713e+05    2.83714e+03
 Position Rest.      Potential    Kinetic En.   Total Energy  Conserved En.
    4.45851e+02   -5.26328e+05    8.53944e+04   -4.40934e+05   -4.36372e+05
    Temperature Pres. DC (bar) Pressure (bar)   Constr. rmsd
    2.98746e+02   -2.25312e+02    1.33493e+02    3.09659e-06


DD  step 26999  vol min/aver 0.593  load imb.: force  4.8%  pme mesh/force 0.946

step 27000 Turning off dynamic load balancing, because it is degrading performance.
Atom distribution over 36 domains: av 941 stddev 29 min 876 max 1042
           Step           Time
          27000       54.00000

   Energies (kJ/mol)
           Bond          Angle    Proper Dih. Ryckaert-Bell.          LJ-14
    1.48802e+03    3.90225e+03    2.62828e+02    1.86357e+03    2.70848e+03
     Coulomb-14        LJ (SR)  Disper. corr.   Coulomb (SR)   Coul. recip.
    7.73960e+03    9.35943e+04   -4.55013e+03   -6.35622e+05    2.97177e+03
 Position Rest.      Potential    Kinetic En.   Total Energy  Conserved En.
    4.77913e+02   -5.25164e+05    8.61067e+04   -4.39057e+05   -4.36373e+05
    Temperature Pres. DC (bar) Pressure (bar)   Constr. rmsd
    3.01238e+02   -2.24569e+02    5.74301e+01    3.17955e-06


DD  step 27499 load imb.: force 13.1%  pme mesh/force 0.910
           Step           Time
          27500       55.00000

   Energies (kJ/mol)
           Bond          Angle    Proper Dih. Ryckaert-Bell.          LJ-14
    1.40003e+03    3.66624e+03    2.53789e+02    1.91700e+03    2.70619e+03
     Coulomb-14        LJ (SR)  Disper. corr.   Coulomb (SR)   Coul. recip.
    7.75540e+03    9.25743e+04   -4.56182e+03   -6.34313e+05    2.91160e+03
 Position Rest.      Potential    Kinetic En.   Total Energy  Conserved En.
    4.37587e+02   -5.25253e+05    8.58386e+04   -4.39414e+05   -4.36366e+05
    Temperature Pres. DC (bar) Pressure (bar)   Constr. rmsd
    3.00300e+02   -2.25723e+02   -1.09394e+02    3.11159e-06


DD  step 27999 load imb.: force 12.1%  pme mesh/force 0.939
           Step           Time
          28000       56.00000

   Energies (kJ/mol)
           Bond          Angle    Proper Dih. Ryckaert-Bell.          LJ-14
    1.43006e+03    3.76992e+03    2.51849e+02    1.85734e+03    2.66620e+03
     Coulomb-14        LJ (SR)  Disper. corr.   Coulomb (SR)   Coul. recip.
    7.74973e+03    9.39132e+04   -4.56412e+03   -6.36384e+05    2.90785e+03
 Position Rest.      Potential    Kinetic En.   Total Energy  Conserved En.
    4.42384e+02   -5.25959e+05    8.58953e+04   -4.40064e+05   -4.36348e+05
    Temperature Pres. DC (bar) Pressure (bar)   Constr. rmsd
    3.00498e+02   -2.25950e+02    9.81237e+01    2.62259e-06


DD  step 28499 load imb.: force 14.0%  pme mesh/force 0.925
           Step           Time
          28500       57.00000

   Energies (kJ/mol)
           Bond          Angle    Proper Dih. Ryckaert-Bell.          LJ-14
    1.48821e+03    3.83510e+03    2.58584e+02    1.84428e+03    2.67368e+03
     Coulomb-14        LJ (SR)  Disper. corr.   Coulomb (SR)   Coul. recip.
    7.83688e+03    9.27890e+04   -4.54896e+03   -6.33902e+05    2.96355e+03
 Position Rest.      Potential    Kinetic En.   Total Energy  Conserved En.
    4.80388e+02   -5.24281e+05    8.58212e+04   -4.38460e+05   -4.36351e+05
    Temperature Pres. DC (bar) Pressure (bar)   Constr. rmsd
    3.00239e+02   -2.24454e+02   -1.03664e+02    3.68549e-06


DD  step 28999 load imb.: force 13.9%  pme mesh/force 0.935
           Step           Time
          29000       58.00000

   Energies (kJ/mol)
           Bond          Angle    Proper Dih. Ryckaert-Bell.          LJ-14
    1.47689e+03    3.84476e+03    2.29917e+02    1.79471e+03    2.66199e+03
     Coulomb-14        LJ (SR)  Disper. corr.   Coulomb (SR)   Coul. recip.
    7.69264e+03    9.49965e+04   -4.57660e+03   -6.37110e+05    2.97815e+03
 Position Rest.      Potential    Kinetic En.   Total Energy  Conserved En.
    4.18107e+02   -5.25593e+05    8.60133e+04   -4.39580e+05   -4.36336e+05
    Temperature Pres. DC (bar) Pressure (bar)   Constr. rmsd
    3.00911e+02   -2.27186e+02    3.98440e+01    2.52183e-06


DD  step 29499 load imb.: force 12.3%  pme mesh/force 0.939
           Step           Time
          29500       59.00000

   Energies (kJ/mol)
           Bond          Angle    Proper Dih. Ryckaert-Bell.          LJ-14
    1.36015e+03    3.66715e+03    2.63678e+02    1.83433e+03    2.64682e+03
     Coulomb-14        LJ (SR)  Disper. corr.   Coulomb (SR)   Coul. recip.
    7.75366e+03    9.39339e+04   -4.57022e+03   -6.35769e+05    2.98592e+03
 Position Rest.      Potential    Kinetic En.   Total Energy  Conserved En.
    4.95981e+02   -5.25398e+05    8.50921e+04   -4.40306e+05   -4.36360e+05
    Temperature Pres. DC (bar) Pressure (bar)   Constr. rmsd
    2.97688e+02   -2.26554e+02    2.36259e+02    2.73688e-06


DD  step 29999 load imb.: force 13.7%  pme mesh/force 0.923
           Step           Time
          30000       60.00000

   Energies (kJ/mol)
           Bond          Angle    Proper Dih. Ryckaert-Bell.          LJ-14
    1.44732e+03    3.57969e+03    2.48872e+02    1.83147e+03    2.64853e+03
     Coulomb-14        LJ (SR)  Disper. corr.   Coulomb (SR)   Coul. recip.
    7.76673e+03    9.47582e+04   -4.56047e+03   -6.36688e+05    2.98095e+03
 Position Rest.      Potential    Kinetic En.   Total Energy  Conserved En.
    4.83764e+02   -5.25503e+05    8.57346e+04   -4.39768e+05   -4.36348e+05
    Temperature Pres. DC (bar) Pressure (bar)   Constr. rmsd
    2.99936e+02   -2.25589e+02    1.67894e+02    3.40411e-06


DD  step 30499 load imb.: force 12.8%  pme mesh/force 0.946
           Step           Time
          30500       61.00000

   Energies (kJ/mol)
           Bond          Angle    Proper Dih. Ryckaert-Bell.          LJ-14
    1.40083e+03    3.65340e+03    2.69723e+02    1.83584e+03    2.72763e+03
     Coulomb-14        LJ (SR)  Disper. corr.   Coulomb (SR)   Coul. recip.
    7.73673e+03    9.42725e+04   -4.56426e+03   -6.36007e+05    2.90675e+03
 Position Rest.      Potential    Kinetic En.   Total Energy  Conserved En.
    5.12904e+02   -5.25255e+05    8.57804e+04   -4.39475e+05   -4.36338e+05
    Temperature Pres. DC (bar) Pressure (bar)   Constr. rmsd
    3.00096e+02   -2.25964e+02    2.41717e+02    2.93830e-06


DD  step 30999 load imb.: force 15.8%  pme mesh/force 0.933
           Step           Time
          31000       62.00000

   Energies (kJ/mol)
           Bond          Angle    Proper Dih. Ryckaert-Bell.          LJ-14
    1.55058e+03    3.52688e+03    2.51859e+02    1.77355e+03    2.65837e+03
     Coulomb-14        LJ (SR)  Disper. corr.   Coulomb (SR)   Coul. recip.
    7.76735e+03    9.28825e+04   -4.52416e+03   -6.33541e+05    2.98962e+03
 Position Rest.      Potential    Kinetic En.   Total Energy  Conserved En.
    4.83660e+02   -5.24181e+05    8.49906e+04   -4.39190e+05   -4.36343e+05
    Temperature Pres. DC (bar) Pressure (bar)   Constr. rmsd
    2.97333e+02   -2.22016e+02   -3.03848e+02    3.03949e-06


DD  step 31499 load imb.: force 12.5%  pme mesh/force 0.918
           Step           Time
          31500       63.00000

   Energies (kJ/mol)
           Bond          Angle    Proper Dih. Ryckaert-Bell.          LJ-14
    1.53608e+03    3.65815e+03    2.49260e+02    1.91364e+03    2.60967e+03
     Coulomb-14        LJ (SR)  Disper. corr.   Coulomb (SR)   Coul. recip.
    7.75265e+03    9.42731e+04   -4.56853e+03   -6.36002e+05    3.00050e+03
 Position Rest.      Potential    Kinetic En.   Total Energy  Conserved En.
    4.61583e+02   -5.25116e+05    8.66660e+04   -4.38450e+05   -4.36339e+05
    Temperature Pres. DC (bar) Pressure (bar)   Constr. rmsd
    3.03194e+02   -2.26386e+02    1.34531e+02    3.27516e-06


DD  step 31999 load imb.: force 13.6%  pme mesh/force 0.920
           Step           Time
          32000       64.00000

   Energies (kJ/mol)
           Bond          Angle    Proper Dih. Ryckaert-Bell.          LJ-14
    1.42534e+03    3.58883e+03    2.34203e+02    1.94459e+03    2.68593e+03
     Coulomb-14        LJ (SR)  Disper. corr.   Coulomb (SR)   Coul. recip.
    7.80115e+03    9.45452e+04   -4.55886e+03   -6.36055e+05    2.97957e+03
 Position Rest.      Potential    Kinetic En.   Total Energy  Conserved En.
    4.48201e+02   -5.24961e+05    8.62861e+04   -4.38674e+05   -4.36322e+05
    Temperature Pres. DC (bar) Pressure (bar)   Constr. rmsd
    3.01865e+02   -2.25430e+02    1.33643e+02    3.02886e-06


DD  step 32499 load imb.: force 13.7%  pme mesh/force 0.937
           Step           Time
          32500       65.00000

   Energies (kJ/mol)
           Bond          Angle    Proper Dih. Ryckaert-Bell.          LJ-14
    1.45633e+03    3.81347e+03    2.44870e+02    1.81410e+03    2.69288e+03
     Coulomb-14        LJ (SR)  Disper. corr.   Coulomb (SR)   Coul. recip.
    7.77475e+03    9.21010e+04   -4.57294e+03   -6.31711e+05    2.96080e+03
 Position Rest.      Potential    Kinetic En.   Total Energy  Conserved En.
    4.75702e+02   -5.22950e+05    8.57526e+04   -4.37197e+05   -4.36323e+05
    Temperature Pres. DC (bar) Pressure (bar)   Constr. rmsd
    2.99999e+02   -2.26824e+02   -4.02776e+01    2.77464e-06


DD  step 32999 load imb.: force 14.9%  pme mesh/force 0.943
           Step           Time
          33000       66.00000

   Energies (kJ/mol)
           Bond          Angle    Proper Dih. Ryckaert-Bell.          LJ-14
    1.57549e+03    3.70479e+03    2.39795e+02    1.83825e+03    2.71087e+03
     Coulomb-14        LJ (SR)  Disper. corr.   Coulomb (SR)   Coul. recip.
    7.87009e+03    9.42946e+04   -4.56397e+03   -6.35453e+05    3.00209e+03
 Position Rest.      Potential    Kinetic En.   Total Energy  Conserved En.
    4.55676e+02   -5.24325e+05    8.66820e+04   -4.37643e+05   -4.36300e+05
    Temperature Pres. DC (bar) Pressure (bar)   Constr. rmsd
    3.03251e+02   -2.25936e+02    1.78853e+02    2.73808e-06


DD  step 33499 load imb.: force 13.2%  pme mesh/force 0.931
           Step           Time
          33500       67.00000

   Energies (kJ/mol)
           Bond          Angle    Proper Dih. Ryckaert-Bell.          LJ-14
    1.47898e+03    3.78474e+03    2.59716e+02    1.87993e+03    2.61501e+03
     Coulomb-14        LJ (SR)  Disper. corr.   Coulomb (SR)   Coul. recip.
    7.71369e+03    9.24487e+04   -4.56151e+03   -6.32590e+05    2.93564e+03
 Position Rest.      Potential    Kinetic En.   Total Energy  Conserved En.
    4.74320e+02   -5.23560e+05    8.57992e+04   -4.37761e+05   -4.36326e+05
    Temperature Pres. DC (bar) Pressure (bar)   Constr. rmsd
    3.00162e+02   -2.25692e+02   -2.41253e+02    2.62440e-06


DD  step 33999 load imb.: force 13.0%  pme mesh/force 0.925
           Step           Time
          34000       68.00000

   Energies (kJ/mol)
           Bond          Angle    Proper Dih. Ryckaert-Bell.          LJ-14
    1.47818e+03    3.80491e+03    2.57248e+02    1.87403e+03    2.58478e+03
     Coulomb-14        LJ (SR)  Disper. corr.   Coulomb (SR)   Coul. recip.
    7.73274e+03    9.17647e+04   -4.56668e+03   -6.31401e+05    2.93861e+03
 Position Rest.      Potential    Kinetic En.   Total Energy  Conserved En.
    4.61080e+02   -5.23071e+05    8.55445e+04   -4.37526e+05   -4.36328e+05
    Temperature Pres. DC (bar) Pressure (bar)   Constr. rmsd
    2.99271e+02   -2.26204e+02   -1.23782e+02    2.83770e-06


DD  step 34499 load imb.: force 12.2%  pme mesh/force 0.939
           Step           Time
          34500       69.00000

   Energies (kJ/mol)
           Bond          Angle    Proper Dih. Ryckaert-Bell.          LJ-14
    1.56211e+03    3.80333e+03    2.78922e+02    1.85731e+03    2.66247e+03
     Coulomb-14        LJ (SR)  Disper. corr.   Coulomb (SR)   Coul. recip.
    7.82529e+03    9.37571e+04   -4.53651e+03   -6.34281e+05    2.95663e+03
 Position Rest.      Potential    Kinetic En.   Total Energy  Conserved En.
    4.81864e+02   -5.23633e+05    8.60818e+04   -4.37551e+05   -4.36320e+05
    Temperature Pres. DC (bar) Pressure (bar)   Constr. rmsd
    3.01151e+02   -2.23228e+02   -1.25980e+02    2.95529e-06


DD  step 34999 load imb.: force 13.7%  pme mesh/force 0.936

step 35000 Turning on dynamic load balancing, because the performance loss due to load imbalance is 4.1 %.
           Step           Time
          35000       70.00000

   Energies (kJ/mol)
           Bond          Angle    Proper Dih. Ryckaert-Bell.          LJ-14
    1.51676e+03    3.80201e+03    2.51269e+02    1.87356e+03    2.65837e+03
     Coulomb-14        LJ (SR)  Disper. corr.   Coulomb (SR)   Coul. recip.
    7.71134e+03    9.33339e+04   -4.54998e+03   -6.33345e+05    2.97384e+03
 Position Rest.      Potential    Kinetic En.   Total Energy  Conserved En.
    4.90558e+02   -5.23284e+05    8.58399e+04   -4.37444e+05   -4.36309e+05
    Temperature Pres. DC (bar) Pressure (bar)   Constr. rmsd
    3.00305e+02   -2.24554e+02    2.49023e+01    3.09844e-06


DD  step 35499  vol min/aver 0.655  load imb.: force  4.8%  pme mesh/force 0.956
           Step           Time
          35500       71.00000

   Energies (kJ/mol)
           Bond          Angle    Proper Dih. Ryckaert-Bell.          LJ-14
    1.54609e+03    3.82625e+03    2.10332e+02    1.88991e+03    2.61394e+03
     Coulomb-14        LJ (SR)  Disper. corr.   Coulomb (SR)   Coul. recip.
    7.67238e+03    9.35672e+04   -4.55898e+03   -6.35010e+05    2.99162e+03
 Position Rest.      Potential    Kinetic En.   Total Energy  Conserved En.
    4.68740e+02   -5.24782e+05    8.56040e+04   -4.39178e+05   -4.36302e+05
    Temperature Pres. DC (bar) Pressure (bar)   Constr. rmsd
    2.99479e+02   -2.25442e+02   -1.51116e+02    3.07940e-06


DD  step 35999  vol min/aver 0.632  load imb.: force  3.2%  pme mesh/force 0.946
           Step           Time
          36000       72.00000

   Energies (kJ/mol)
           Bond          Angle    Proper Dih. Ryckaert-Bell.          LJ-14
    1.53526e+03    3.74519e+03    2.31701e+02    1.79051e+03    2.65074e+03
     Coulomb-14        LJ (SR)  Disper. corr.   Coulomb (SR)   Coul. recip.
    7.73248e+03    9.29576e+04   -4.56469e+03   -6.34235e+05    2.98156e+03
 Position Rest.      Potential    Kinetic En.   Total Energy  Conserved En.
    4.36705e+02   -5.24737e+05    8.55347e+04   -4.39203e+05   -4.36302e+05
    Temperature Pres. DC (bar) Pressure (bar)   Constr. rmsd
    2.99237e+02   -2.26006e+02   -1.82019e+02    2.77799e-06


DD  step 36499  vol min/aver 0.647  load imb.: force  6.9%  pme mesh/force 0.955
           Step           Time
          36500       73.00000

   Energies (kJ/mol)
           Bond          Angle    Proper Dih. Ryckaert-Bell.          LJ-14
    1.43260e+03    3.81543e+03    2.46926e+02    1.81340e+03    2.68695e+03
     Coulomb-14        LJ (SR)  Disper. corr.   Coulomb (SR)   Coul. recip.
    7.82274e+03    9.32848e+04   -4.54161e+03   -6.32828e+05    2.99131e+03
 Position Rest.      Potential    Kinetic En.   Total Energy  Conserved En.
    4.86802e+02   -5.22789e+05    8.60009e+04   -4.36788e+05   -4.36298e+05
    Temperature Pres. DC (bar) Pressure (bar)   Constr. rmsd
    3.00868e+02   -2.23730e+02   -1.66904e+01    3.40415e-06


DD  step 36999  vol min/aver 0.629  load imb.: force  4.7%  pme mesh/force 0.961
           Step           Time
          37000       74.00000

   Energies (kJ/mol)
           Bond          Angle    Proper Dih. Ryckaert-Bell.          LJ-14
    1.34359e+03    3.59187e+03    2.21663e+02    1.84335e+03    2.70134e+03
     Coulomb-14        LJ (SR)  Disper. corr.   Coulomb (SR)   Coul. recip.
    7.78128e+03    9.34736e+04   -4.56087e+03   -6.34541e+05    2.98748e+03
 Position Rest.      Potential    Kinetic En.   Total Energy  Conserved En.
    4.41469e+02   -5.24716e+05    8.62346e+04   -4.38482e+05   -4.36316e+05
    Temperature Pres. DC (bar) Pressure (bar)   Constr. rmsd
    3.01685e+02   -2.25629e+02    1.79649e+02    2.83779e-06


DD  step 37499  vol min/aver 0.632  load imb.: force  3.4%  pme mesh/force 0.947
           Step           Time
          37500       75.00000

   Energies (kJ/mol)
           Bond          Angle    Proper Dih. Ryckaert-Bell.          LJ-14
    1.48314e+03    3.57500e+03    2.21510e+02    1.88154e+03    2.76247e+03
     Coulomb-14        LJ (SR)  Disper. corr.   Coulomb (SR)   Coul. recip.
    7.83828e+03    9.42616e+04   -4.57369e+03   -6.35760e+05    2.93159e+03
 Position Rest.      Potential    Kinetic En.   Total Energy  Conserved En.
    4.27850e+02   -5.24951e+05    8.63023e+04   -4.38649e+05   -4.36301e+05
    Temperature Pres. DC (bar) Pressure (bar)   Constr. rmsd
    3.01922e+02   -2.26897e+02    2.16840e+02    2.96676e-06


DD  step 37999  vol min/aver 0.640  load imb.: force  3.5%  pme mesh/force 0.950
           Step           Time
          38000       76.00000

   Energies (kJ/mol)
           Bond          Angle    Proper Dih. Ryckaert-Bell.          LJ-14
    1.52282e+03    3.77721e+03    2.35404e+02    1.87957e+03    2.55131e+03
     Coulomb-14        LJ (SR)  Disper. corr.   Coulomb (SR)   Coul. recip.
    7.76632e+03    9.38174e+04   -4.55277e+03   -6.34665e+05    2.99508e+03
 Position Rest.      Potential    Kinetic En.   Total Energy  Conserved En.
    4.44260e+02   -5.24229e+05    8.56909e+04   -4.38538e+05   -4.36296e+05
    Temperature Pres. DC (bar) Pressure (bar)   Constr. rmsd
    2.99783e+02   -2.24830e+02   -1.42585e+02    3.10967e-06


DD  step 38499  vol min/aver 0.642  load imb.: force  4.1%  pme mesh/force 0.951
           Step           Time
          38500       77.00000

   Energies (kJ/mol)
           Bond          Angle    Proper Dih. Ryckaert-Bell.          LJ-14
    1.33759e+03    3.79574e+03    2.54875e+02    1.89549e+03    2.69832e+03
     Coulomb-14        LJ (SR)  Disper. corr.   Coulomb (SR)   Coul. recip.
    7.72195e+03    9.36981e+04   -4.55447e+03   -6.34895e+05    3.04451e+03
 Position Rest.      Potential    Kinetic En.   Total Energy  Conserved En.
    4.40180e+02   -5.24563e+05    8.65433e+04   -4.38020e+05   -4.36311e+05
    Temperature Pres. DC (bar) Pressure (bar)   Constr. rmsd
    3.02765e+02   -2.24997e+02   -3.66446e+00    3.28531e-06


DD  step 38999  vol min/aver 0.640  load imb.: force  3.3%  pme mesh/force 0.942
           Step           Time
          39000       78.00000

   Energies (kJ/mol)
           Bond          Angle    Proper Dih. Ryckaert-Bell.          LJ-14
    1.31635e+03    3.58255e+03    2.48997e+02    1.88479e+03    2.66901e+03
     Coulomb-14        LJ (SR)  Disper. corr.   Coulomb (SR)   Coul. recip.
    7.71606e+03    9.37984e+04   -4.56840e+03   -6.35333e+05    2.91456e+03
 Position Rest.      Potential    Kinetic En.   Total Energy  Conserved En.
    4.32908e+02   -5.25338e+05    8.44535e+04   -4.40884e+05   -4.36295e+05
    Temperature Pres. DC (bar) Pressure (bar)   Constr. rmsd
    2.95454e+02   -2.26373e+02    1.73549e+02    2.79629e-06


DD  step 39499  vol min/aver 0.653  load imb.: force  2.5%  pme mesh/force 0.954
           Step           Time
          39500       79.00000

   Energies (kJ/mol)
           Bond          Angle    Proper Dih. Ryckaert-Bell.          LJ-14
    1.55096e+03    3.74463e+03    2.21290e+02    1.87022e+03    2.70420e+03
     Coulomb-14        LJ (SR)  Disper. corr.   Coulomb (SR)   Coul. recip.
    7.77625e+03    9.29431e+04   -4.55142e+03   -6.33266e+05    2.92837e+03
 Position Rest.      Potential    Kinetic En.   Total Energy  Conserved En.
    4.59909e+02   -5.23618e+05    8.64441e+04   -4.37174e+05   -4.36300e+05
    Temperature Pres. DC (bar) Pressure (bar)   Constr. rmsd
    3.02418e+02   -2.24696e+02   -3.89908e+01    2.53668e-06


DD  step 39999  vol min/aver 0.615  load imb.: force  2.4%  pme mesh/force 0.939
           Step           Time
          40000       80.00000

   Energies (kJ/mol)
           Bond          Angle    Proper Dih. Ryckaert-Bell.          LJ-14
    1.46793e+03    3.67642e+03    2.79020e+02    1.86015e+03    2.59166e+03
     Coulomb-14        LJ (SR)  Disper. corr.   Coulomb (SR)   Coul. recip.
    7.72433e+03    9.33565e+04   -4.56683e+03   -6.34749e+05    2.91814e+03
 Position Rest.      Potential    Kinetic En.   Total Energy  Conserved En.
    4.65741e+02   -5.24976e+05    8.57166e+04   -4.39259e+05   -4.36302e+05
    Temperature Pres. DC (bar) Pressure (bar)   Constr. rmsd
    2.99873e+02   -2.26218e+02   -1.90011e+02    2.80180e-06


DD  step 40499  vol min/aver 0.620  load imb.: force  2.9%  pme mesh/force 0.961
           Step           Time
          40500       81.00000

   Energies (kJ/mol)
           Bond          Angle    Proper Dih. Ryckaert-Bell.          LJ-14
    1.49251e+03    3.71233e+03    2.52890e+02    1.87590e+03    2.66686e+03
     Coulomb-14        LJ (SR)  Disper. corr.   Coulomb (SR)   Coul. recip.
    7.62868e+03    9.21608e+04   -4.55597e+03   -6.32052e+05    2.93094e+03
 Position Rest.      Potential    Kinetic En.   Total Energy  Conserved En.
    4.66686e+02   -5.23421e+05    8.60388e+04   -4.37382e+05   -4.36295e+05
    Temperature Pres. DC (bar) Pressure (bar)   Constr. rmsd
    3.01000e+02   -2.25145e+02   -1.16244e+02    2.63555e-06


DD  step 40999  vol min/aver 0.651  load imb.: force  4.9%  pme mesh/force 0.946
           Step           Time
          41000       82.00000

   Energies (kJ/mol)
           Bond          Angle    Proper Dih. Ryckaert-Bell.          LJ-14
    1.30564e+03    3.77264e+03    2.50557e+02    1.85872e+03    2.68064e+03
     Coulomb-14        LJ (SR)  Disper. corr.   Coulomb (SR)   Coul. recip.
    7.73074e+03    9.38610e+04   -4.56220e+03   -6.35049e+05    2.92207e+03
 Position Rest.      Potential    Kinetic En.   Total Energy  Conserved En.
    4.98735e+02   -5.24730e+05    8.62203e+04   -4.38510e+05   -4.36284e+05
    Temperature Pres. DC (bar) Pressure (bar)   Constr. rmsd
    3.01635e+02   -2.25761e+02    8.34259e+01    2.50086e-06


DD  step 41499  vol min/aver 0.650  load imb.: force  2.3%  pme mesh/force 0.949
           Step           Time
          41500       83.00000

   Energies (kJ/mol)
           Bond          Angle    Proper Dih. Ryckaert-Bell.          LJ-14
    1.41677e+03    3.67707e+03    2.32424e+02    1.77105e+03    2.65372e+03
     Coulomb-14        LJ (SR)  Disper. corr.   Coulomb (SR)   Coul. recip.
    7.72082e+03    9.27125e+04   -4.55981e+03   -6.33484e+05    2.94452e+03
 Position Rest.      Potential    Kinetic En.   Total Energy  Conserved En.
    4.55363e+02   -5.24459e+05    8.50069e+04   -4.39452e+05   -4.36289e+05
    Temperature Pres. DC (bar) Pressure (bar)   Constr. rmsd
    2.97390e+02   -2.25524e+02   -1.04702e+02    3.00954e-06


DD  step 41999  vol min/aver 0.604  load imb.: force  2.6%  pme mesh/force 0.942
           Step           Time
          42000       84.00000

   Energies (kJ/mol)
           Bond          Angle    Proper Dih. Ryckaert-Bell.          LJ-14
    1.43398e+03    3.66271e+03    2.47107e+02    1.80775e+03    2.67320e+03
     Coulomb-14        LJ (SR)  Disper. corr.   Coulomb (SR)   Coul. recip.
    7.82316e+03    9.42649e+04   -4.57491e+03   -6.37333e+05    2.87573e+03
 Position Rest.      Potential    Kinetic En.   Total Energy  Conserved En.
    4.47959e+02   -5.26671e+05    8.62277e+04   -4.40443e+05   -4.36292e+05
    Temperature Pres. DC (bar) Pressure (bar)   Constr. rmsd
    3.01661e+02   -2.27018e+02    6.63379e+01    2.73312e-06


DD  step 42499  vol min/aver 0.618  load imb.: force  4.2%  pme mesh/force 0.944
           Step           Time
          42500       85.00000

   Energies (kJ/mol)
           Bond          Angle    Proper Dih. Ryckaert-Bell.          LJ-14
    1.35169e+03    3.75919e+03    2.43750e+02    1.82290e+03    2.68053e+03
     Coulomb-14        LJ (SR)  Disper. corr.   Coulomb (SR)   Coul. recip.
    7.79127e+03    9.38222e+04   -4.56350e+03   -6.34992e+05    2.94917e+03
 Position Rest.      Potential    Kinetic En.   Total Energy  Conserved En.
    4.43935e+02   -5.24691e+05    8.53548e+04   -4.39337e+05   -4.36265e+05
    Temperature Pres. DC (bar) Pressure (bar)   Constr. rmsd
    2.98607e+02   -2.25889e+02    1.07782e+02    2.76901e-06


DD  step 42999  vol min/aver 0.637  load imb.: force  2.6%  pme mesh/force 0.945
           Step           Time
          43000       86.00000

   Energies (kJ/mol)
           Bond          Angle    Proper Dih. Ryckaert-Bell.          LJ-14
    1.45945e+03    3.65350e+03    2.24601e+02    1.78887e+03    2.61785e+03
     Coulomb-14        LJ (SR)  Disper. corr.   Coulomb (SR)   Coul. recip.
    7.77342e+03    9.43045e+04   -4.55335e+03   -6.37479e+05    2.94819e+03
 Position Rest.      Potential    Kinetic En.   Total Energy  Conserved En.
    4.43287e+02   -5.26819e+05    8.58187e+04   -4.41000e+05   -4.36272e+05
    Temperature Pres. DC (bar) Pressure (bar)   Constr. rmsd
    3.00230e+02   -2.24887e+02   -1.82023e+01    3.02290e-06


DD  step 43499  vol min/aver 0.667  load imb.: force  3.4%  pme mesh/force 0.936
           Step           Time
          43500       87.00000

   Energies (kJ/mol)
           Bond          Angle    Proper Dih. Ryckaert-Bell.          LJ-14
    1.48095e+03    3.65472e+03    2.49245e+02    1.86142e+03    2.73396e+03
     Coulomb-14        LJ (SR)  Disper. corr.   Coulomb (SR)   Coul. recip.
    7.74813e+03    9.30103e+04   -4.57231e+03   -6.33644e+05    2.97816e+03
 Position Rest.      Potential    Kinetic En.   Total Energy  Conserved En.
    4.68855e+02   -5.24031e+05    8.59640e+04   -4.38067e+05   -4.36249e+05
    Temperature Pres. DC (bar) Pressure (bar)   Constr. rmsd
    3.00739e+02   -2.26761e+02   -4.11994e+01    3.07577e-06


DD  step 43999  vol min/aver 0.652  load imb.: force  3.4%  pme mesh/force 0.939
           Step           Time
          44000       88.00000

   Energies (kJ/mol)
           Bond          Angle    Proper Dih. Ryckaert-Bell.          LJ-14
    1.54816e+03    3.59620e+03    2.56863e+02    1.85604e+03    2.62696e+03
     Coulomb-14        LJ (SR)  Disper. corr.   Coulomb (SR)   Coul. recip.
    7.70163e+03    9.33885e+04   -4.57706e+03   -6.34662e+05    2.89545e+03
 Position Rest.      Potential    Kinetic En.   Total Energy  Conserved En.
    5.10924e+02   -5.24858e+05    8.56565e+04   -4.39202e+05   -4.36288e+05
    Temperature Pres. DC (bar) Pressure (bar)   Constr. rmsd
    2.99663e+02   -2.27232e+02   -4.03150e+01    2.89169e-06


DD  step 44499  vol min/aver 0.634  load imb.: force  5.6%  pme mesh/force 0.961
           Step           Time
          44500       89.00000

   Energies (kJ/mol)
           Bond          Angle    Proper Dih. Ryckaert-Bell.          LJ-14
    1.41766e+03    3.80324e+03    2.25020e+02    1.85105e+03    2.68958e+03
     Coulomb-14        LJ (SR)  Disper. corr.   Coulomb (SR)   Coul. recip.
    7.86863e+03    9.46146e+04   -4.56222e+03   -6.35625e+05    2.91696e+03
 Position Rest.      Potential    Kinetic En.   Total Energy  Conserved En.
    4.74229e+02   -5.24326e+05    8.54714e+04   -4.38855e+05   -4.36247e+05
    Temperature Pres. DC (bar) Pressure (bar)   Constr. rmsd
    2.99015e+02   -2.25763e+02    1.56048e+02    2.61753e-06


DD  step 44999  vol min/aver 0.586  load imb.: force  7.3%  pme mesh/force 0.962

step 45000 Turning off dynamic load balancing, because it is degrading performance.
Atom distribution over 36 domains: av 941 stddev 28 min 888 max 1020
           Step           Time
          45000       90.00000

   Energies (kJ/mol)
           Bond          Angle    Proper Dih. Ryckaert-Bell.          LJ-14
    1.42210e+03    3.78427e+03    2.57196e+02    1.87343e+03    2.66246e+03
     Coulomb-14        LJ (SR)  Disper. corr.   Coulomb (SR)   Coul. recip.
    7.80830e+03    9.43300e+04   -4.56332e+03   -6.36371e+05    2.92675e+03
 Position Rest.      Potential    Kinetic En.   Total Energy  Conserved En.
    4.82371e+02   -5.25388e+05    8.54632e+04   -4.39924e+05   -4.36262e+05
    Temperature Pres. DC (bar) Pressure (bar)   Constr. rmsd
    2.98986e+02   -2.25871e+02    1.83984e+02    2.96041e-06


DD  step 45499 load imb.: force 14.0%  pme mesh/force 0.926
           Step           Time
          45500       91.00000

   Energies (kJ/mol)
           Bond          Angle    Proper Dih. Ryckaert-Bell.          LJ-14
    1.59621e+03    3.71675e+03    2.58354e+02    1.87837e+03    2.62928e+03
     Coulomb-14        LJ (SR)  Disper. corr.   Coulomb (SR)   Coul. recip.
    7.71806e+03    9.36421e+04   -4.56194e+03   -6.33526e+05    2.92067e+03
 Position Rest.      Potential    Kinetic En.   Total Energy  Conserved En.
    4.26465e+02   -5.23301e+05    8.58502e+04   -4.37451e+05   -4.36265e+05
    Temperature Pres. DC (bar) Pressure (bar)   Constr. rmsd
    3.00341e+02   -2.25735e+02    1.43175e+02    2.89269e-06


DD  step 45999 load imb.: force 12.7%  pme mesh/force 0.934
           Step           Time
          46000       92.00000

   Energies (kJ/mol)
           Bond          Angle    Proper Dih. Ryckaert-Bell.          LJ-14
    1.37862e+03    3.72598e+03    2.72246e+02    1.84340e+03    2.64061e+03
     Coulomb-14        LJ (SR)  Disper. corr.   Coulomb (SR)   Coul. recip.
    7.61217e+03    9.32617e+04   -4.58180e+03   -6.33738e+05    2.88263e+03
 Position Rest.      Potential    Kinetic En.   Total Energy  Conserved En.
    4.57971e+02   -5.24245e+05    8.56316e+04   -4.38613e+05   -4.36265e+05
    Temperature Pres. DC (bar) Pressure (bar)   Constr. rmsd
    2.99576e+02   -2.27703e+02    4.34289e+01    2.98915e-06


DD  step 46499 load imb.: force 14.1%  pme mesh/force 0.950
           Step           Time
          46500       93.00000

   Energies (kJ/mol)
           Bond          Angle    Proper Dih. Ryckaert-Bell.          LJ-14
    1.54994e+03    3.74831e+03    2.45668e+02    1.81132e+03    2.66441e+03
     Coulomb-14        LJ (SR)  Disper. corr.   Coulomb (SR)   Coul. recip.
    7.78053e+03    9.22100e+04   -4.58869e+03   -6.33696e+05    2.93223e+03
 Position Rest.      Potential    Kinetic En.   Total Energy  Conserved En.
    4.76040e+02   -5.24867e+05    8.63408e+04   -4.38526e+05   -4.36265e+05
    Temperature Pres. DC (bar) Pressure (bar)   Constr. rmsd
    3.02057e+02   -2.28386e+02   -6.37851e+01    2.77705e-06


DD  step 46999 load imb.: force 13.8%  pme mesh/force 0.935
           Step           Time
          47000       94.00000

   Energies (kJ/mol)
           Bond          Angle    Proper Dih. Ryckaert-Bell.          LJ-14
    1.39450e+03    3.74079e+03    2.23105e+02    1.79007e+03    2.68024e+03
     Coulomb-14        LJ (SR)  Disper. corr.   Coulomb (SR)   Coul. recip.
    7.79027e+03    9.30896e+04   -4.55525e+03   -6.34595e+05    2.98327e+03
 Position Rest.      Potential    Kinetic En.   Total Energy  Conserved En.
    4.40954e+02   -5.25018e+05    8.60963e+04   -4.38922e+05   -4.36248e+05
    Temperature Pres. DC (bar) Pressure (bar)   Constr. rmsd
    3.01201e+02   -2.25074e+02   -9.56614e+01    2.61535e-06


DD  step 47499 load imb.: force 13.2%  pme mesh/force 0.936
           Step           Time
          47500       95.00000

   Energies (kJ/mol)
           Bond          Angle    Proper Dih. Ryckaert-Bell.          LJ-14
    1.42063e+03    3.74568e+03    2.44316e+02    1.83920e+03    2.65656e+03
     Coulomb-14        LJ (SR)  Disper. corr.   Coulomb (SR)   Coul. recip.
    7.77058e+03    9.20093e+04   -4.53597e+03   -6.33044e+05    2.90893e+03
 Position Rest.      Potential    Kinetic En.   Total Energy  Conserved En.
    4.38416e+02   -5.24547e+05    8.52520e+04   -4.39295e+05   -4.36243e+05
    Temperature Pres. DC (bar) Pressure (bar)   Constr. rmsd
    2.98248e+02   -2.23175e+02   -3.21013e+02    3.43627e-06


DD  step 47999 load imb.: force 12.8%  pme mesh/force 0.943
           Step           Time
          48000       96.00000

   Energies (kJ/mol)
           Bond          Angle    Proper Dih. Ryckaert-Bell.          LJ-14
    1.42602e+03    3.68931e+03    2.65253e+02    1.84431e+03    2.71736e+03
     Coulomb-14        LJ (SR)  Disper. corr.   Coulomb (SR)   Coul. recip.
    7.69646e+03    9.46069e+04   -4.56781e+03   -6.35998e+05    2.92113e+03
 Position Rest.      Potential    Kinetic En.   Total Energy  Conserved En.
    4.67001e+02   -5.24932e+05    8.55577e+04   -4.39374e+05   -4.36235e+05
    Temperature Pres. DC (bar) Pressure (bar)   Constr. rmsd
    2.99317e+02   -2.26315e+02    1.39250e+02    3.18196e-06


DD  step 48499 load imb.: force 12.2%  pme mesh/force 0.935
           Step           Time
          48500       97.00000

   Energies (kJ/mol)
           Bond          Angle    Proper Dih. Ryckaert-Bell.          LJ-14
    1.50305e+03    3.76188e+03    2.78571e+02    1.88424e+03    2.60908e+03
     Coulomb-14        LJ (SR)  Disper. corr.   Coulomb (SR)   Coul. recip.
    7.73675e+03    9.31004e+04   -4.56315e+03   -6.34547e+05    2.83787e+03
 Position Rest.      Potential    Kinetic En.   Total Energy  Conserved En.
    5.11587e+02   -5.24887e+05    8.60196e+04   -4.38867e+05   -4.36238e+05
    Temperature Pres. DC (bar) Pressure (bar)   Constr. rmsd
    3.00933e+02   -2.25854e+02   -2.42564e+02    3.25366e-06


DD  step 48999 load imb.: force 13.6%  pme mesh/force 0.937
           Step           Time
          49000       98.00000

   Energies (kJ/mol)
           Bond          Angle    Proper Dih. Ryckaert-Bell.          LJ-14
    1.47501e+03    3.67542e+03    2.05351e+02    1.79120e+03    2.64326e+03
     Coulomb-14        LJ (SR)  Disper. corr.   Coulomb (SR)   Coul. recip.
    7.75158e+03    9.26154e+04   -4.56962e+03   -6.34184e+05    2.93625e+03
 Position Rest.      Potential    Kinetic En.   Total Energy  Conserved En.
    5.01278e+02   -5.25158e+05    8.49600e+04   -4.40198e+05   -4.36242e+05
    Temperature Pres. DC (bar) Pressure (bar)   Constr. rmsd
    2.97226e+02   -2.26495e+02   -3.11568e+02    2.83938e-06


DD  step 49499 load imb.: force 13.0%  pme mesh/force 0.927
           Step           Time
          49500       99.00000

   Energies (kJ/mol)
           Bond          Angle    Proper Dih. Ryckaert-Bell.          LJ-14
    1.41636e+03    3.75438e+03    2.39157e+02    1.89189e+03    2.61619e+03
     Coulomb-14        LJ (SR)  Disper. corr.   Coulomb (SR)   Coul. recip.
    7.75512e+03    9.29218e+04   -4.55637e+03   -6.33749e+05    3.03498e+03
 Position Rest.      Potential    Kinetic En.   Total Energy  Conserved En.
    5.22673e+02   -5.24153e+05    8.55199e+04   -4.38633e+05   -4.36246e+05
    Temperature Pres. DC (bar) Pressure (bar)   Constr. rmsd
    2.99185e+02   -2.25184e+02   -1.93084e+02    2.94843e-06


DD  step 49999 load imb.: force 12.8%  pme mesh/force 0.944

step 50000 Will no longer try dynamic load balancing, as it degraded performance.
           Step           Time
          50000      100.00000

Writing checkpoint, step 50000 at Wed Oct 12 16:06:40 2022


   Energies (kJ/mol)
           Bond          Angle    Proper Dih. Ryckaert-Bell.          LJ-14
    1.38283e+03    3.70006e+03    2.67392e+02    1.82088e+03    2.61683e+03
     Coulomb-14        LJ (SR)  Disper. corr.   Coulomb (SR)   Coul. recip.
    7.76308e+03    9.40388e+04   -4.56463e+03   -6.35068e+05    3.00546e+03
 Position Rest.      Potential    Kinetic En.   Total Energy  Conserved En.
    4.77906e+02   -5.24559e+05    8.54110e+04   -4.39148e+05   -4.36242e+05
    Temperature Pres. DC (bar) Pressure (bar)   Constr. rmsd
    2.98804e+02   -2.26000e+02    5.87968e+00    2.80361e-06


	<======  ###############  ==>
	<====  A V E R A G E S  ====>
	<==  ###############  ======>

	Statistics over 50001 steps using 501 frames

   Energies (kJ/mol)
           Bond          Angle    Proper Dih. Ryckaert-Bell.          LJ-14
    1.45677e+03    3.72883e+03    2.49969e+02    1.84282e+03    2.66778e+03
     Coulomb-14        LJ (SR)  Disper. corr.   Coulomb (SR)   Coul. recip.
    7.75846e+03    9.35499e+04   -4.55877e+03   -6.34548e+05    2.94025e+03
 Position Rest.      Potential    Kinetic En.   Total Energy  Conserved En.
    4.60412e+02   -5.24452e+05    8.57776e+04   -4.38674e+05   -4.36371e+05
    Temperature Pres. DC (bar) Pressure (bar)   Constr. rmsd
    3.00086e+02   -2.25423e+02    4.31512e+00    0.00000e+00

          Box-X          Box-Y          Box-Z
    6.95354e+00    6.95354e+00    6.95354e+00

   Total Virial (kJ/mol)
    2.86122e+04   -1.67547e+02   -2.78201e+02
   -1.67388e+02    2.84791e+04    1.36377e+02
   -2.77569e+02    1.36882e+02    2.85608e+04

   Pressure (bar)
    5.04768e-02    1.66392e+01    2.73141e+01
    1.66235e+01    1.04942e+01   -1.60385e+01
    2.72516e+01   -1.60886e+01    2.40068e+00

      T-Protein  T-non-Protein
    2.99919e+02    3.00099e+02


	M E G A - F L O P S   A C C O U N T I N G

 NB=Group-cutoff nonbonded kernels    NxN=N-by-N cluster Verlet kernels
 RF=Reaction-Field  VdW=Van der Waals  QSTab=quadratic-spline table
 W3=SPC/TIP3p  W4=TIP4p (single or pairs)
 V&F=Potential and force  V=Potential only  F=Force only

 Computing:                               M-Number         M-Flops  % Flops
-----------------------------------------------------------------------------
 Pair Search distance check           15420.027930      138780.251     0.2
 NxN Ewald Elec. + LJ [F]            553041.171216    36500717.300    52.1
 NxN Ewald Elec. + LJ [V&F]            5597.097312      598889.412     0.9
 NxN Ewald Elec. [F]                 491185.805616    29962334.143    42.7
 NxN Ewald Elec. [V&F]                 4971.128768      417574.817     0.6
 1,4 nonbonded interactions             255.305106       22977.460     0.0
 Calc Weights                          5081.501628      182934.059     0.3
 Spread Q Bspline                    108405.368064      216810.736     0.3
 Gather F Bspline                    108405.368064      650432.208     0.9
 3D-FFT                              139519.590336     1116156.723     1.6
 Solve PME                              290.405808       18585.972     0.0
 Reset In Box                            33.808248         101.425     0.0
 CG-CoM                                  33.909876         101.730     0.0
 Bonds                                   51.251025        3023.810     0.0
 Angles                                 177.353547       29795.396     0.0
 Propers                                 21.300426        4877.798     0.0
 RB-Dihedrals                           197.503950       48783.476     0.1
 Pos. Restr.                             50.051001        2502.550     0.0
 Virial                                 177.515496        3195.279     0.0
 Stop-CM                                 16.971876         169.719     0.0
 Calc-Ekin                              338.827752        9148.349     0.0
 Lincs                                   47.950959        2877.058     0.0
 Lincs-Mat                              238.804776         955.219     0.0
 Constraint-V                          1691.333826       13530.671     0.0
 Constraint-Vir                         164.367867        3944.829     0.0
 Settle                                 531.810636      171774.835     0.2
-----------------------------------------------------------------------------
 Total                                                70120975.223   100.0
-----------------------------------------------------------------------------


    D O M A I N   D E C O M P O S I T I O N   S T A T I S T I C S

 av. #atoms communicated per step for force:  2 x 91608.7


Dynamic load balancing report:
 DLB got disabled because it was unsuitable to use.
 Average load imbalance: 5.4%.
 The balanceable part of the MD step is 78%, load imbalance is computed from this.
 Part of the total run time spent waiting due to load imbalance: 4.2%.
 Average PME mesh/force load: 0.949
 Part of the total run time spent waiting due to PP/PME imbalance: 1.0 %


     R E A L   C Y C L E   A N D   T I M E   A C C O U N T I N G

On 36 MPI ranks doing PP, and
on 12 MPI ranks doing PME

 Computing:          Num   Num      Call    Wall time         Giga-Cycles
                     Ranks Threads  Count      (s)         total sum    %
-----------------------------------------------------------------------------
 Domain decomp.        36    1       1000       0.843         87.817   1.5
 DD comm. load         36    1        765       0.005          0.534   0.0
 DD comm. bounds       36    1        737       0.032          3.299   0.1
 Send X to PME         36    1      50001       1.513        157.541   2.7
 Neighbor search       36    1       1001       2.057        214.289   3.7
 Comm. coord.          36    1      49000       2.919        304.041   5.3
 Force                 36    1      50001      25.320       2637.211  45.8
 Wait + Comm. F        36    1      50001       3.985        415.038   7.2
 PME mesh *            12    1      50001      29.271       1016.230  17.6
 PME wait for PP *                             11.976        415.790   7.2
 Wait + Recv. PME F    36    1      50001       0.662         68.984   1.2
 NB X/F buffer ops.    36    1     148001       0.957         99.696   1.7
 Write traj.           36    1        101       0.042          4.340   0.1
 Update                36    1      50001       0.190         19.754   0.3
 Constraints           36    1      50001       0.584         60.835   1.1
 Comm. energies        36    1       5001       2.207        229.915   4.0
 Rest                                           0.160         16.709   0.3
-----------------------------------------------------------------------------
 Total                                         41.477       5760.004 100.0
-----------------------------------------------------------------------------
(*) Note that with separate PME ranks, the walltime column actually sums to
    twice the total reported, but the cycle count total and % are correct.
-----------------------------------------------------------------------------
 Breakdown of PME mesh computation
-----------------------------------------------------------------------------
 PME redist. X/F       12    1     100002       7.057        245.018   4.3
 PME spread            12    1      50001       7.610        264.203   4.6
 PME gather            12    1      50001       6.306        218.938   3.8
 PME 3D-FFT            12    1     100002       5.788        200.937   3.5
 PME 3D-FFT Comm.      12    1     200004       2.048         71.114   1.2
 PME solve Elec        12    1      50001       0.415         14.421   0.3
-----------------------------------------------------------------------------

               Core t (s)   Wall t (s)        (%)
       Time:     1990.868       41.477     4799.9
                 (ns/day)    (hour/ns)
Performance:      208.311        0.115
Finished mdrun on rank 0 Wed Oct 12 16:06:40 2022

