                      :-) GROMACS - gmx mdrun, 2020.4 (-:

                            GROMACS is written by:
     Emile Apol      Rossen Apostolov      Paul Bauer     Herman J.C. Berendsen
    Par Bjelkmar      Christian Blau   Viacheslav Bolnykh     Kevin Boyd    
 Aldert van Buuren   Rudi van Drunen     Anton Feenstra       Alan Gray     
  Gerrit Groenhof     Anca Hamuraru    Vincent Hindriksen  M. Eric Irrgang  
  Aleksei Iupinov   Christoph Junghans     Joe Jordan     Dimitrios Karkoulis
    Peter Kasson        Jiri Kraus      Carsten Kutzner      Per Larsson    
  Justin A. Lemkul    Viveca Lindahl    Magnus Lundborg     Erik Marklund   
    Pascal Merz     Pieter Meulenhoff    Teemu Murtola       Szilard Pall   
    Sander Pronk      Roland Schulz      Michael Shirts    Alexey Shvetsov  
   Alfons Sijbers     Peter Tieleman      Jon Vincent      Teemu Virolainen 
 Christian Wennberg    Maarten Wolf      Artem Zhmurov   
                           and the project leaders:
        Mark Abraham, Berk Hess, Erik Lindahl, and David van der Spoel

Copyright (c) 1991-2000, University of Groningen, The Netherlands.
Copyright (c) 2001-2019, The GROMACS development team at
Uppsala University, Stockholm University and
the Royal Institute of Technology, Sweden.
check out http://www.gromacs.org for more information.

GROMACS is free software; you can redistribute it and/or modify it
under the terms of the GNU Lesser General Public License
as published by the Free Software Foundation; either version 2.1
of the License, or (at your option) any later version.

GROMACS:      gmx mdrun, version 2020.4
Executable:   /share/apps/gromacs/2020.4/openmpi/intel/bin/gmx_mpi
Data prefix:  /share/apps/gromacs/2020.4/openmpi/intel
Working dir:  /scratch/work/courses/CHEM-GA-2671-2022fa/kjt9860/comp-lab-class/Week3/50ns
Process ID:   2257270
Command line:
  gmx_mpi mdrun -deffnm nvt

GROMACS version:    2020.4
Verified release checksum is 79c2857291b034542c26e90512b92fd4b184a1c9d6fa59c55f2e24ccf14e7281
Precision:          single
Memory model:       64 bit
MPI library:        MPI
OpenMP support:     disabled
GPU support:        disabled
SIMD instructions:  AVX_512
FFT library:        Intel MKL
RDTSCP usage:       enabled
TNG support:        enabled
Hwloc support:      disabled
Tracing support:    disabled
C compiler:         /share/apps/openmpi/4.0.5/intel/bin/mpicc Intel 19.1.2.20200623
C compiler flags:   -xCORE-AVX512 -qopt-zmm-usage=high -mkl=sequential -wd3180 -std=gnu99 -ip -funroll-all-loops -alias-const -ansi-alias -no-prec-div -fimf-domain-exclusion=14 -qoverride-limits -O3 -DNDEBUG
C++ compiler:       /share/apps/openmpi/4.0.5/intel/bin/mpicxx Intel 19.1.2.20200623
C++ compiler flags: -xCORE-AVX512 -qopt-zmm-usage=high -mkl=sequential -wd3180 -ip -funroll-all-loops -alias-const -ansi-alias -no-prec-div -fimf-domain-exclusion=14 -qoverride-limits -O3 -DNDEBUG


Running on 1 node with total 48 cores, 48 logical cores
Hardware detected on host cs360.hpc.nyu.edu (the node of MPI rank 0):
  CPU info:
    Vendor: Intel
    Brand:  Intel(R) Xeon(R) Platinum 8268 CPU @ 2.90GHz
    Family: 6   Model: 85   Stepping: 7
    Features: aes apic avx avx2 avx512f avx512cd avx512bw avx512vl clfsh cmov cx8 cx16 f16c fma htt intel lahf mmx msr nonstop_tsc pcid pclmuldq pdcm pdpe1gb popcnt pse rdrnd rdtscp sse2 sse3 sse4.1 sse4.2 ssse3 tdt x2apic
    Number of AVX-512 FMA units: 2
  Hardware topology: Only logical processor count


++++ PLEASE READ AND CITE THE FOLLOWING REFERENCE ++++
M. J. Abraham, T. Murtola, R. Schulz, S. Páll, J. C. Smith, B. Hess, E.
Lindahl
GROMACS: High performance molecular simulations through multi-level
parallelism from laptops to supercomputers
SoftwareX 1 (2015) pp. 19-25
-------- -------- --- Thank You --- -------- --------


++++ PLEASE READ AND CITE THE FOLLOWING REFERENCE ++++
S. Páll, M. J. Abraham, C. Kutzner, B. Hess, E. Lindahl
Tackling Exascale Software Challenges in Molecular Dynamics Simulations with
GROMACS
In S. Markidis & E. Laure (Eds.), Solving Software Challenges for Exascale 8759 (2015) pp. 3-27
-------- -------- --- Thank You --- -------- --------


++++ PLEASE READ AND CITE THE FOLLOWING REFERENCE ++++
S. Pronk, S. Páll, R. Schulz, P. Larsson, P. Bjelkmar, R. Apostolov, M. R.
Shirts, J. C. Smith, P. M. Kasson, D. van der Spoel, B. Hess, and E. Lindahl
GROMACS 4.5: a high-throughput and highly parallel open source molecular
simulation toolkit
Bioinformatics 29 (2013) pp. 845-54
-------- -------- --- Thank You --- -------- --------


++++ PLEASE READ AND CITE THE FOLLOWING REFERENCE ++++
B. Hess and C. Kutzner and D. van der Spoel and E. Lindahl
GROMACS 4: Algorithms for highly efficient, load-balanced, and scalable
molecular simulation
J. Chem. Theory Comput. 4 (2008) pp. 435-447
-------- -------- --- Thank You --- -------- --------


++++ PLEASE READ AND CITE THE FOLLOWING REFERENCE ++++
D. van der Spoel, E. Lindahl, B. Hess, G. Groenhof, A. E. Mark and H. J. C.
Berendsen
GROMACS: Fast, Flexible and Free
J. Comp. Chem. 26 (2005) pp. 1701-1719
-------- -------- --- Thank You --- -------- --------


++++ PLEASE READ AND CITE THE FOLLOWING REFERENCE ++++
E. Lindahl and B. Hess and D. van der Spoel
GROMACS 3.0: A package for molecular simulation and trajectory analysis
J. Mol. Mod. 7 (2001) pp. 306-317
-------- -------- --- Thank You --- -------- --------


++++ PLEASE READ AND CITE THE FOLLOWING REFERENCE ++++
H. J. C. Berendsen, D. van der Spoel and R. van Drunen
GROMACS: A message-passing parallel molecular dynamics implementation
Comp. Phys. Comm. 91 (1995) pp. 43-56
-------- -------- --- Thank You --- -------- --------


++++ PLEASE CITE THE DOI FOR THIS VERSION OF GROMACS ++++
https://doi.org/10.5281/zenodo.4054979
-------- -------- --- Thank You --- -------- --------

Input Parameters:
   integrator                     = md
   tinit                          = 0
   dt                             = 0.002
   nsteps                         = 50000
   init-step                      = 0
   simulation-part                = 1
   comm-mode                      = Linear
   nstcomm                        = 100
   bd-fric                        = 0
   ld-seed                        = 106763280
   emtol                          = 10
   emstep                         = 0.01
   niter                          = 20
   fcstep                         = 0
   nstcgsteep                     = 1000
   nbfgscorr                      = 10
   rtpi                           = 0.05
   nstxout                        = 500
   nstvout                        = 500
   nstfout                        = 0
   nstlog                         = 500
   nstcalcenergy                  = 100
   nstenergy                      = 500
   nstxout-compressed             = 0
   compressed-x-precision         = 1000
   cutoff-scheme                  = Verlet
   nstlist                        = 10
   pbc                            = xyz
   periodic-molecules             = false
   verlet-buffer-tolerance        = 0.005
   rlist                          = 1
   coulombtype                    = PME
   coulomb-modifier               = Potential-shift
   rcoulomb-switch                = 0
   rcoulomb                       = 1
   epsilon-r                      = 1
   epsilon-rf                     = inf
   vdw-type                       = Cut-off
   vdw-modifier                   = Potential-shift
   rvdw-switch                    = 0
   rvdw                           = 1
   DispCorr                       = EnerPres
   table-extension                = 1
   fourierspacing                 = 0.16
   fourier-nx                     = 44
   fourier-ny                     = 44
   fourier-nz                     = 44
   pme-order                      = 4
   ewald-rtol                     = 1e-05
   ewald-rtol-lj                  = 0.001
   lj-pme-comb-rule               = Geometric
   ewald-geometry                 = 0
   epsilon-surface                = 0
   tcoupl                         = V-rescale
   nsttcouple                     = 10
   nh-chain-length                = 0
   print-nose-hoover-chain-variables = false
   pcoupl                         = No
   pcoupltype                     = Isotropic
   nstpcouple                     = -1
   tau-p                          = 1
   compressibility (3x3):
      compressibility[    0]={ 0.00000e+00,  0.00000e+00,  0.00000e+00}
      compressibility[    1]={ 0.00000e+00,  0.00000e+00,  0.00000e+00}
      compressibility[    2]={ 0.00000e+00,  0.00000e+00,  0.00000e+00}
   ref-p (3x3):
      ref-p[    0]={ 0.00000e+00,  0.00000e+00,  0.00000e+00}
      ref-p[    1]={ 0.00000e+00,  0.00000e+00,  0.00000e+00}
      ref-p[    2]={ 0.00000e+00,  0.00000e+00,  0.00000e+00}
   refcoord-scaling               = No
   posres-com (3):
      posres-com[0]= 0.00000e+00
      posres-com[1]= 0.00000e+00
      posres-com[2]= 0.00000e+00
   posres-comB (3):
      posres-comB[0]= 0.00000e+00
      posres-comB[1]= 0.00000e+00
      posres-comB[2]= 0.00000e+00
   QMMM                           = false
   QMconstraints                  = 0
   QMMMscheme                     = 0
   MMChargeScaleFactor            = 1
qm-opts:
   ngQM                           = 0
   constraint-algorithm           = Lincs
   continuation                   = false
   Shake-SOR                      = false
   shake-tol                      = 0.0001
   lincs-order                    = 4
   lincs-iter                     = 1
   lincs-warnangle                = 30
   nwall                          = 0
   wall-type                      = 9-3
   wall-r-linpot                  = -1
   wall-atomtype[0]               = -1
   wall-atomtype[1]               = -1
   wall-density[0]                = 0
   wall-density[1]                = 0
   wall-ewald-zfac                = 3
   pull                           = false
   awh                            = false
   rotation                       = false
   interactiveMD                  = false
   disre                          = No
   disre-weighting                = Conservative
   disre-mixed                    = false
   dr-fc                          = 1000
   dr-tau                         = 0
   nstdisreout                    = 100
   orire-fc                       = 0
   orire-tau                      = 0
   nstorireout                    = 100
   free-energy                    = no
   cos-acceleration               = 0
   deform (3x3):
      deform[    0]={ 0.00000e+00,  0.00000e+00,  0.00000e+00}
      deform[    1]={ 0.00000e+00,  0.00000e+00,  0.00000e+00}
      deform[    2]={ 0.00000e+00,  0.00000e+00,  0.00000e+00}
   simulated-tempering            = false
   swapcoords                     = no
   userint1                       = 0
   userint2                       = 0
   userint3                       = 0
   userint4                       = 0
   userreal1                      = 0
   userreal2                      = 0
   userreal3                      = 0
   userreal4                      = 0
   applied-forces:
     electric-field:
       x:
         E0                       = 0
         omega                    = 0
         t0                       = 0
         sigma                    = 0
       y:
         E0                       = 0
         omega                    = 0
         t0                       = 0
         sigma                    = 0
       z:
         E0                       = 0
         omega                    = 0
         t0                       = 0
         sigma                    = 0
     density-guided-simulation:
       active                     = false
       group                      = protein
       similarity-measure         = inner-product
       atom-spreading-weight      = unity
       force-constant             = 1e+09
       gaussian-transform-spreading-width = 0.2
       gaussian-transform-spreading-range-in-multiples-of-width = 4
       reference-density-filename = reference.mrc
       nst                        = 1
       normalize-densities        = true
       adaptive-force-scaling     = false
       adaptive-force-scaling-time-constant = 4
grpopts:
   nrdf:     4920.79     63837.2
   ref-t:         300         300
   tau-t:         0.1         0.1
annealing:          No          No
annealing-npoints:           0           0
   acc:	           0           0           0
   nfreeze:           N           N           N
   energygrp-flags[  0]: 0

Changing nstlist from 10 to 50, rlist from 1 to 1.115


Initializing Domain Decomposition on 48 ranks
Dynamic load balancing: auto
Using update groups, nr 11645, average size 2.9 atoms, max. radius 0.103 nm
Minimum cell size due to atom displacement: 0.398 nm
Initial maximum distances in bonded interactions:
    two-body bonded interactions: 0.453 nm, LJ-14, atoms 1156 1405
  multi-body bonded interactions: 0.453 nm, Ryckaert-Bell., atoms 1156 1405
Minimum cell size due to bonded interactions: 0.498 nm
Scaling the initial minimum size with 1/0.8 (option -dds) = 1.25
Guess for relative PME load: 0.23
Will use 36 particle-particle and 12 PME only ranks
This is a guess, check the performance at the end of the log file
Using 12 separate PME ranks, as guessed by mdrun
Optimizing the DD grid for 36 cells with a minimum initial size of 0.623 nm
The maximum allowed number of cells is: X 11 Y 11 Z 11
Domain decomposition grid 4 x 3 x 3, separate PME ranks 12
PME domain decomposition: 4 x 3 x 1
Interleaving PP and PME ranks
This rank does only particle-particle work.
Domain decomposition rank 0, coordinates 0 0 0

The initial number of communication pulses is: X 1 Y 1 Z 1
The initial domain decomposition cell size is: X 1.75 nm Y 2.34 nm Z 2.34 nm

The maximum allowed distance for atom groups involved in interactions is:
                 non-bonded interactions           1.322 nm
            two-body bonded interactions  (-rdd)   1.322 nm
          multi-body bonded interactions  (-rdd)   1.322 nm

When dynamic load balancing gets turned on, these settings will change to:
The maximum number of communication pulses is: X 1 Y 1 Z 1
The minimum size for domain decomposition cells is 1.322 nm
The requested allowed shrink of DD cells (option -dds) is: 0.80
The allowed shrink of domain decomposition cells is: X 0.75 Y 0.57 Z 0.57
The maximum allowed distance for atom groups involved in interactions is:
                 non-bonded interactions           1.322 nm
            two-body bonded interactions  (-rdd)   1.322 nm
          multi-body bonded interactions  (-rdd)   1.322 nm

Using 48 MPI processes

Non-default thread affinity set, disabling internal thread affinity
System total charge: -0.000
Will do PME sum in reciprocal space for electrostatic interactions.

++++ PLEASE READ AND CITE THE FOLLOWING REFERENCE ++++
U. Essmann, L. Perera, M. L. Berkowitz, T. Darden, H. Lee and L. G. Pedersen 
A smooth particle mesh Ewald method
J. Chem. Phys. 103 (1995) pp. 8577-8592
-------- -------- --- Thank You --- -------- --------

Using a Gaussian width (1/beta) of 0.320163 nm for Ewald
Potential shift: LJ r^-12: -1.000e+00 r^-6: -1.000e+00, Ewald -1.000e-05
Initialized non-bonded Ewald tables, spacing: 9.33e-04 size: 1073

Generated table with 1057 data points for 1-4 COUL.
Tabscale = 500 points/nm
Generated table with 1057 data points for 1-4 LJ6.
Tabscale = 500 points/nm
Generated table with 1057 data points for 1-4 LJ12.
Tabscale = 500 points/nm

Using SIMD 4x8 nonbonded short-range kernels

Using a dual 4x8 pair-list setup updated with dynamic pruning:
  outer list: updated every 50 steps, buffer 0.115 nm, rlist 1.115 nm
  inner list: updated every 12 steps, buffer 0.002 nm, rlist 1.002 nm
At tolerance 0.005 kJ/mol/ps per atom, equivalent classical 1x1 list would be:
  outer list: updated every 50 steps, buffer 0.243 nm, rlist 1.243 nm
  inner list: updated every 12 steps, buffer 0.047 nm, rlist 1.047 nm

Using geometric Lennard-Jones combination rule

Long Range LJ corr.: <C6> 3.1923e-04

Removing pbc first time

Initializing LINear Constraint Solver

++++ PLEASE READ AND CITE THE FOLLOWING REFERENCE ++++
B. Hess and H. Bekker and H. J. C. Berendsen and J. G. E. M. Fraaije
LINCS: A Linear Constraint Solver for molecular simulations
J. Comp. Chem. 18 (1997) pp. 1463-1472
-------- -------- --- Thank You --- -------- --------

The number of constraints is 959

++++ PLEASE READ AND CITE THE FOLLOWING REFERENCE ++++
S. Miyamoto and P. A. Kollman
SETTLE: An Analytical Version of the SHAKE and RATTLE Algorithms for Rigid
Water Models
J. Comp. Chem. 13 (1992) pp. 952-962
-------- -------- --- Thank You --- -------- --------


Linking all bonded interactions to atoms

Intra-simulation communication will occur every 10 steps.

++++ PLEASE READ AND CITE THE FOLLOWING REFERENCE ++++
G. Bussi, D. Donadio and M. Parrinello
Canonical sampling through velocity rescaling
J. Chem. Phys. 126 (2007) pp. 014101
-------- -------- --- Thank You --- -------- --------

There are: 33876 Atoms
Atom distribution over 36 domains: av 941 stddev 23 min 894 max 992

Constraining the starting coordinates (step 0)

Constraining the coordinates at t0-dt (step 0)
Center of mass motion removal mode is Linear
We have the following groups for center of mass motion removal:
  0:  rest
RMS relative constraint deviation after constraining: 0.00e+00
Initial temperature: 297.923 K

Started mdrun on rank 0 Wed Oct 12 16:05:14 2022

           Step           Time
              0        0.00000

   Energies (kJ/mol)
           Bond          Angle    Proper Dih. Ryckaert-Bell.          LJ-14
    2.14545e+02    9.51081e+02    7.13944e+01    1.42599e+03    2.50003e+03
     Coulomb-14        LJ (SR)  Disper. corr.   Coulomb (SR)   Coul. recip.
    7.77503e+03    8.90576e+04   -4.44920e+03   -6.93445e+05    2.81320e+03
 Position Rest.      Potential    Kinetic En.   Total Energy  Conserved En.
    1.38785e-03   -5.93085e+05    8.51767e+04   -5.07908e+05   -5.07908e+05
    Temperature Pres. DC (bar) Pressure (bar)   Constr. rmsd
    2.97984e+02   -2.14729e+02   -5.38501e+03    2.85318e-06


DD  step 49 load imb.: force 14.1%  pme mesh/force 1.266

DD  step 499 load imb.: force 11.7%  pme mesh/force 0.975
           Step           Time
            500        1.00000

   Energies (kJ/mol)
           Bond          Angle    Proper Dih. Ryckaert-Bell.          LJ-14
    1.59193e+03    3.53283e+03    3.00930e+02    1.88047e+03    2.72316e+03
     Coulomb-14        LJ (SR)  Disper. corr.   Coulomb (SR)   Coul. recip.
    7.78826e+03    9.01589e+04   -4.44920e+03   -6.25990e+05    2.98845e+03
 Position Rest.      Potential    Kinetic En.   Total Energy  Conserved En.
    5.84190e+02   -5.18891e+05    8.57391e+04   -4.33152e+05   -5.07045e+05
    Temperature Pres. DC (bar) Pressure (bar)   Constr. rmsd
    2.99952e+02   -2.14729e+02   -6.86345e+02    2.95498e-06


DD  step 999 load imb.: force 10.5%  pme mesh/force 0.979
           Step           Time
           1000        2.00000

   Energies (kJ/mol)
           Bond          Angle    Proper Dih. Ryckaert-Bell.          LJ-14
    1.32644e+03    3.71689e+03    2.61496e+02    1.94067e+03    2.74533e+03
     Coulomb-14        LJ (SR)  Disper. corr.   Coulomb (SR)   Coul. recip.
    7.66935e+03    9.12015e+04   -4.44920e+03   -6.27416e+05    3.04269e+03
 Position Rest.      Potential    Kinetic En.   Total Energy  Conserved En.
    5.02099e+02   -5.19459e+05    8.50844e+04   -4.34375e+05   -5.07011e+05
    Temperature Pres. DC (bar) Pressure (bar)   Constr. rmsd
    2.97661e+02   -2.14729e+02   -4.27980e+02    2.50068e-06


DD  step 1499 load imb.: force 12.5%  pme mesh/force 0.963
           Step           Time
           1500        3.00000

   Energies (kJ/mol)
           Bond          Angle    Proper Dih. Ryckaert-Bell.          LJ-14
    1.57605e+03    3.68846e+03    2.43012e+02    1.86539e+03    2.68592e+03
     Coulomb-14        LJ (SR)  Disper. corr.   Coulomb (SR)   Coul. recip.
    7.72223e+03    9.14148e+04   -4.44920e+03   -6.29941e+05    3.05096e+03
 Position Rest.      Potential    Kinetic En.   Total Energy  Conserved En.
    5.02715e+02   -5.21640e+05    8.51549e+04   -4.36485e+05   -5.07009e+05
    Temperature Pres. DC (bar) Pressure (bar)   Constr. rmsd
    2.97908e+02   -2.14729e+02   -6.71262e+02    2.69063e-06


DD  step 1999 load imb.: force 11.5%  pme mesh/force 0.980
           Step           Time
           2000        4.00000

   Energies (kJ/mol)
           Bond          Angle    Proper Dih. Ryckaert-Bell.          LJ-14
    1.65141e+03    3.65238e+03    2.34465e+02    1.81201e+03    2.71948e+03
     Coulomb-14        LJ (SR)  Disper. corr.   Coulomb (SR)   Coul. recip.
    7.77096e+03    9.09794e+04   -4.44920e+03   -6.28402e+05    3.07898e+03
 Position Rest.      Potential    Kinetic En.   Total Energy  Conserved En.
    5.19808e+02   -5.20433e+05    8.55859e+04   -4.34847e+05   -5.07005e+05
    Temperature Pres. DC (bar) Pressure (bar)   Constr. rmsd
    2.99416e+02   -2.14729e+02   -5.29535e+02    2.94039e-06


DD  step 2499 load imb.: force 12.7%  pme mesh/force 0.972
           Step           Time
           2500        5.00000

   Energies (kJ/mol)
           Bond          Angle    Proper Dih. Ryckaert-Bell.          LJ-14
    1.47389e+03    3.77193e+03    2.33495e+02    1.79118e+03    2.72150e+03
     Coulomb-14        LJ (SR)  Disper. corr.   Coulomb (SR)   Coul. recip.
    7.72739e+03    9.09833e+04   -4.44920e+03   -6.28914e+05    3.03471e+03
 Position Rest.      Potential    Kinetic En.   Total Energy  Conserved En.
    5.87689e+02   -5.21038e+05    8.59562e+04   -4.35082e+05   -5.07012e+05
    Temperature Pres. DC (bar) Pressure (bar)   Constr. rmsd
    3.00711e+02   -2.14729e+02   -6.42932e+02    3.05843e-06


DD  step 2999 load imb.: force 12.8%  pme mesh/force 0.953
           Step           Time
           3000        6.00000

   Energies (kJ/mol)
           Bond          Angle    Proper Dih. Ryckaert-Bell.          LJ-14
    1.44656e+03    3.71863e+03    2.12731e+02    1.94057e+03    2.70679e+03
     Coulomb-14        LJ (SR)  Disper. corr.   Coulomb (SR)   Coul. recip.
    7.74629e+03    9.12254e+04   -4.44920e+03   -6.29621e+05    3.00634e+03
 Position Rest.      Potential    Kinetic En.   Total Energy  Conserved En.
    4.96485e+02   -5.21570e+05    8.54069e+04   -4.36163e+05   -5.07004e+05
    Temperature Pres. DC (bar) Pressure (bar)   Constr. rmsd
    2.98790e+02   -2.14729e+02   -4.88345e+02    2.86698e-06


DD  step 3499 load imb.: force 12.3%  pme mesh/force 0.984
           Step           Time
           3500        7.00000

   Energies (kJ/mol)
           Bond          Angle    Proper Dih. Ryckaert-Bell.          LJ-14
    1.45803e+03    3.72512e+03    2.66531e+02    1.97544e+03    2.67654e+03
     Coulomb-14        LJ (SR)  Disper. corr.   Coulomb (SR)   Coul. recip.
    7.83748e+03    9.10837e+04   -4.44920e+03   -6.30812e+05    3.03581e+03
 Position Rest.      Potential    Kinetic En.   Total Energy  Conserved En.
    5.06276e+02   -5.22696e+05    8.53726e+04   -4.37323e+05   -5.07012e+05
    Temperature Pres. DC (bar) Pressure (bar)   Constr. rmsd
    2.98670e+02   -2.14729e+02   -7.91051e+02    2.97502e-06


DD  step 3999 load imb.: force 12.0%  pme mesh/force 0.974
           Step           Time
           4000        8.00000

   Energies (kJ/mol)
           Bond          Angle    Proper Dih. Ryckaert-Bell.          LJ-14
    1.32491e+03    3.72594e+03    2.88271e+02    1.88485e+03    2.67222e+03
     Coulomb-14        LJ (SR)  Disper. corr.   Coulomb (SR)   Coul. recip.
    7.75307e+03    9.22771e+04   -4.44920e+03   -6.32468e+05    3.01427e+03
 Position Rest.      Potential    Kinetic En.   Total Energy  Conserved En.
    5.19171e+02   -5.23457e+05    8.47414e+04   -4.38716e+05   -5.07004e+05
    Temperature Pres. DC (bar) Pressure (bar)   Constr. rmsd
    2.96461e+02   -2.14729e+02   -5.25464e+02    2.79327e-06


DD  step 4499 load imb.: force 11.5%  pme mesh/force 0.949
           Step           Time
           4500        9.00000

   Energies (kJ/mol)
           Bond          Angle    Proper Dih. Ryckaert-Bell.          LJ-14
    1.49294e+03    3.66781e+03    2.54727e+02    1.94920e+03    2.72148e+03
     Coulomb-14        LJ (SR)  Disper. corr.   Coulomb (SR)   Coul. recip.
    7.75707e+03    9.01048e+04   -4.44920e+03   -6.28983e+05    2.96314e+03
 Position Rest.      Potential    Kinetic En.   Total Energy  Conserved En.
    5.29557e+02   -5.21992e+05    8.60041e+04   -4.35988e+05   -5.07002e+05
    Temperature Pres. DC (bar) Pressure (bar)   Constr. rmsd
    3.00879e+02   -2.14729e+02   -1.00984e+03    2.96863e-06


DD  step 4999 load imb.: force 12.6%  pme mesh/force 0.972

step 5000 Turning on dynamic load balancing, because the performance loss due to load imbalance is 4.9 %.
           Step           Time
           5000       10.00000

   Energies (kJ/mol)
           Bond          Angle    Proper Dih. Ryckaert-Bell.          LJ-14
    1.27474e+03    3.66003e+03    2.50514e+02    1.85869e+03    2.70251e+03
     Coulomb-14        LJ (SR)  Disper. corr.   Coulomb (SR)   Coul. recip.
    7.82358e+03    9.17665e+04   -4.44920e+03   -6.30940e+05    3.03301e+03
 Position Rest.      Potential    Kinetic En.   Total Energy  Conserved En.
    5.13194e+02   -5.22507e+05    8.48030e+04   -4.37704e+05   -5.07006e+05
    Temperature Pres. DC (bar) Pressure (bar)   Constr. rmsd
    2.96677e+02   -2.14729e+02   -4.40752e+02    2.71778e-06


DD  step 5499  vol min/aver 0.674  load imb.: force  6.7%  pme mesh/force 0.971
           Step           Time
           5500       11.00000

   Energies (kJ/mol)
           Bond          Angle    Proper Dih. Ryckaert-Bell.          LJ-14
    1.50418e+03    3.73457e+03    2.76239e+02    1.89992e+03    2.64480e+03
     Coulomb-14        LJ (SR)  Disper. corr.   Coulomb (SR)   Coul. recip.
    7.77757e+03    9.16283e+04   -4.44920e+03   -6.29557e+05    2.99410e+03
 Position Rest.      Potential    Kinetic En.   Total Energy  Conserved En.
    5.23327e+02   -5.21023e+05    8.62107e+04   -4.34812e+05   -5.06993e+05
    Temperature Pres. DC (bar) Pressure (bar)   Constr. rmsd
    3.01602e+02   -2.14729e+02   -2.41308e+02    2.98981e-06


DD  step 5999  vol min/aver 0.638  load imb.: force  2.6%  pme mesh/force 0.987
           Step           Time
           6000       12.00000

   Energies (kJ/mol)
           Bond          Angle    Proper Dih. Ryckaert-Bell.          LJ-14
    1.44588e+03    3.72753e+03    2.34519e+02    1.95178e+03    2.67496e+03
     Coulomb-14        LJ (SR)  Disper. corr.   Coulomb (SR)   Coul. recip.
    7.86938e+03    9.12392e+04   -4.44920e+03   -6.30347e+05    2.94587e+03
 Position Rest.      Potential    Kinetic En.   Total Energy  Conserved En.
    5.50515e+02   -5.22157e+05    8.58249e+04   -4.36332e+05   -5.06994e+05
    Temperature Pres. DC (bar) Pressure (bar)   Constr. rmsd
    3.00252e+02   -2.14729e+02   -4.40455e+02    2.70096e-06


DD  step 6499  vol min/aver 0.628  load imb.: force  3.2%  pme mesh/force 1.017
           Step           Time
           6500       13.00000

   Energies (kJ/mol)
           Bond          Angle    Proper Dih. Ryckaert-Bell.          LJ-14
    1.39153e+03    3.78905e+03    2.55700e+02    1.95338e+03    2.64933e+03
     Coulomb-14        LJ (SR)  Disper. corr.   Coulomb (SR)   Coul. recip.
    7.80439e+03    9.12223e+04   -4.44920e+03   -6.29223e+05    3.05663e+03
 Position Rest.      Potential    Kinetic En.   Total Energy  Conserved En.
    5.57489e+02   -5.20993e+05    8.50961e+04   -4.35896e+05   -5.06978e+05
    Temperature Pres. DC (bar) Pressure (bar)   Constr. rmsd
    2.97702e+02   -2.14729e+02   -4.67984e+02    2.69674e-06


DD  step 6999  vol min/aver 0.666  load imb.: force  3.0%  pme mesh/force 0.990
           Step           Time
           7000       14.00000

   Energies (kJ/mol)
           Bond          Angle    Proper Dih. Ryckaert-Bell.          LJ-14
    1.34548e+03    3.65201e+03    2.40683e+02    1.81984e+03    2.62746e+03
     Coulomb-14        LJ (SR)  Disper. corr.   Coulomb (SR)   Coul. recip.
    7.80678e+03    9.06468e+04   -4.44920e+03   -6.30032e+05    3.04930e+03
 Position Rest.      Potential    Kinetic En.   Total Energy  Conserved En.
    5.53126e+02   -5.22740e+05    8.58437e+04   -4.36896e+05   -5.07004e+05
    Temperature Pres. DC (bar) Pressure (bar)   Constr. rmsd
    3.00318e+02   -2.14729e+02   -8.94368e+02    2.57969e-06


DD  step 7499  vol min/aver 0.687  load imb.: force  8.4%  pme mesh/force 0.953
           Step           Time
           7500       15.00000

   Energies (kJ/mol)
           Bond          Angle    Proper Dih. Ryckaert-Bell.          LJ-14
    1.44118e+03    3.50442e+03    2.33849e+02    1.83444e+03    2.71968e+03
     Coulomb-14        LJ (SR)  Disper. corr.   Coulomb (SR)   Coul. recip.
    7.79250e+03    9.33173e+04   -4.44920e+03   -6.32431e+05    2.98405e+03
 Position Rest.      Potential    Kinetic En.   Total Energy  Conserved En.
    5.05214e+02   -5.22548e+05    8.56176e+04   -4.36930e+05   -5.06994e+05
    Temperature Pres. DC (bar) Pressure (bar)   Constr. rmsd
    2.99527e+02   -2.14729e+02   -1.53151e+02    2.74021e-06


DD  step 7999  vol min/aver 0.667  load imb.: force 52.8%  pme mesh/force 0.885

step 8000 Turning off dynamic load balancing, because it is degrading performance.
Atom distribution over 36 domains: av 941 stddev 29 min 891 max 1046
           Step           Time
           8000       16.00000

   Energies (kJ/mol)
           Bond          Angle    Proper Dih. Ryckaert-Bell.          LJ-14
    1.48689e+03    3.78672e+03    2.40444e+02    1.79895e+03    2.64318e+03
     Coulomb-14        LJ (SR)  Disper. corr.   Coulomb (SR)   Coul. recip.
    7.67546e+03    9.07536e+04   -4.44920e+03   -6.27831e+05    3.06206e+03
 Position Rest.      Potential    Kinetic En.   Total Energy  Conserved En.
    4.76543e+02   -5.20356e+05    8.55028e+04   -4.34853e+05   -5.06986e+05
    Temperature Pres. DC (bar) Pressure (bar)   Constr. rmsd
    2.99125e+02   -2.14729e+02   -7.43647e+02    3.35600e-06


DD  step 8499 load imb.: force 13.6%  pme mesh/force 0.965
           Step           Time
           8500       17.00000

   Energies (kJ/mol)
           Bond          Angle    Proper Dih. Ryckaert-Bell.          LJ-14
    1.44586e+03    3.84193e+03    2.22096e+02    1.83324e+03    2.65604e+03
     Coulomb-14        LJ (SR)  Disper. corr.   Coulomb (SR)   Coul. recip.
    7.70906e+03    9.23695e+04   -4.44920e+03   -6.31086e+05    2.96065e+03
 Position Rest.      Potential    Kinetic En.   Total Energy  Conserved En.
    5.22511e+02   -5.21974e+05    8.55096e+04   -4.36465e+05   -5.06991e+05
    Temperature Pres. DC (bar) Pressure (bar)   Constr. rmsd
    2.99149e+02   -2.14729e+02   -5.06793e+02    3.14605e-06


DD  step 8999 load imb.: force 12.7%  pme mesh/force 0.983
           Step           Time
           9000       18.00000

   Energies (kJ/mol)
           Bond          Angle    Proper Dih. Ryckaert-Bell.          LJ-14
    1.34060e+03    3.72247e+03    2.29459e+02    1.85963e+03    2.74703e+03
     Coulomb-14        LJ (SR)  Disper. corr.   Coulomb (SR)   Coul. recip.
    7.81625e+03    9.10094e+04   -4.44920e+03   -6.30349e+05    3.01922e+03
 Position Rest.      Potential    Kinetic En.   Total Energy  Conserved En.
    4.82039e+02   -5.22572e+05    8.51765e+04   -4.37395e+05   -5.06977e+05
    Temperature Pres. DC (bar) Pressure (bar)   Constr. rmsd
    2.97984e+02   -2.14729e+02   -6.39982e+02    2.66871e-06


DD  step 9499 load imb.: force 12.7%  pme mesh/force 0.969
           Step           Time
           9500       19.00000

   Energies (kJ/mol)
           Bond          Angle    Proper Dih. Ryckaert-Bell.          LJ-14
    1.40667e+03    3.74598e+03    2.22733e+02    1.78940e+03    2.63387e+03
     Coulomb-14        LJ (SR)  Disper. corr.   Coulomb (SR)   Coul. recip.
    7.72934e+03    9.17568e+04   -4.44920e+03   -6.30201e+05    3.05699e+03
 Position Rest.      Potential    Kinetic En.   Total Energy  Conserved En.
    4.66566e+02   -5.21842e+05    8.55047e+04   -4.36337e+05   -5.06970e+05
    Temperature Pres. DC (bar) Pressure (bar)   Constr. rmsd
    2.99132e+02   -2.14729e+02   -2.55481e+02    2.77758e-06


DD  step 9999 load imb.: force 12.9%  pme mesh/force 1.020
           Step           Time
          10000       20.00000

   Energies (kJ/mol)
           Bond          Angle    Proper Dih. Ryckaert-Bell.          LJ-14
    1.48127e+03    3.73770e+03    2.25064e+02    1.84216e+03    2.69243e+03
     Coulomb-14        LJ (SR)  Disper. corr.   Coulomb (SR)   Coul. recip.
    7.72770e+03    9.16600e+04   -4.44920e+03   -6.31540e+05    2.97990e+03
 Position Rest.      Potential    Kinetic En.   Total Energy  Conserved En.
    4.46723e+02   -5.23197e+05    8.61410e+04   -4.37056e+05   -5.06974e+05
    Temperature Pres. DC (bar) Pressure (bar)   Constr. rmsd
    3.01358e+02   -2.14729e+02   -3.81239e+02    2.65526e-06


DD  step 10499 load imb.: force 12.5%  pme mesh/force 0.973
           Step           Time
          10500       21.00000

   Energies (kJ/mol)
           Bond          Angle    Proper Dih. Ryckaert-Bell.          LJ-14
    1.34386e+03    3.69125e+03    2.49515e+02    1.87914e+03    2.71541e+03
     Coulomb-14        LJ (SR)  Disper. corr.   Coulomb (SR)   Coul. recip.
    7.69105e+03    9.22644e+04   -4.44920e+03   -6.32031e+05    2.99565e+03
 Position Rest.      Potential    Kinetic En.   Total Energy  Conserved En.
    4.67626e+02   -5.23182e+05    8.56234e+04   -4.37559e+05   -5.06985e+05
    Temperature Pres. DC (bar) Pressure (bar)   Constr. rmsd
    2.99547e+02   -2.14729e+02   -4.20564e+02    2.91950e-06


DD  step 10999 load imb.: force 13.4%  pme mesh/force 0.971
           Step           Time
          11000       22.00000

   Energies (kJ/mol)
           Bond          Angle    Proper Dih. Ryckaert-Bell.          LJ-14
    1.35639e+03    3.89986e+03    2.58625e+02    1.70995e+03    2.65835e+03
     Coulomb-14        LJ (SR)  Disper. corr.   Coulomb (SR)   Coul. recip.
    7.63511e+03    9.28181e+04   -4.44920e+03   -6.32259e+05    2.93875e+03
 Position Rest.      Potential    Kinetic En.   Total Energy  Conserved En.
    5.62234e+02   -5.22871e+05    8.61265e+04   -4.36745e+05   -5.06975e+05
    Temperature Pres. DC (bar) Pressure (bar)   Constr. rmsd
    3.01307e+02   -2.14729e+02   -3.43992e+02    3.15934e-06


DD  step 11499 load imb.: force 13.4%  pme mesh/force 0.974
           Step           Time
          11500       23.00000

   Energies (kJ/mol)
           Bond          Angle    Proper Dih. Ryckaert-Bell.          LJ-14
    1.56374e+03    3.76450e+03    2.32601e+02    1.78904e+03    2.62119e+03
     Coulomb-14        LJ (SR)  Disper. corr.   Coulomb (SR)   Coul. recip.
    7.76683e+03    9.20365e+04   -4.44920e+03   -6.31524e+05    3.00412e+03
 Position Rest.      Potential    Kinetic En.   Total Energy  Conserved En.
    5.65744e+02   -5.22629e+05    8.54651e+04   -4.37164e+05   -5.06947e+05
    Temperature Pres. DC (bar) Pressure (bar)   Constr. rmsd
    2.98993e+02   -2.14729e+02   -8.87707e+02    2.81377e-06


DD  step 11999 load imb.: force 14.5%  pme mesh/force 0.962
           Step           Time
          12000       24.00000

   Energies (kJ/mol)
           Bond          Angle    Proper Dih. Ryckaert-Bell.          LJ-14
    1.39762e+03    3.72731e+03    2.49354e+02    1.86714e+03    2.70855e+03
     Coulomb-14        LJ (SR)  Disper. corr.   Coulomb (SR)   Coul. recip.
    7.72656e+03    9.17968e+04   -4.44920e+03   -6.30817e+05    3.08160e+03
 Position Rest.      Potential    Kinetic En.   Total Energy  Conserved En.
    4.95823e+02   -5.22216e+05    8.51893e+04   -4.37026e+05   -5.06961e+05
    Temperature Pres. DC (bar) Pressure (bar)   Constr. rmsd
    2.98028e+02   -2.14729e+02   -5.98685e+02    3.27966e-06


DD  step 12499 load imb.: force 12.8%  pme mesh/force 0.964
           Step           Time
          12500       25.00000

   Energies (kJ/mol)
           Bond          Angle    Proper Dih. Ryckaert-Bell.          LJ-14
    1.40736e+03    3.65873e+03    2.32181e+02    1.81191e+03    2.71531e+03
     Coulomb-14        LJ (SR)  Disper. corr.   Coulomb (SR)   Coul. recip.
    7.77452e+03    9.18447e+04   -4.44920e+03   -6.31809e+05    2.96298e+03
 Position Rest.      Potential    Kinetic En.   Total Energy  Conserved En.
    5.52770e+02   -5.23297e+05    8.59200e+04   -4.37377e+05   -5.06971e+05
    Temperature Pres. DC (bar) Pressure (bar)   Constr. rmsd
    3.00585e+02   -2.14729e+02   -3.55414e+02    2.77103e-06


DD  step 12999 load imb.: force 12.9%  pme mesh/force 0.966
           Step           Time
          13000       26.00000

   Energies (kJ/mol)
           Bond          Angle    Proper Dih. Ryckaert-Bell.          LJ-14
    1.48636e+03    3.65620e+03    2.51766e+02    1.81516e+03    2.66311e+03
     Coulomb-14        LJ (SR)  Disper. corr.   Coulomb (SR)   Coul. recip.
    7.71667e+03    9.29562e+04   -4.44920e+03   -6.32750e+05    2.97240e+03
 Position Rest.      Potential    Kinetic En.   Total Energy  Conserved En.
    5.15097e+02   -5.23167e+05    8.64311e+04   -4.36736e+05   -5.06984e+05
    Temperature Pres. DC (bar) Pressure (bar)   Constr. rmsd
    3.02373e+02   -2.14729e+02   -3.04878e+02    3.03925e-06


DD  step 13499 load imb.: force 13.0%  pme mesh/force 0.969
           Step           Time
          13500       27.00000

   Energies (kJ/mol)
           Bond          Angle    Proper Dih. Ryckaert-Bell.          LJ-14
    1.45799e+03    3.88644e+03    2.38651e+02    1.84800e+03    2.66747e+03
     Coulomb-14        LJ (SR)  Disper. corr.   Coulomb (SR)   Coul. recip.
    7.75060e+03    9.00692e+04   -4.44920e+03   -6.28558e+05    3.05954e+03
 Position Rest.      Potential    Kinetic En.   Total Energy  Conserved En.
    5.28915e+02   -5.21501e+05    8.64561e+04   -4.35045e+05   -5.06963e+05
    Temperature Pres. DC (bar) Pressure (bar)   Constr. rmsd
    3.02460e+02   -2.14729e+02   -8.65724e+02    2.90067e-06


DD  step 13999 load imb.: force 13.9%  pme mesh/force 0.960
           Step           Time
          14000       28.00000

   Energies (kJ/mol)
           Bond          Angle    Proper Dih. Ryckaert-Bell.          LJ-14
    1.47343e+03    3.63942e+03    2.48157e+02    1.94889e+03    2.69051e+03
     Coulomb-14        LJ (SR)  Disper. corr.   Coulomb (SR)   Coul. recip.
    7.79720e+03    9.22936e+04   -4.44920e+03   -6.31933e+05    3.06491e+03
 Position Rest.      Potential    Kinetic En.   Total Energy  Conserved En.
    5.58781e+02   -5.22667e+05    8.50222e+04   -4.37645e+05   -5.06936e+05
    Temperature Pres. DC (bar) Pressure (bar)   Constr. rmsd
    2.97444e+02   -2.14729e+02   -2.54140e+02    2.64850e-06


DD  step 14499 load imb.: force 12.0%  pme mesh/force 0.971
           Step           Time
          14500       29.00000

   Energies (kJ/mol)
           Bond          Angle    Proper Dih. Ryckaert-Bell.          LJ-14
    1.43249e+03    3.70149e+03    2.25693e+02    1.83605e+03    2.63592e+03
     Coulomb-14        LJ (SR)  Disper. corr.   Coulomb (SR)   Coul. recip.
    7.72895e+03    9.17612e+04   -4.44920e+03   -6.31630e+05    2.95953e+03
 Position Rest.      Potential    Kinetic En.   Total Energy  Conserved En.
    4.88040e+02   -5.23309e+05    8.50962e+04   -4.38213e+05   -5.06960e+05
    Temperature Pres. DC (bar) Pressure (bar)   Constr. rmsd
    2.97703e+02   -2.14729e+02   -7.69570e+02    2.67807e-06


DD  step 14999 load imb.: force 14.1%  pme mesh/force 0.962

step 15000 Turning on dynamic load balancing, because the performance loss due to load imbalance is 8.0 %.
           Step           Time
          15000       30.00000

   Energies (kJ/mol)
           Bond          Angle    Proper Dih. Ryckaert-Bell.          LJ-14
    1.54972e+03    3.71799e+03    2.59813e+02    1.84207e+03    2.70110e+03
     Coulomb-14        LJ (SR)  Disper. corr.   Coulomb (SR)   Coul. recip.
    7.75944e+03    9.29924e+04   -4.44920e+03   -6.32384e+05    2.98547e+03
 Position Rest.      Potential    Kinetic En.   Total Energy  Conserved En.
    5.34673e+02   -5.22491e+05    8.64560e+04   -4.36035e+05   -5.06949e+05
    Temperature Pres. DC (bar) Pressure (bar)   Constr. rmsd
    3.02460e+02   -2.14729e+02   -5.56788e+02    2.70278e-06


DD  step 15499  vol min/aver 0.668  load imb.: force  3.4%  pme mesh/force 1.022
           Step           Time
          15500       31.00000

   Energies (kJ/mol)
           Bond          Angle    Proper Dih. Ryckaert-Bell.          LJ-14
    1.27806e+03    3.62345e+03    2.37869e+02    1.89572e+03    2.65927e+03
     Coulomb-14        LJ (SR)  Disper. corr.   Coulomb (SR)   Coul. recip.
    7.74337e+03    9.07088e+04   -4.44920e+03   -6.30032e+05    2.98880e+03
 Position Rest.      Potential    Kinetic En.   Total Energy  Conserved En.
    5.55211e+02   -5.22791e+05    8.47994e+04   -4.37991e+05   -5.06953e+05
    Temperature Pres. DC (bar) Pressure (bar)   Constr. rmsd
    2.96664e+02   -2.14729e+02   -8.66022e+02    2.97065e-06


DD  step 15999  vol min/aver 0.681  load imb.: force  2.6%  pme mesh/force 0.991
           Step           Time
          16000       32.00000

   Energies (kJ/mol)
           Bond          Angle    Proper Dih. Ryckaert-Bell.          LJ-14
    1.37487e+03    3.74358e+03    2.45163e+02    1.78033e+03    2.75420e+03
     Coulomb-14        LJ (SR)  Disper. corr.   Coulomb (SR)   Coul. recip.
    7.72129e+03    9.14575e+04   -4.44920e+03   -6.30324e+05    3.16980e+03
 Position Rest.      Potential    Kinetic En.   Total Energy  Conserved En.
    5.67704e+02   -5.21958e+05    8.48394e+04   -4.37119e+05   -5.06935e+05
    Temperature Pres. DC (bar) Pressure (bar)   Constr. rmsd
    2.96804e+02   -2.14729e+02   -5.44916e+02    2.70178e-06


DD  step 16499  vol min/aver 0.656  load imb.: force  7.2%  pme mesh/force 1.014
           Step           Time
          16500       33.00000

   Energies (kJ/mol)
           Bond          Angle    Proper Dih. Ryckaert-Bell.          LJ-14
    1.47512e+03    3.71832e+03    2.19611e+02    1.84385e+03    2.67677e+03
     Coulomb-14        LJ (SR)  Disper. corr.   Coulomb (SR)   Coul. recip.
    7.76996e+03    9.31259e+04   -4.44920e+03   -6.33136e+05    3.12803e+03
 Position Rest.      Potential    Kinetic En.   Total Energy  Conserved En.
    5.03461e+02   -5.23124e+05    8.64724e+04   -4.36652e+05   -5.06946e+05
    Temperature Pres. DC (bar) Pressure (bar)   Constr. rmsd
    3.02517e+02   -2.14729e+02   -5.23191e+02    3.17658e-06


DD  step 16999  vol min/aver 0.673  load imb.: force  2.9%  pme mesh/force 0.984
           Step           Time
          17000       34.00000

   Energies (kJ/mol)
           Bond          Angle    Proper Dih. Ryckaert-Bell.          LJ-14
    1.48892e+03    3.80025e+03    2.33328e+02    1.81165e+03    2.72002e+03
     Coulomb-14        LJ (SR)  Disper. corr.   Coulomb (SR)   Coul. recip.
    7.74187e+03    9.21910e+04   -4.44920e+03   -6.31746e+05    2.90006e+03
 Position Rest.      Potential    Kinetic En.   Total Energy  Conserved En.
    5.10596e+02   -5.22797e+05    8.56206e+04   -4.37177e+05   -5.06925e+05
    Temperature Pres. DC (bar) Pressure (bar)   Constr. rmsd
    2.99537e+02   -2.14729e+02   -5.44760e+02    2.80516e-06


DD  step 17499  vol min/aver 0.670  load imb.: force  3.3%  pme mesh/force 0.991
           Step           Time
          17500       35.00000

   Energies (kJ/mol)
           Bond          Angle    Proper Dih. Ryckaert-Bell.          LJ-14
    1.51563e+03    3.60386e+03    2.53675e+02    1.88571e+03    2.64564e+03
     Coulomb-14        LJ (SR)  Disper. corr.   Coulomb (SR)   Coul. recip.
    7.82338e+03    9.24084e+04   -4.44920e+03   -6.32345e+05    3.04261e+03
 Position Rest.      Potential    Kinetic En.   Total Energy  Conserved En.
    5.26837e+02   -5.23089e+05    8.57299e+04   -4.37359e+05   -5.06949e+05
    Temperature Pres. DC (bar) Pressure (bar)   Constr. rmsd
    2.99919e+02   -2.14729e+02   -4.54616e+02    2.95948e-06


DD  step 17999  vol min/aver 0.655  load imb.: force  2.4%  pme mesh/force 0.987
           Step           Time
          18000       36.00000

   Energies (kJ/mol)
           Bond          Angle    Proper Dih. Ryckaert-Bell.          LJ-14
    1.45600e+03    3.62036e+03    2.18013e+02    1.86404e+03    2.64126e+03
     Coulomb-14        LJ (SR)  Disper. corr.   Coulomb (SR)   Coul. recip.
    7.73845e+03    9.22082e+04   -4.44920e+03   -6.31348e+05    2.93998e+03
 Position Rest.      Potential    Kinetic En.   Total Energy  Conserved En.
    5.69718e+02   -5.22541e+05    8.54903e+04   -4.37051e+05   -5.06960e+05
    Temperature Pres. DC (bar) Pressure (bar)   Constr. rmsd
    2.99081e+02   -2.14729e+02   -2.25251e+02    2.59012e-06


DD  step 18499  vol min/aver 0.646  load imb.: force  3.1%  pme mesh/force 0.990
           Step           Time
          18500       37.00000

   Energies (kJ/mol)
           Bond          Angle    Proper Dih. Ryckaert-Bell.          LJ-14
    1.43941e+03    3.64524e+03    2.20849e+02    1.78498e+03    2.69372e+03
     Coulomb-14        LJ (SR)  Disper. corr.   Coulomb (SR)   Coul. recip.
    7.71669e+03    9.17626e+04   -4.44920e+03   -6.31188e+05    3.07121e+03
 Position Rest.      Potential    Kinetic En.   Total Energy  Conserved En.
    5.47656e+02   -5.22755e+05    8.58749e+04   -4.36880e+05   -5.06976e+05
    Temperature Pres. DC (bar) Pressure (bar)   Constr. rmsd
    3.00427e+02   -2.14729e+02   -5.42365e+02    3.11100e-06


DD  step 18999  vol min/aver 0.656  load imb.: force  2.7%  pme mesh/force 0.994
           Step           Time
          19000       38.00000

   Energies (kJ/mol)
           Bond          Angle    Proper Dih. Ryckaert-Bell.          LJ-14
    1.42979e+03    3.80114e+03    2.73730e+02    1.85542e+03    2.66970e+03
     Coulomb-14        LJ (SR)  Disper. corr.   Coulomb (SR)   Coul. recip.
    7.80250e+03    9.35211e+04   -4.44920e+03   -6.32411e+05    3.05525e+03
 Position Rest.      Potential    Kinetic En.   Total Energy  Conserved En.
    5.88065e+02   -5.21864e+05    8.62593e+04   -4.35604e+05   -5.06962e+05
    Temperature Pres. DC (bar) Pressure (bar)   Constr. rmsd
    3.01772e+02   -2.14729e+02   -2.80288e+02    3.09559e-06


DD  step 19499  vol min/aver 0.680  load imb.: force  3.3%  pme mesh/force 0.990
           Step           Time
          19500       39.00000

   Energies (kJ/mol)
           Bond          Angle    Proper Dih. Ryckaert-Bell.          LJ-14
    1.46816e+03    3.80620e+03    2.92344e+02    1.82888e+03    2.67619e+03
     Coulomb-14        LJ (SR)  Disper. corr.   Coulomb (SR)   Coul. recip.
    7.69479e+03    9.20716e+04   -4.44920e+03   -6.30976e+05    3.02643e+03
 Position Rest.      Potential    Kinetic En.   Total Energy  Conserved En.
    5.46457e+02   -5.22014e+05    8.49953e+04   -4.37019e+05   -5.06924e+05
    Temperature Pres. DC (bar) Pressure (bar)   Constr. rmsd
    2.97350e+02   -2.14729e+02   -6.17320e+02    3.38651e-06


DD  step 19999  vol min/aver 0.684  load imb.: force  3.6%  pme mesh/force 0.989
           Step           Time
          20000       40.00000

   Energies (kJ/mol)
           Bond          Angle    Proper Dih. Ryckaert-Bell.          LJ-14
    1.41065e+03    3.89305e+03    2.50727e+02    1.82745e+03    2.67712e+03
     Coulomb-14        LJ (SR)  Disper. corr.   Coulomb (SR)   Coul. recip.
    7.65640e+03    9.32128e+04   -4.44920e+03   -6.33405e+05    3.00240e+03
 Position Rest.      Potential    Kinetic En.   Total Energy  Conserved En.
    4.79941e+02   -5.23443e+05    8.58465e+04   -4.37597e+05   -5.06937e+05
    Temperature Pres. DC (bar) Pressure (bar)   Constr. rmsd
    3.00328e+02   -2.14729e+02   -3.24605e+02    3.35002e-06


DD  step 20499  vol min/aver 0.696  load imb.: force  3.5%  pme mesh/force 0.981
           Step           Time
          20500       41.00000

   Energies (kJ/mol)
           Bond          Angle    Proper Dih. Ryckaert-Bell.          LJ-14
    1.40814e+03    3.74983e+03    2.71372e+02    1.75203e+03    2.72868e+03
     Coulomb-14        LJ (SR)  Disper. corr.   Coulomb (SR)   Coul. recip.
    7.79478e+03    9.22893e+04   -4.44920e+03   -6.32168e+05    3.01842e+03
 Position Rest.      Potential    Kinetic En.   Total Energy  Conserved En.
    5.55798e+02   -5.23049e+05    8.50798e+04   -4.37969e+05   -5.06927e+05
    Temperature Pres. DC (bar) Pressure (bar)   Constr. rmsd
    2.97645e+02   -2.14729e+02   -6.62987e+02    2.95100e-06


DD  step 20999  vol min/aver 0.696  load imb.: force  3.6%  pme mesh/force 0.981
           Step           Time
          21000       42.00000

   Energies (kJ/mol)
           Bond          Angle    Proper Dih. Ryckaert-Bell.          LJ-14
    1.49160e+03    3.74955e+03    2.66289e+02    1.84528e+03    2.66073e+03
     Coulomb-14        LJ (SR)  Disper. corr.   Coulomb (SR)   Coul. recip.
    7.71251e+03    9.11057e+04   -4.44920e+03   -6.30554e+05    3.05578e+03
 Position Rest.      Potential    Kinetic En.   Total Energy  Conserved En.
    4.94302e+02   -5.22621e+05    8.56575e+04   -4.36964e+05   -5.06926e+05
    Temperature Pres. DC (bar) Pressure (bar)   Constr. rmsd
    2.99666e+02   -2.14729e+02   -6.68432e+02    2.68533e-06


DD  step 21499  vol min/aver 0.689  load imb.: force  2.2%  pme mesh/force 0.991
           Step           Time
          21500       43.00000

   Energies (kJ/mol)
           Bond          Angle    Proper Dih. Ryckaert-Bell.          LJ-14
    1.42390e+03    3.69690e+03    2.75904e+02    1.83493e+03    2.64260e+03
     Coulomb-14        LJ (SR)  Disper. corr.   Coulomb (SR)   Coul. recip.
    7.78126e+03    9.23713e+04   -4.44920e+03   -6.31795e+05    2.89816e+03
 Position Rest.      Potential    Kinetic En.   Total Energy  Conserved En.
    5.72098e+02   -5.22748e+05    8.52379e+04   -4.37510e+05   -5.06931e+05
    Temperature Pres. DC (bar) Pressure (bar)   Constr. rmsd
    2.98198e+02   -2.14729e+02   -6.00091e+02    2.82463e-06


DD  step 21999  vol min/aver 0.670  load imb.: force  3.6%  pme mesh/force 0.980
           Step           Time
          22000       44.00000

   Energies (kJ/mol)
           Bond          Angle    Proper Dih. Ryckaert-Bell.          LJ-14
    1.40008e+03    3.69132e+03    2.61523e+02    1.83028e+03    2.69119e+03
     Coulomb-14        LJ (SR)  Disper. corr.   Coulomb (SR)   Coul. recip.
    7.77751e+03    9.21440e+04   -4.44920e+03   -6.31393e+05    3.09830e+03
 Position Rest.      Potential    Kinetic En.   Total Energy  Conserved En.
    5.48143e+02   -5.22400e+05    8.55101e+04   -4.36890e+05   -5.06913e+05
    Temperature Pres. DC (bar) Pressure (bar)   Constr. rmsd
    2.99151e+02   -2.14729e+02   -5.52448e+02    2.55792e-06


DD  step 22499  vol min/aver 0.696  load imb.: force  2.9%  pme mesh/force 0.986
           Step           Time
          22500       45.00000

   Energies (kJ/mol)
           Bond          Angle    Proper Dih. Ryckaert-Bell.          LJ-14
    1.61726e+03    3.83588e+03    2.73631e+02    1.82519e+03    2.61982e+03
     Coulomb-14        LJ (SR)  Disper. corr.   Coulomb (SR)   Coul. recip.
    7.69577e+03    9.30206e+04   -4.44920e+03   -6.32287e+05    3.00067e+03
 Position Rest.      Potential    Kinetic En.   Total Energy  Conserved En.
    5.11558e+02   -5.22336e+05    8.61760e+04   -4.36160e+05   -5.06920e+05
    Temperature Pres. DC (bar) Pressure (bar)   Constr. rmsd
    3.01480e+02   -2.14729e+02   -3.32647e+02    2.80329e-06


DD  step 22999  vol min/aver 0.676  load imb.: force  2.9%  pme mesh/force 0.999
           Step           Time
          23000       46.00000

   Energies (kJ/mol)
           Bond          Angle    Proper Dih. Ryckaert-Bell.          LJ-14
    1.39125e+03    3.74003e+03    2.48864e+02    1.87931e+03    2.76133e+03
     Coulomb-14        LJ (SR)  Disper. corr.   Coulomb (SR)   Coul. recip.
    7.73001e+03    9.21427e+04   -4.44920e+03   -6.31290e+05    3.14004e+03
 Position Rest.      Potential    Kinetic En.   Total Energy  Conserved En.
    5.46894e+02   -5.22159e+05    8.52018e+04   -4.36957e+05   -5.06918e+05
    Temperature Pres. DC (bar) Pressure (bar)   Constr. rmsd
    2.98072e+02   -2.14729e+02   -3.26263e+02    3.13344e-06


DD  step 23499  vol min/aver 0.667  load imb.: force  4.5%  pme mesh/force 0.975
           Step           Time
          23500       47.00000

   Energies (kJ/mol)
           Bond          Angle    Proper Dih. Ryckaert-Bell.          LJ-14
    1.39204e+03    3.56557e+03    2.32070e+02    1.91549e+03    2.64769e+03
     Coulomb-14        LJ (SR)  Disper. corr.   Coulomb (SR)   Coul. recip.
    7.75682e+03    9.13690e+04   -4.44920e+03   -6.31238e+05    2.89150e+03
 Position Rest.      Potential    Kinetic En.   Total Energy  Conserved En.
    4.94289e+02   -5.23423e+05    8.52881e+04   -4.38135e+05   -5.06940e+05
    Temperature Pres. DC (bar) Pressure (bar)   Constr. rmsd
    2.98374e+02   -2.14729e+02   -8.07507e+02    2.83807e-06


DD  step 23999  vol min/aver 0.665  load imb.: force  2.5%  pme mesh/force 0.996
           Step           Time
          24000       48.00000

   Energies (kJ/mol)
           Bond          Angle    Proper Dih. Ryckaert-Bell.          LJ-14
    1.35945e+03    3.56594e+03    2.57785e+02    1.83943e+03    2.69958e+03
     Coulomb-14        LJ (SR)  Disper. corr.   Coulomb (SR)   Coul. recip.
    7.73495e+03    9.14343e+04   -4.44920e+03   -6.30884e+05    3.04595e+03
 Position Rest.      Potential    Kinetic En.   Total Energy  Conserved En.
    4.99916e+02   -5.22896e+05    8.58301e+04   -4.37066e+05   -5.06939e+05
    Temperature Pres. DC (bar) Pressure (bar)   Constr. rmsd
    3.00270e+02   -2.14729e+02   -5.17306e+02    2.68243e-06


DD  step 24499  vol min/aver 0.640  load imb.: force  2.8%  pme mesh/force 0.975
           Step           Time
          24500       49.00000

   Energies (kJ/mol)
           Bond          Angle    Proper Dih. Ryckaert-Bell.          LJ-14
    1.46220e+03    3.71313e+03    2.51116e+02    1.74157e+03    2.64461e+03
     Coulomb-14        LJ (SR)  Disper. corr.   Coulomb (SR)   Coul. recip.
    7.69491e+03    9.13320e+04   -4.44920e+03   -6.30351e+05    3.02792e+03
 Position Rest.      Potential    Kinetic En.   Total Energy  Conserved En.
    4.99091e+02   -5.22434e+05    8.52319e+04   -4.37202e+05   -5.06921e+05
    Temperature Pres. DC (bar) Pressure (bar)   Constr. rmsd
    2.98178e+02   -2.14729e+02   -4.20871e+02    2.97175e-06


DD  step 24999  vol min/aver 0.636  load imb.: force  3.6%  pme mesh/force 0.992
           Step           Time
          25000       50.00000

   Energies (kJ/mol)
           Bond          Angle    Proper Dih. Ryckaert-Bell.          LJ-14
    1.49799e+03    3.67245e+03    2.30135e+02    1.86077e+03    2.74428e+03
     Coulomb-14        LJ (SR)  Disper. corr.   Coulomb (SR)   Coul. recip.
    7.82406e+03    9.19822e+04   -4.44920e+03   -6.30443e+05    2.93689e+03
 Position Rest.      Potential    Kinetic En.   Total Energy  Conserved En.
    5.41154e+02   -5.21603e+05    8.57795e+04   -4.35823e+05   -5.06917e+05
    Temperature Pres. DC (bar) Pressure (bar)   Constr. rmsd
    3.00093e+02   -2.14729e+02   -4.19200e+02    2.69426e-06


DD  step 25499  vol min/aver 0.674  load imb.: force  2.9%  pme mesh/force 0.975
           Step           Time
          25500       51.00000

   Energies (kJ/mol)
           Bond          Angle    Proper Dih. Ryckaert-Bell.          LJ-14
    1.43615e+03    3.78918e+03    2.88976e+02    1.90552e+03    2.67617e+03
     Coulomb-14        LJ (SR)  Disper. corr.   Coulomb (SR)   Coul. recip.
    7.80398e+03    9.21389e+04   -4.44920e+03   -6.31308e+05    2.99442e+03
 Position Rest.      Potential    Kinetic En.   Total Energy  Conserved En.
    5.56506e+02   -5.22167e+05    8.61103e+04   -4.36057e+05   -5.06897e+05
    Temperature Pres. DC (bar) Pressure (bar)   Constr. rmsd
    3.01251e+02   -2.14729e+02   -7.86061e+02    2.67806e-06


DD  step 25999  vol min/aver 0.689  load imb.: force  2.8%  pme mesh/force 0.990
           Step           Time
          26000       52.00000

   Energies (kJ/mol)
           Bond          Angle    Proper Dih. Ryckaert-Bell.          LJ-14
    1.44328e+03    3.65729e+03    2.46890e+02    1.80856e+03    2.69346e+03
     Coulomb-14        LJ (SR)  Disper. corr.   Coulomb (SR)   Coul. recip.
    7.78568e+03    9.01674e+04   -4.44920e+03   -6.28604e+05    3.01062e+03
 Position Rest.      Potential    Kinetic En.   Total Energy  Conserved En.
    5.52249e+02   -5.21688e+05    8.59011e+04   -4.35787e+05   -5.06930e+05
    Temperature Pres. DC (bar) Pressure (bar)   Constr. rmsd
    3.00519e+02   -2.14729e+02   -7.40014e+02    2.98112e-06


DD  step 26499  vol min/aver 0.628  load imb.: force  3.9%  pme mesh/force 0.969
           Step           Time
          26500       53.00000

   Energies (kJ/mol)
           Bond          Angle    Proper Dih. Ryckaert-Bell.          LJ-14
    1.47820e+03    3.66319e+03    2.43326e+02    1.82479e+03    2.69752e+03
     Coulomb-14        LJ (SR)  Disper. corr.   Coulomb (SR)   Coul. recip.
    7.80255e+03    9.19287e+04   -4.44920e+03   -6.29771e+05    3.02726e+03
 Position Rest.      Potential    Kinetic En.   Total Energy  Conserved En.
    5.62851e+02   -5.20992e+05    8.64428e+04   -4.34549e+05   -5.06908e+05
    Temperature Pres. DC (bar) Pressure (bar)   Constr. rmsd
    3.02413e+02   -2.14729e+02   -1.37434e+02    2.95751e-06


DD  step 26999  vol min/aver 0.656  load imb.: force  3.1%  pme mesh/force 0.972
           Step           Time
          27000       54.00000

   Energies (kJ/mol)
           Bond          Angle    Proper Dih. Ryckaert-Bell.          LJ-14
    1.48128e+03    3.69319e+03    2.50576e+02    1.84995e+03    2.69019e+03
     Coulomb-14        LJ (SR)  Disper. corr.   Coulomb (SR)   Coul. recip.
    7.84631e+03    9.14164e+04   -4.44920e+03   -6.30805e+05    2.96238e+03
 Position Rest.      Potential    Kinetic En.   Total Energy  Conserved En.
    4.86817e+02   -5.22577e+05    8.59068e+04   -4.36671e+05   -5.06894e+05
    Temperature Pres. DC (bar) Pressure (bar)   Constr. rmsd
    3.00538e+02   -2.14729e+02   -4.87816e+02    2.81859e-06


DD  step 27499  vol min/aver 0.683  load imb.: force  2.1%  pme mesh/force 0.975
           Step           Time
          27500       55.00000

   Energies (kJ/mol)
           Bond          Angle    Proper Dih. Ryckaert-Bell.          LJ-14
    1.51212e+03    3.66186e+03    2.26869e+02    1.85012e+03    2.71449e+03
     Coulomb-14        LJ (SR)  Disper. corr.   Coulomb (SR)   Coul. recip.
    7.82174e+03    9.04963e+04   -4.44920e+03   -6.29475e+05    3.07245e+03
 Position Rest.      Potential    Kinetic En.   Total Energy  Conserved En.
    5.43478e+02   -5.22025e+05    8.63730e+04   -4.35652e+05   -5.06896e+05
    Temperature Pres. DC (bar) Pressure (bar)   Constr. rmsd
    3.02169e+02   -2.14729e+02   -6.82296e+02    3.10388e-06


DD  step 27999  vol min/aver 0.656  load imb.: force  2.7%  pme mesh/force 0.993
           Step           Time
          28000       56.00000

   Energies (kJ/mol)
           Bond          Angle    Proper Dih. Ryckaert-Bell.          LJ-14
    1.42573e+03    3.66665e+03    2.00458e+02    1.79583e+03    2.69898e+03
     Coulomb-14        LJ (SR)  Disper. corr.   Coulomb (SR)   Coul. recip.
    7.75246e+03    9.26810e+04   -4.44920e+03   -6.32408e+05    3.00216e+03
 Position Rest.      Potential    Kinetic En.   Total Energy  Conserved En.
    5.56899e+02   -5.23077e+05    8.58160e+04   -4.37261e+05   -5.06907e+05
    Temperature Pres. DC (bar) Pressure (bar)   Constr. rmsd
    3.00221e+02   -2.14729e+02   -5.56569e+02    2.76075e-06


DD  step 28499  vol min/aver 0.653  load imb.: force  2.8%  pme mesh/force 0.984
           Step           Time
          28500       57.00000

   Energies (kJ/mol)
           Bond          Angle    Proper Dih. Ryckaert-Bell.          LJ-14
    1.40273e+03    3.78829e+03    2.27675e+02    1.77097e+03    2.61460e+03
     Coulomb-14        LJ (SR)  Disper. corr.   Coulomb (SR)   Coul. recip.
    7.76254e+03    9.10617e+04   -4.44920e+03   -6.29781e+05    3.07728e+03
 Position Rest.      Potential    Kinetic En.   Total Energy  Conserved En.
    5.18395e+02   -5.22006e+05    8.56712e+04   -4.36335e+05   -5.06905e+05
    Temperature Pres. DC (bar) Pressure (bar)   Constr. rmsd
    2.99714e+02   -2.14729e+02   -8.21386e+02    2.88247e-06


DD  step 28999  vol min/aver 0.658  load imb.: force  3.7%  pme mesh/force 0.988
           Step           Time
          29000       58.00000

   Energies (kJ/mol)
           Bond          Angle    Proper Dih. Ryckaert-Bell.          LJ-14
    1.51481e+03    3.45562e+03    2.22872e+02    1.83430e+03    2.72614e+03
     Coulomb-14        LJ (SR)  Disper. corr.   Coulomb (SR)   Coul. recip.
    7.72864e+03    9.17872e+04   -4.44920e+03   -6.30412e+05    2.99049e+03
 Position Rest.      Potential    Kinetic En.   Total Energy  Conserved En.
    5.27835e+02   -5.22073e+05    8.48305e+04   -4.37242e+05   -5.06884e+05
    Temperature Pres. DC (bar) Pressure (bar)   Constr. rmsd
    2.96773e+02   -2.14729e+02   -5.73311e+02    2.95703e-06


DD  step 29499  vol min/aver 0.686  load imb.: force  3.6%  pme mesh/force 0.980
           Step           Time
          29500       59.00000

   Energies (kJ/mol)
           Bond          Angle    Proper Dih. Ryckaert-Bell.          LJ-14
    1.39454e+03    3.72037e+03    2.72299e+02    1.87334e+03    2.66486e+03
     Coulomb-14        LJ (SR)  Disper. corr.   Coulomb (SR)   Coul. recip.
    7.72814e+03    9.16087e+04   -4.44920e+03   -6.31504e+05    2.97556e+03
 Position Rest.      Potential    Kinetic En.   Total Energy  Conserved En.
    5.24162e+02   -5.23191e+05    8.59553e+04   -4.37236e+05   -5.06895e+05
    Temperature Pres. DC (bar) Pressure (bar)   Constr. rmsd
    3.00708e+02   -2.14729e+02   -4.87279e+02    2.73454e-06


DD  step 29999  vol min/aver 0.646  load imb.: force  2.7%  pme mesh/force 0.985
           Step           Time
          30000       60.00000

   Energies (kJ/mol)
           Bond          Angle    Proper Dih. Ryckaert-Bell.          LJ-14
    1.60623e+03    3.83999e+03    2.30958e+02    1.77751e+03    2.67526e+03
     Coulomb-14        LJ (SR)  Disper. corr.   Coulomb (SR)   Coul. recip.
    7.68666e+03    9.28254e+04   -4.44920e+03   -6.31440e+05    2.94887e+03
 Position Rest.      Potential    Kinetic En.   Total Energy  Conserved En.
    4.72577e+02   -5.21826e+05    8.58875e+04   -4.35938e+05   -5.06881e+05
    Temperature Pres. DC (bar) Pressure (bar)   Constr. rmsd
    3.00471e+02   -2.14729e+02   -4.70584e+02    2.81352e-06


DD  step 30499  vol min/aver 0.673  load imb.: force  3.4%  pme mesh/force 0.989
           Step           Time
          30500       61.00000

   Energies (kJ/mol)
           Bond          Angle    Proper Dih. Ryckaert-Bell.          LJ-14
    1.35553e+03    3.89904e+03    2.36348e+02    1.84718e+03    2.71735e+03
     Coulomb-14        LJ (SR)  Disper. corr.   Coulomb (SR)   Coul. recip.
    7.77470e+03    9.10404e+04   -4.44920e+03   -6.28909e+05    3.01206e+03
 Position Rest.      Potential    Kinetic En.   Total Energy  Conserved En.
    5.25502e+02   -5.20950e+05    8.57914e+04   -4.35158e+05   -5.06875e+05
    Temperature Pres. DC (bar) Pressure (bar)   Constr. rmsd
    3.00135e+02   -2.14729e+02   -6.67636e+02    3.11921e-06


DD  step 30999  vol min/aver 0.675  load imb.: force  7.6%  pme mesh/force 1.071
           Step           Time
          31000       62.00000

   Energies (kJ/mol)
           Bond          Angle    Proper Dih. Ryckaert-Bell.          LJ-14
    1.53346e+03    3.76794e+03    2.25514e+02    1.85470e+03    2.72001e+03
     Coulomb-14        LJ (SR)  Disper. corr.   Coulomb (SR)   Coul. recip.
    7.73796e+03    9.23387e+04   -4.44920e+03   -6.31612e+05    3.05647e+03
 Position Rest.      Potential    Kinetic En.   Total Energy  Conserved En.
    5.25186e+02   -5.22301e+05    8.57810e+04   -4.36520e+05   -5.06876e+05
    Temperature Pres. DC (bar) Pressure (bar)   Constr. rmsd
    3.00099e+02   -2.14729e+02   -6.11057e+02    2.81026e-06


DD  step 31499  vol min/aver 0.654  load imb.: force  4.5%  pme mesh/force 1.012
           Step           Time
          31500       63.00000

   Energies (kJ/mol)
           Bond          Angle    Proper Dih. Ryckaert-Bell.          LJ-14
    1.40191e+03    3.54449e+03    2.44663e+02    1.79225e+03    2.69841e+03
     Coulomb-14        LJ (SR)  Disper. corr.   Coulomb (SR)   Coul. recip.
    7.75107e+03    9.26554e+04   -4.44920e+03   -6.32108e+05    3.04362e+03
 Position Rest.      Potential    Kinetic En.   Total Energy  Conserved En.
    4.93405e+02   -5.22932e+05    8.57014e+04   -4.37231e+05   -5.06896e+05
    Temperature Pres. DC (bar) Pressure (bar)   Constr. rmsd
    2.99820e+02   -2.14729e+02   -4.12344e+02    2.72612e-06


DD  step 31999  vol min/aver 0.680  load imb.: force  3.6%  pme mesh/force 0.966
           Step           Time
          32000       64.00000

   Energies (kJ/mol)
           Bond          Angle    Proper Dih. Ryckaert-Bell.          LJ-14
    1.40577e+03    3.71969e+03    2.65474e+02    1.97067e+03    2.66913e+03
     Coulomb-14        LJ (SR)  Disper. corr.   Coulomb (SR)   Coul. recip.
    7.73367e+03    9.11179e+04   -4.44920e+03   -6.30300e+05    2.99645e+03
 Position Rest.      Potential    Kinetic En.   Total Energy  Conserved En.
    5.14930e+02   -5.22356e+05    8.69561e+04   -4.35400e+05   -5.06915e+05
    Temperature Pres. DC (bar) Pressure (bar)   Constr. rmsd
    3.04210e+02   -2.14729e+02   -6.32862e+02    3.12008e-06


DD  step 32499  vol min/aver 0.654  load imb.: force  2.3%  pme mesh/force 0.981
           Step           Time
          32500       65.00000

   Energies (kJ/mol)
           Bond          Angle    Proper Dih. Ryckaert-Bell.          LJ-14
    1.47258e+03    3.84714e+03    2.42325e+02    1.83295e+03    2.63941e+03
     Coulomb-14        LJ (SR)  Disper. corr.   Coulomb (SR)   Coul. recip.
    7.71647e+03    9.15350e+04   -4.44920e+03   -6.30954e+05    3.04254e+03
 Position Rest.      Potential    Kinetic En.   Total Energy  Conserved En.
    5.27870e+02   -5.22546e+05    8.64062e+04   -4.36140e+05   -5.06885e+05
    Temperature Pres. DC (bar) Pressure (bar)   Constr. rmsd
    3.02285e+02   -2.14729e+02   -6.20121e+02    3.14069e-06


DD  step 32999  vol min/aver 0.691  load imb.: force  5.3%  pme mesh/force 0.994
           Step           Time
          33000       66.00000

   Energies (kJ/mol)
           Bond          Angle    Proper Dih. Ryckaert-Bell.          LJ-14
    1.39717e+03    3.71730e+03    2.24469e+02    1.73906e+03    2.67346e+03
     Coulomb-14        LJ (SR)  Disper. corr.   Coulomb (SR)   Coul. recip.
    7.69761e+03    9.34672e+04   -4.44920e+03   -6.32848e+05    3.00081e+03
 Position Rest.      Potential    Kinetic En.   Total Energy  Conserved En.
    5.46946e+02   -5.22833e+05    8.59480e+04   -4.36885e+05   -5.06876e+05
    Temperature Pres. DC (bar) Pressure (bar)   Constr. rmsd
    3.00682e+02   -2.14729e+02   -3.42782e+02    2.59781e-06


DD  step 33499  vol min/aver 0.670  load imb.: force  2.8%  pme mesh/force 0.993
           Step           Time
          33500       67.00000

   Energies (kJ/mol)
           Bond          Angle    Proper Dih. Ryckaert-Bell.          LJ-14
    1.41180e+03    3.78198e+03    2.41545e+02    1.83623e+03    2.67667e+03
     Coulomb-14        LJ (SR)  Disper. corr.   Coulomb (SR)   Coul. recip.
    7.77678e+03    9.36672e+04   -4.44920e+03   -6.33884e+05    2.93907e+03
 Position Rest.      Potential    Kinetic En.   Total Energy  Conserved En.
    5.84099e+02   -5.23418e+05    8.62078e+04   -4.37210e+05   -5.06870e+05
    Temperature Pres. DC (bar) Pressure (bar)   Constr. rmsd
    3.01591e+02   -2.14729e+02   -4.07414e+02    2.84027e-06


DD  step 33999  vol min/aver 0.672  load imb.: force  2.8%  pme mesh/force 0.978
           Step           Time
          34000       68.00000

   Energies (kJ/mol)
           Bond          Angle    Proper Dih. Ryckaert-Bell.          LJ-14
    1.50317e+03    3.82229e+03    2.55820e+02    1.86718e+03    2.64403e+03
     Coulomb-14        LJ (SR)  Disper. corr.   Coulomb (SR)   Coul. recip.
    7.71250e+03    9.20037e+04   -4.44920e+03   -6.30757e+05    3.01218e+03
 Position Rest.      Potential    Kinetic En.   Total Energy  Conserved En.
    5.22979e+02   -5.21863e+05    8.57742e+04   -4.36088e+05   -5.06889e+05
    Temperature Pres. DC (bar) Pressure (bar)   Constr. rmsd
    3.00074e+02   -2.14729e+02   -5.33268e+02    2.99970e-06


DD  step 34499  vol min/aver 0.706  load imb.: force  3.0%  pme mesh/force 0.998
           Step           Time
          34500       69.00000

   Energies (kJ/mol)
           Bond          Angle    Proper Dih. Ryckaert-Bell.          LJ-14
    1.44611e+03    3.67900e+03    2.46538e+02    2.01311e+03    2.70289e+03
     Coulomb-14        LJ (SR)  Disper. corr.   Coulomb (SR)   Coul. recip.
    7.65339e+03    9.20524e+04   -4.44920e+03   -6.30570e+05    3.08411e+03
 Position Rest.      Potential    Kinetic En.   Total Energy  Conserved En.
    5.11896e+02   -5.21630e+05    8.56818e+04   -4.35948e+05   -5.06864e+05
    Temperature Pres. DC (bar) Pressure (bar)   Constr. rmsd
    2.99751e+02   -2.14729e+02   -4.65745e+02    3.31334e-06


DD  step 34999  vol min/aver 0.679  load imb.: force  4.1%  pme mesh/force 0.994
           Step           Time
          35000       70.00000

   Energies (kJ/mol)
           Bond          Angle    Proper Dih. Ryckaert-Bell.          LJ-14
    1.42843e+03    3.70848e+03    2.87590e+02    1.96254e+03    2.63191e+03
     Coulomb-14        LJ (SR)  Disper. corr.   Coulomb (SR)   Coul. recip.
    7.74131e+03    9.17333e+04   -4.44920e+03   -6.30168e+05    2.98861e+03
 Position Rest.      Potential    Kinetic En.   Total Energy  Conserved En.
    5.15939e+02   -5.21619e+05    8.52584e+04   -4.36361e+05   -5.06860e+05
    Temperature Pres. DC (bar) Pressure (bar)   Constr. rmsd
    2.98270e+02   -2.14729e+02   -5.97159e+02    2.86219e-06


DD  step 35499  vol min/aver 0.671  load imb.: force  2.3%  pme mesh/force 0.980
           Step           Time
          35500       71.00000

   Energies (kJ/mol)
           Bond          Angle    Proper Dih. Ryckaert-Bell.          LJ-14
    1.57132e+03    3.57301e+03    2.60033e+02    1.93598e+03    2.65340e+03
     Coulomb-14        LJ (SR)  Disper. corr.   Coulomb (SR)   Coul. recip.
    7.69733e+03    9.26489e+04   -4.44920e+03   -6.32580e+05    2.91230e+03
 Position Rest.      Potential    Kinetic En.   Total Energy  Conserved En.
    5.01201e+02   -5.23275e+05    8.62870e+04   -4.36988e+05   -5.06872e+05
    Temperature Pres. DC (bar) Pressure (bar)   Constr. rmsd
    3.01869e+02   -2.14729e+02   -8.86995e+02    2.75336e-06


DD  step 35999  vol min/aver 0.658  load imb.: force  5.3%  pme mesh/force 0.996
           Step           Time
          36000       72.00000

   Energies (kJ/mol)
           Bond          Angle    Proper Dih. Ryckaert-Bell.          LJ-14
    1.47079e+03    3.70793e+03    2.65766e+02    1.92475e+03    2.67313e+03
     Coulomb-14        LJ (SR)  Disper. corr.   Coulomb (SR)   Coul. recip.
    7.72833e+03    9.18023e+04   -4.44920e+03   -6.31567e+05    3.03172e+03
 Position Rest.      Potential    Kinetic En.   Total Energy  Conserved En.
    4.41598e+02   -5.22970e+05    8.59422e+04   -4.37028e+05   -5.06839e+05
    Temperature Pres. DC (bar) Pressure (bar)   Constr. rmsd
    3.00662e+02   -2.14729e+02   -5.52871e+02    3.00296e-06


DD  step 36499  vol min/aver 0.664  load imb.: force  3.5%  pme mesh/force 0.995
           Step           Time
          36500       73.00000

   Energies (kJ/mol)
           Bond          Angle    Proper Dih. Ryckaert-Bell.          LJ-14
    1.49688e+03    3.75757e+03    2.46723e+02    1.87784e+03    2.61621e+03
     Coulomb-14        LJ (SR)  Disper. corr.   Coulomb (SR)   Coul. recip.
    7.74432e+03    9.18059e+04   -4.44920e+03   -6.30478e+05    3.02634e+03
 Position Rest.      Potential    Kinetic En.   Total Energy  Conserved En.
    4.94724e+02   -5.21860e+05    8.60050e+04   -4.35856e+05   -5.06864e+05
    Temperature Pres. DC (bar) Pressure (bar)   Constr. rmsd
    3.00882e+02   -2.14729e+02   -6.61016e+02    2.87035e-06


DD  step 36999  vol min/aver 0.672  load imb.: force  2.6%  pme mesh/force 0.987
           Step           Time
          37000       74.00000

   Energies (kJ/mol)
           Bond          Angle    Proper Dih. Ryckaert-Bell.          LJ-14
    1.44156e+03    3.77750e+03    2.48914e+02    1.83596e+03    2.66468e+03
     Coulomb-14        LJ (SR)  Disper. corr.   Coulomb (SR)   Coul. recip.
    7.70237e+03    9.14742e+04   -4.44920e+03   -6.30830e+05    2.93612e+03
 Position Rest.      Potential    Kinetic En.   Total Energy  Conserved En.
    4.85421e+02   -5.22713e+05    8.61800e+04   -4.36533e+05   -5.06866e+05
    Temperature Pres. DC (bar) Pressure (bar)   Constr. rmsd
    3.01494e+02   -2.14729e+02   -5.64732e+02    3.24371e-06


DD  step 37499  vol min/aver 0.691  load imb.: force  2.4%  pme mesh/force 0.991
           Step           Time
          37500       75.00000

   Energies (kJ/mol)
           Bond          Angle    Proper Dih. Ryckaert-Bell.          LJ-14
    1.50533e+03    3.73423e+03    2.22501e+02    1.95915e+03    2.58719e+03
     Coulomb-14        LJ (SR)  Disper. corr.   Coulomb (SR)   Coul. recip.
    7.66707e+03    9.22725e+04   -4.44920e+03   -6.30940e+05    2.99635e+03
 Position Rest.      Potential    Kinetic En.   Total Energy  Conserved En.
    5.33059e+02   -5.21912e+05    8.53938e+04   -4.36518e+05   -5.06854e+05
    Temperature Pres. DC (bar) Pressure (bar)   Constr. rmsd
    2.98744e+02   -2.14729e+02   -8.07445e+02    3.16053e-06


DD  step 37999  vol min/aver 0.670  load imb.: force  7.0%  pme mesh/force 0.987
           Step           Time
          38000       76.00000

   Energies (kJ/mol)
           Bond          Angle    Proper Dih. Ryckaert-Bell.          LJ-14
    1.46834e+03    3.67567e+03    2.78333e+02    1.91209e+03    2.65425e+03
     Coulomb-14        LJ (SR)  Disper. corr.   Coulomb (SR)   Coul. recip.
    7.68204e+03    9.15890e+04   -4.44920e+03   -6.31026e+05    2.97921e+03
 Position Rest.      Potential    Kinetic En.   Total Energy  Conserved En.
    5.22772e+02   -5.22714e+05    8.59670e+04   -4.36747e+05   -5.06848e+05
    Temperature Pres. DC (bar) Pressure (bar)   Constr. rmsd
    3.00749e+02   -2.14729e+02   -3.79301e+02    3.13197e-06


DD  step 38499  vol min/aver 0.645  load imb.: force  3.1%  pme mesh/force 0.987
           Step           Time
          38500       77.00000

   Energies (kJ/mol)
           Bond          Angle    Proper Dih. Ryckaert-Bell.          LJ-14
    1.44202e+03    3.78427e+03    2.95925e+02    1.91893e+03    2.72541e+03
     Coulomb-14        LJ (SR)  Disper. corr.   Coulomb (SR)   Coul. recip.
    7.79251e+03    9.15381e+04   -4.44920e+03   -6.30217e+05    3.04095e+03
 Position Rest.      Potential    Kinetic En.   Total Energy  Conserved En.
    5.27145e+02   -5.21601e+05    8.53440e+04   -4.36257e+05   -5.06838e+05
    Temperature Pres. DC (bar) Pressure (bar)   Constr. rmsd
    2.98569e+02   -2.14729e+02   -4.74845e+02    2.66055e-06


DD  step 38999  vol min/aver 0.650  load imb.: force  3.2%  pme mesh/force 0.984
           Step           Time
          39000       78.00000

   Energies (kJ/mol)
           Bond          Angle    Proper Dih. Ryckaert-Bell.          LJ-14
    1.50125e+03    3.81526e+03    2.34184e+02    1.90620e+03    2.62506e+03
     Coulomb-14        LJ (SR)  Disper. corr.   Coulomb (SR)   Coul. recip.
    7.64180e+03    9.17685e+04   -4.44920e+03   -6.30882e+05    2.98842e+03
 Position Rest.      Potential    Kinetic En.   Total Energy  Conserved En.
    5.29812e+02   -5.22321e+05    8.52819e+04   -4.37039e+05   -5.06838e+05
    Temperature Pres. DC (bar) Pressure (bar)   Constr. rmsd
    2.98352e+02   -2.14729e+02   -7.60318e+02    2.82411e-06


DD  step 39499  vol min/aver 0.641  load imb.: force  2.5%  pme mesh/force 0.996
           Step           Time
          39500       79.00000

   Energies (kJ/mol)
           Bond          Angle    Proper Dih. Ryckaert-Bell.          LJ-14
    1.49133e+03    3.75558e+03    2.91410e+02    1.90021e+03    2.59658e+03
     Coulomb-14        LJ (SR)  Disper. corr.   Coulomb (SR)   Coul. recip.
    7.74028e+03    9.20567e+04   -4.44920e+03   -6.31988e+05    3.07060e+03
 Position Rest.      Potential    Kinetic En.   Total Energy  Conserved En.
    4.77997e+02   -5.23057e+05    8.47374e+04   -4.38319e+05   -5.06829e+05
    Temperature Pres. DC (bar) Pressure (bar)   Constr. rmsd
    2.96448e+02   -2.14729e+02   -6.63411e+02    2.80206e-06


DD  step 39999  vol min/aver 0.650  load imb.: force  4.3%  pme mesh/force 0.993
           Step           Time
          40000       80.00000

   Energies (kJ/mol)
           Bond          Angle    Proper Dih. Ryckaert-Bell.          LJ-14
    1.47954e+03    3.70839e+03    2.64407e+02    1.87394e+03    2.70062e+03
     Coulomb-14        LJ (SR)  Disper. corr.   Coulomb (SR)   Coul. recip.
    7.69392e+03    9.17808e+04   -4.44920e+03   -6.31879e+05    3.02450e+03
 Position Rest.      Potential    Kinetic En.   Total Energy  Conserved En.
    4.88085e+02   -5.23314e+05    8.56048e+04   -4.37709e+05   -5.06829e+05
    Temperature Pres. DC (bar) Pressure (bar)   Constr. rmsd
    2.99482e+02   -2.14729e+02   -5.98966e+02    2.88406e-06


DD  step 40499  vol min/aver 0.658  load imb.: force  5.4%  pme mesh/force 0.986
           Step           Time
          40500       81.00000

   Energies (kJ/mol)
           Bond          Angle    Proper Dih. Ryckaert-Bell.          LJ-14
    1.47324e+03    3.81451e+03    2.70849e+02    1.96289e+03    2.66124e+03
     Coulomb-14        LJ (SR)  Disper. corr.   Coulomb (SR)   Coul. recip.
    7.71694e+03    9.25519e+04   -4.44920e+03   -6.31898e+05    3.06940e+03
 Position Rest.      Potential    Kinetic En.   Total Energy  Conserved En.
    5.11738e+02   -5.22314e+05    8.59671e+04   -4.36347e+05   -5.06832e+05
    Temperature Pres. DC (bar) Pressure (bar)   Constr. rmsd
    3.00750e+02   -2.14729e+02   -6.20134e+02    2.75020e-06


DD  step 40999  vol min/aver 0.671  load imb.: force  3.1%  pme mesh/force 0.971
           Step           Time
          41000       82.00000

   Energies (kJ/mol)
           Bond          Angle    Proper Dih. Ryckaert-Bell.          LJ-14
    1.51834e+03    3.70931e+03    2.15668e+02    1.88129e+03    2.66961e+03
     Coulomb-14        LJ (SR)  Disper. corr.   Coulomb (SR)   Coul. recip.
    7.65454e+03    9.24739e+04   -4.44920e+03   -6.31735e+05    2.98659e+03
 Position Rest.      Potential    Kinetic En.   Total Energy  Conserved En.
    5.17099e+02   -5.22557e+05    8.58729e+04   -4.36685e+05   -5.06831e+05
    Temperature Pres. DC (bar) Pressure (bar)   Constr. rmsd
    3.00420e+02   -2.14729e+02   -5.81489e+02    2.81589e-06


DD  step 41499  vol min/aver 0.656  load imb.: force  2.6%  pme mesh/force 0.977
           Step           Time
          41500       83.00000

   Energies (kJ/mol)
           Bond          Angle    Proper Dih. Ryckaert-Bell.          LJ-14
    1.52479e+03    3.69489e+03    2.40620e+02    1.87109e+03    2.72285e+03
     Coulomb-14        LJ (SR)  Disper. corr.   Coulomb (SR)   Coul. recip.
    7.81689e+03    9.28753e+04   -4.44920e+03   -6.33217e+05    2.98756e+03
 Position Rest.      Potential    Kinetic En.   Total Energy  Conserved En.
    5.28246e+02   -5.23404e+05    8.59760e+04   -4.37428e+05   -5.06825e+05
    Temperature Pres. DC (bar) Pressure (bar)   Constr. rmsd
    3.00781e+02   -2.14729e+02   -4.45585e+02    2.99965e-06


DD  step 41999  vol min/aver 0.646  load imb.: force  3.1%  pme mesh/force 0.982
           Step           Time
          42000       84.00000

   Energies (kJ/mol)
           Bond          Angle    Proper Dih. Ryckaert-Bell.          LJ-14
    1.43851e+03    3.72148e+03    2.36127e+02    1.86418e+03    2.67680e+03
     Coulomb-14        LJ (SR)  Disper. corr.   Coulomb (SR)   Coul. recip.
    7.74320e+03    9.16771e+04   -4.44920e+03   -6.29702e+05    2.97392e+03
 Position Rest.      Potential    Kinetic En.   Total Energy  Conserved En.
    4.70876e+02   -5.21349e+05    8.58578e+04   -4.35492e+05   -5.06835e+05
    Temperature Pres. DC (bar) Pressure (bar)   Constr. rmsd
    3.00367e+02   -2.14729e+02   -4.76890e+02    2.97567e-06


DD  step 42499  vol min/aver 0.621  load imb.: force  3.5%  pme mesh/force 0.983
           Step           Time
          42500       85.00000

   Energies (kJ/mol)
           Bond          Angle    Proper Dih. Ryckaert-Bell.          LJ-14
    1.54957e+03    3.79173e+03    2.62331e+02    1.87732e+03    2.70643e+03
     Coulomb-14        LJ (SR)  Disper. corr.   Coulomb (SR)   Coul. recip.
    7.74193e+03    9.22388e+04   -4.44920e+03   -6.31234e+05    3.04404e+03
 Position Rest.      Potential    Kinetic En.   Total Energy  Conserved En.
    5.08933e+02   -5.21962e+05    8.58303e+04   -4.36131e+05   -5.06823e+05
    Temperature Pres. DC (bar) Pressure (bar)   Constr. rmsd
    3.00271e+02   -2.14729e+02   -4.00545e+02    2.82761e-06


DD  step 42999  vol min/aver 0.654  load imb.: force  2.5%  pme mesh/force 0.974
           Step           Time
          43000       86.00000

   Energies (kJ/mol)
           Bond          Angle    Proper Dih. Ryckaert-Bell.          LJ-14
    1.36003e+03    3.74004e+03    2.47554e+02    1.86717e+03    2.77432e+03
     Coulomb-14        LJ (SR)  Disper. corr.   Coulomb (SR)   Coul. recip.
    7.81921e+03    9.17414e+04   -4.44920e+03   -6.30294e+05    3.04557e+03
 Position Rest.      Potential    Kinetic En.   Total Energy  Conserved En.
    5.22456e+02   -5.21625e+05    8.61626e+04   -4.35463e+05   -5.06864e+05
    Temperature Pres. DC (bar) Pressure (bar)   Constr. rmsd
    3.01433e+02   -2.14729e+02   -6.40310e+02    3.00775e-06


DD  step 43499  vol min/aver 0.666  load imb.: force  3.2%  pme mesh/force 0.988
           Step           Time
          43500       87.00000

   Energies (kJ/mol)
           Bond          Angle    Proper Dih. Ryckaert-Bell.          LJ-14
    1.48267e+03    3.70148e+03    2.56746e+02    1.92686e+03    2.67363e+03
     Coulomb-14        LJ (SR)  Disper. corr.   Coulomb (SR)   Coul. recip.
    7.67990e+03    9.29319e+04   -4.44920e+03   -6.32867e+05    2.99093e+03
 Position Rest.      Potential    Kinetic En.   Total Energy  Conserved En.
    5.20755e+02   -5.23152e+05    8.64195e+04   -4.36732e+05   -5.06847e+05
    Temperature Pres. DC (bar) Pressure (bar)   Constr. rmsd
    3.02332e+02   -2.14729e+02   -3.94930e+02    2.97963e-06


DD  step 43999  vol min/aver 0.673  load imb.: force 12.1%  pme mesh/force 0.992

step 44000 Turning off dynamic load balancing, because it is degrading performance.
Atom distribution over 36 domains: av 941 stddev 28 min 904 max 1035
           Step           Time
          44000       88.00000

   Energies (kJ/mol)
           Bond          Angle    Proper Dih. Ryckaert-Bell.          LJ-14
    1.53821e+03    3.66963e+03    2.45443e+02    1.88494e+03    2.76150e+03
     Coulomb-14        LJ (SR)  Disper. corr.   Coulomb (SR)   Coul. recip.
    7.79553e+03    9.08656e+04   -4.44920e+03   -6.30481e+05    3.04173e+03
 Position Rest.      Potential    Kinetic En.   Total Energy  Conserved En.
    4.69100e+02   -5.22658e+05    8.60296e+04   -4.36629e+05   -5.06836e+05
    Temperature Pres. DC (bar) Pressure (bar)   Constr. rmsd
    3.00968e+02   -2.14729e+02   -4.02575e+02    3.00939e-06


DD  step 44499 load imb.: force 12.5%  pme mesh/force 0.971
           Step           Time
          44500       89.00000

   Energies (kJ/mol)
           Bond          Angle    Proper Dih. Ryckaert-Bell.          LJ-14
    1.44384e+03    3.68417e+03    3.21057e+02    1.87206e+03    2.64295e+03
     Coulomb-14        LJ (SR)  Disper. corr.   Coulomb (SR)   Coul. recip.
    7.81799e+03    9.23586e+04   -4.44920e+03   -6.33362e+05    3.01159e+03
 Position Rest.      Potential    Kinetic En.   Total Energy  Conserved En.
    4.77227e+02   -5.24182e+05    8.53308e+04   -4.38851e+05   -5.06829e+05
    Temperature Pres. DC (bar) Pressure (bar)   Constr. rmsd
    2.98523e+02   -2.14729e+02   -6.94351e+02    2.83703e-06


DD  step 44999 load imb.: force 12.1%  pme mesh/force 0.962

step 45000 Will no longer try dynamic load balancing, as it degraded performance.
           Step           Time
          45000       90.00000

   Energies (kJ/mol)
           Bond          Angle    Proper Dih. Ryckaert-Bell.          LJ-14
    1.59596e+03    3.67715e+03    2.29424e+02    1.83200e+03    2.72139e+03
     Coulomb-14        LJ (SR)  Disper. corr.   Coulomb (SR)   Coul. recip.
    7.80186e+03    9.16336e+04   -4.44920e+03   -6.31937e+05    3.04641e+03
 Position Rest.      Potential    Kinetic En.   Total Energy  Conserved En.
    5.53676e+02   -5.23295e+05    8.62796e+04   -4.37016e+05   -5.06821e+05
    Temperature Pres. DC (bar) Pressure (bar)   Constr. rmsd
    3.01843e+02   -2.14729e+02   -8.51625e+02    2.99067e-06


DD  step 45499 load imb.: force 12.2%  pme mesh/force 1.025
           Step           Time
          45500       91.00000

   Energies (kJ/mol)
           Bond          Angle    Proper Dih. Ryckaert-Bell.          LJ-14
    1.44295e+03    3.55798e+03    2.59926e+02    1.84054e+03    2.70485e+03
     Coulomb-14        LJ (SR)  Disper. corr.   Coulomb (SR)   Coul. recip.
    7.77940e+03    9.20254e+04   -4.44920e+03   -6.33059e+05    2.97861e+03
 Position Rest.      Potential    Kinetic En.   Total Energy  Conserved En.
    5.46434e+02   -5.24372e+05    8.54760e+04   -4.38896e+05   -5.06838e+05
    Temperature Pres. DC (bar) Pressure (bar)   Constr. rmsd
    2.99031e+02   -2.14729e+02   -4.19545e+02    2.95899e-06


DD  step 45999 load imb.: force 12.5%  pme mesh/force 0.965
           Step           Time
          46000       92.00000

   Energies (kJ/mol)
           Bond          Angle    Proper Dih. Ryckaert-Bell.          LJ-14
    1.50382e+03    3.65496e+03    2.68199e+02    1.78874e+03    2.60603e+03
     Coulomb-14        LJ (SR)  Disper. corr.   Coulomb (SR)   Coul. recip.
    7.76036e+03    9.16594e+04   -4.44920e+03   -6.32656e+05    2.95621e+03
 Position Rest.      Potential    Kinetic En.   Total Energy  Conserved En.
    5.05649e+02   -5.24402e+05    8.51159e+04   -4.39286e+05   -5.06841e+05
    Temperature Pres. DC (bar) Pressure (bar)   Constr. rmsd
    2.97772e+02   -2.14729e+02   -8.43677e+02    3.09771e-06


DD  step 46499 load imb.: force 13.5%  pme mesh/force 0.970
           Step           Time
          46500       93.00000

   Energies (kJ/mol)
           Bond          Angle    Proper Dih. Ryckaert-Bell.          LJ-14
    1.47655e+03    3.76018e+03    2.55398e+02    1.83972e+03    2.70189e+03
     Coulomb-14        LJ (SR)  Disper. corr.   Coulomb (SR)   Coul. recip.
    7.73326e+03    9.37894e+04   -4.44920e+03   -6.33415e+05    3.04344e+03
 Position Rest.      Potential    Kinetic En.   Total Energy  Conserved En.
    5.24659e+02   -5.22740e+05    8.55514e+04   -4.37188e+05   -5.06824e+05
    Temperature Pres. DC (bar) Pressure (bar)   Constr. rmsd
    2.99295e+02   -2.14729e+02   -1.49743e+02    2.99913e-06


DD  step 46999 load imb.: force 12.7%  pme mesh/force 0.961
           Step           Time
          47000       94.00000

   Energies (kJ/mol)
           Bond          Angle    Proper Dih. Ryckaert-Bell.          LJ-14
    1.41199e+03    3.82744e+03    2.53861e+02    1.89952e+03    2.66049e+03
     Coulomb-14        LJ (SR)  Disper. corr.   Coulomb (SR)   Coul. recip.
    7.72523e+03    9.09997e+04   -4.44920e+03   -6.31358e+05    3.13156e+03
 Position Rest.      Potential    Kinetic En.   Total Energy  Conserved En.
    5.33194e+02   -5.23365e+05    8.55004e+04   -4.37864e+05   -5.06821e+05
    Temperature Pres. DC (bar) Pressure (bar)   Constr. rmsd
    2.99117e+02   -2.14729e+02   -7.46126e+02    2.75007e-06


DD  step 47499 load imb.: force 12.5%  pme mesh/force 0.973
           Step           Time
          47500       95.00000

   Energies (kJ/mol)
           Bond          Angle    Proper Dih. Ryckaert-Bell.          LJ-14
    1.58297e+03    3.63784e+03    2.25936e+02    1.92239e+03    2.70343e+03
     Coulomb-14        LJ (SR)  Disper. corr.   Coulomb (SR)   Coul. recip.
    7.76710e+03    9.03873e+04   -4.44920e+03   -6.30571e+05    3.00626e+03
 Position Rest.      Potential    Kinetic En.   Total Energy  Conserved En.
    5.61642e+02   -5.23226e+05    8.58277e+04   -4.37398e+05   -5.06825e+05
    Temperature Pres. DC (bar) Pressure (bar)   Constr. rmsd
    3.00262e+02   -2.14729e+02   -1.00771e+03    2.80509e-06


DD  step 47999 load imb.: force 14.3%  pme mesh/force 0.966
           Step           Time
          48000       96.00000

   Energies (kJ/mol)
           Bond          Angle    Proper Dih. Ryckaert-Bell.          LJ-14
    1.43652e+03    3.70196e+03    2.45263e+02    1.84634e+03    2.61448e+03
     Coulomb-14        LJ (SR)  Disper. corr.   Coulomb (SR)   Coul. recip.
    7.71746e+03    9.21197e+04   -4.44920e+03   -6.31507e+05    3.01975e+03
 Position Rest.      Potential    Kinetic En.   Total Energy  Conserved En.
    5.28792e+02   -5.22726e+05    8.50828e+04   -4.37643e+05   -5.06814e+05
    Temperature Pres. DC (bar) Pressure (bar)   Constr. rmsd
    2.97656e+02   -2.14729e+02   -5.57114e+02    3.22639e-06


DD  step 48499 load imb.: force 13.5%  pme mesh/force 0.969
           Step           Time
          48500       97.00000

   Energies (kJ/mol)
           Bond          Angle    Proper Dih. Ryckaert-Bell.          LJ-14
    1.46019e+03    3.78346e+03    2.67178e+02    1.87985e+03    2.75022e+03
     Coulomb-14        LJ (SR)  Disper. corr.   Coulomb (SR)   Coul. recip.
    7.70210e+03    9.13332e+04   -4.44920e+03   -6.30799e+05    2.98987e+03
 Position Rest.      Potential    Kinetic En.   Total Energy  Conserved En.
    5.28590e+02   -5.22554e+05    8.52006e+04   -4.37353e+05   -5.06808e+05
    Temperature Pres. DC (bar) Pressure (bar)   Constr. rmsd
    2.98068e+02   -2.14729e+02   -6.57948e+02    2.89872e-06


DD  step 48999 load imb.: force 14.7%  pme mesh/force 0.959
           Step           Time
          49000       98.00000

   Energies (kJ/mol)
           Bond          Angle    Proper Dih. Ryckaert-Bell.          LJ-14
    1.42015e+03    3.60775e+03    2.29122e+02    1.91747e+03    2.68577e+03
     Coulomb-14        LJ (SR)  Disper. corr.   Coulomb (SR)   Coul. recip.
    7.77004e+03    9.30672e+04   -4.44920e+03   -6.33274e+05    2.96898e+03
 Position Rest.      Potential    Kinetic En.   Total Energy  Conserved En.
    5.26318e+02   -5.23530e+05    8.53403e+04   -4.38190e+05   -5.06819e+05
    Temperature Pres. DC (bar) Pressure (bar)   Constr. rmsd
    2.98557e+02   -2.14729e+02   -5.93399e+02    2.68967e-06


DD  step 49499 load imb.: force 12.3%  pme mesh/force 0.975
           Step           Time
          49500       99.00000

   Energies (kJ/mol)
           Bond          Angle    Proper Dih. Ryckaert-Bell.          LJ-14
    1.51238e+03    3.73134e+03    2.85892e+02    1.79138e+03    2.68754e+03
     Coulomb-14        LJ (SR)  Disper. corr.   Coulomb (SR)   Coul. recip.
    7.83729e+03    9.26871e+04   -4.44920e+03   -6.32716e+05    3.00776e+03
 Position Rest.      Potential    Kinetic En.   Total Energy  Conserved En.
    5.70161e+02   -5.23055e+05    8.61153e+04   -4.36939e+05   -5.06821e+05
    Temperature Pres. DC (bar) Pressure (bar)   Constr. rmsd
    3.01268e+02   -2.14729e+02   -4.22458e+02    2.88396e-06


DD  step 49999 load imb.: force 12.2%  pme mesh/force 0.974
           Step           Time
          50000      100.00000

Writing checkpoint, step 50000 at Wed Oct 12 16:05:54 2022


   Energies (kJ/mol)
           Bond          Angle    Proper Dih. Ryckaert-Bell.          LJ-14
    1.45965e+03    3.75321e+03    2.42642e+02    1.87539e+03    2.70107e+03
     Coulomb-14        LJ (SR)  Disper. corr.   Coulomb (SR)   Coul. recip.
    7.64869e+03    9.10524e+04   -4.44920e+03   -6.29663e+05    2.99613e+03
 Position Rest.      Potential    Kinetic En.   Total Energy  Conserved En.
    5.57444e+02   -5.21825e+05    8.58476e+04   -4.35978e+05   -5.06809e+05
    Temperature Pres. DC (bar) Pressure (bar)   Constr. rmsd
    3.00332e+02   -2.14729e+02   -4.66854e+02    2.70975e-06


	<======  ###############  ==>
	<====  A V E R A G E S  ====>
	<==  ###############  ======>

	Statistics over 50001 steps using 501 frames

   Energies (kJ/mol)
           Bond          Angle    Proper Dih. Ryckaert-Bell.          LJ-14
    1.44976e+03    3.70956e+03    2.49774e+02    1.85670e+03    2.68918e+03
     Coulomb-14        LJ (SR)  Disper. corr.   Coulomb (SR)   Coul. recip.
    7.75388e+03    9.18874e+04   -4.44920e+03   -6.31194e+05    3.01192e+03
 Position Rest.      Potential    Kinetic En.   Total Energy  Conserved En.
    5.19534e+02   -5.22515e+05    8.56790e+04   -4.36836e+05   -5.06915e+05
    Temperature Pres. DC (bar) Pressure (bar)   Constr. rmsd
    2.99742e+02   -2.14729e+02   -5.43521e+02    0.00000e+00

   Total Virial (kJ/mol)
    3.41438e+04   -7.27159e+00   -1.31702e+02
   -7.92718e+00    3.41961e+04    1.20051e+02
   -1.32800e+02    1.19893e+02    3.42524e+04

   Pressure (bar)
   -5.37195e+02    3.88964e-01    1.28142e+01
    4.52167e-01   -5.43578e+02   -1.35230e+01
    1.29200e+01   -1.35078e+01   -5.49789e+02

      T-Protein  T-non-Protein
    3.00116e+02    2.99713e+02


	M E G A - F L O P S   A C C O U N T I N G

 NB=Group-cutoff nonbonded kernels    NxN=N-by-N cluster Verlet kernels
 RF=Reaction-Field  VdW=Van der Waals  QSTab=quadratic-spline table
 W3=SPC/TIP3p  W4=TIP4p (single or pairs)
 V&F=Potential and force  V=Potential only  F=Force only

 Computing:                               M-Number         M-Flops  % Flops
-----------------------------------------------------------------------------
 Pair Search distance check           15166.881544      136501.934     0.2
 NxN Ewald Elec. + LJ [F]            541463.479056    35736589.618    52.0
 NxN Ewald Elec. + LJ [V&F]            5480.516496      586415.265     0.9
 NxN Ewald Elec. [F]                 480507.470480    29310955.699    42.7
 NxN Ewald Elec. [V&F]                 4863.794384      408558.728     0.6
 1,4 nonbonded interactions             255.305106       22977.460     0.0
 Calc Weights                          5081.501628      182934.059     0.3
 Spread Q Bspline                    108405.368064      216810.736     0.3
 Gather F Bspline                    108405.368064      650432.208     0.9
 3D-FFT                              139519.590336     1116156.723     1.6
 Solve PME                              290.405808       18585.972     0.0
 Reset In Box                            33.842124         101.526     0.0
 CG-CoM                                  33.943752         101.831     0.0
 Bonds                                   51.251025        3023.810     0.0
 Angles                                 177.353547       29795.396     0.0
 Propers                                 21.300426        4877.798     0.0
 RB-Dihedrals                           197.503950       48783.476     0.1
 Pos. Restr.                             50.051001        2502.550     0.0
 Virial                                  17.783496         320.103     0.0
 Stop-CM                                 17.005752         170.058     0.0
 Calc-Ekin                              338.827752        9148.349     0.0
 Lincs                                   47.952877        2877.173     0.0
 Lincs-Mat                              238.814328         955.257     0.0
 Constraint-V                          1691.367652       13530.941     0.0
 Constraint-Vir                          16.466367         395.193     0.0
 Settle                                 531.831908      171781.706     0.3
-----------------------------------------------------------------------------
 Total                                                68675283.569   100.0
-----------------------------------------------------------------------------


    D O M A I N   D E C O M P O S I T I O N   S T A T I S T I C S

 av. #atoms communicated per step for force:  2 x 90333.6


Dynamic load balancing report:
 DLB got disabled because it was unsuitable to use.
 Average load imbalance: 5.6%.
 The balanceable part of the MD step is 77%, load imbalance is computed from this.
 Part of the total run time spent waiting due to load imbalance: 4.3%.
 Average PME mesh/force load: 0.990
 Part of the total run time spent waiting due to PP/PME imbalance: 0.2 %


     R E A L   C Y C L E   A N D   T I M E   A C C O U N T I N G

On 36 MPI ranks doing PP, and
on 12 MPI ranks doing PME

 Computing:          Num   Num      Call    Wall time         Giga-Cycles
                     Ranks Threads  Count      (s)         total sum    %
-----------------------------------------------------------------------------
 Domain decomp.        36    1       1001       0.857         89.206   1.6
 DD comm. load         36    1        678       0.006          0.628   0.0
 DD comm. bounds       36    1        640       0.030          3.075   0.1
 Send X to PME         36    1      50001       1.770        184.301   3.2
 Neighbor search       36    1       1001       2.046        213.059   3.7
 Comm. coord.          36    1      49000       3.119        324.760   5.7
 Force                 36    1      50001      24.727       2574.533  45.3
 Wait + Comm. F        36    1      50001       3.844        400.274   7.0
 PME mesh *            12    1      50001      29.649       1029.002  18.1
 PME wait for PP *                             10.948        379.949   6.7
 Wait + Recv. PME F    36    1      50001       0.864         89.985   1.6
 NB X/F buffer ops.    36    1     148001       0.946         98.448   1.7
 Write traj.           36    1        101       0.042          4.346   0.1
 Update                36    1      50001       0.181         18.874   0.3
 Constraints           36    1      50003       0.578         60.171   1.1
 Comm. energies        36    1       5001       1.896        197.424   3.5
 Rest                                           0.054          5.648   0.1
-----------------------------------------------------------------------------
 Total                                         40.960       5686.308 100.0
-----------------------------------------------------------------------------
(*) Note that with separate PME ranks, the walltime column actually sums to
    twice the total reported, but the cycle count total and % are correct.
-----------------------------------------------------------------------------
 Breakdown of PME mesh computation
-----------------------------------------------------------------------------
 PME redist. X/F       12    1     100002       7.345        254.903   4.5
 PME spread            12    1      50001       7.574        262.850   4.6
 PME gather            12    1      50001       6.355        220.546   3.9
 PME 3D-FFT            12    1     100002       5.798        201.212   3.5
 PME 3D-FFT Comm.      12    1     200004       2.180         75.649   1.3
 PME solve Elec        12    1      50001       0.353         12.241   0.2
-----------------------------------------------------------------------------

               Core t (s)   Wall t (s)        (%)
       Time:     1965.383       40.960     4798.3
                 (ns/day)    (hour/ns)
Performance:      210.941        0.114
Finished mdrun on rank 0 Wed Oct 12 16:05:55 2022

